2003.08.14 14:23 B K:\asda\Icones\Ajuda.gif <-- lasdix /home/thais/asda/Icones Ajuda.gif
2003.08.14 14:23 B K:\asda\Icones\Apagar.gif <-- lasdix /home/thais/asda/Icones Apagar.gif
2003.08.14 14:23 B K:\asda\Icones\CentrodeServico.gif <-- lasdix /home/thais/asda/Icones CentrodeServico.gif
2003.08.14 14:23 B K:\asda\Icones\CentrodeServico16.gif <-- lasdix /home/thais/asda/Icones CentrodeServico16.gif
2003.08.14 14:23 B K:\asda\Icones\Copy.gif <-- lasdix /home/thais/asda/Icones Copy.gif
2003.08.14 14:23 B K:\asda\Icones\Copy24.gif <-- lasdix /home/thais/asda/Icones Copy24.gif
2003.08.14 14:23 B K:\asda\Icones\Copy2432.gif <-- lasdix /home/thais/asda/Icones Copy2432.gif
2003.08.14 14:23 B K:\asda\Icones\Copy32.gif <-- lasdix /home/thais/asda/Icones Copy32.gif
2003.08.14 14:23 B K:\asda\Icones\Cortar2.gif <-- lasdix /home/thais/asda/Icones Cortar2.gif
2003.08.14 14:23 B K:\asda\Icones\Cut.gif <-- lasdix /home/thais/asda/Icones Cut.gif
2003.08.14 14:23 B K:\asda\Icones\Cut3gif <-- lasdix /home/thais/asda/Icones Cut3gif
2003.08.14 14:23 B K:\asda\Icones\Fonte.24ico.ico <-- lasdix /home/thais/asda/Icones Fonte.24ico.ico
2003.08.14 14:23 B K:\asda\Icones\Fonte.gif <-- lasdix /home/thais/asda/Icones Fonte.gif
2003.08.14 14:23 B K:\asda\Icones\Fonte16.gif <-- lasdix /home/thais/asda/Icones Fonte16.gif
2003.08.14 14:23 B K:\asda\Icones\Fonte24.gif <-- lasdix /home/thais/asda/Icones Fonte24.gif
2003.08.14 14:23 B K:\asda\Icones\Impressora.gif <-- lasdix /home/thais/asda/Icones Impressora.gif
2003.08.14 14:23 B K:\asda\Icones\Ligacao.gif <-- lasdix /home/thais/asda/Icones Ligacao.gif
2003.08.14 14:23 B K:\asda\Icones\MenuPrincipal.java <-- lasdix /home/thais/asda/Icones MenuPrincipal.java
2003.08.14 14:23 B K:\asda\Icones\New.gif <-- lasdix /home/thais/asda/Icones New.gif
2003.08.14 14:23 B K:\asda\Icones\Open.gif <-- lasdix /home/thais/asda/Icones Open.gif
2003.08.14 14:23 B K:\asda\Icones\Paste.gif <-- lasdix /home/thais/asda/Icones Paste.gif
2003.08.14 14:23 B K:\asda\Icones\Paste1.gif <-- lasdix /home/thais/asda/Icones Paste1.gif
2003.08.14 14:23 B K:\asda\Icones\Paste32.gif <-- lasdix /home/thais/asda/Icones Paste32.gif
2003.08.14 14:23 B K:\asda\Icones\Paste3232.gif <-- lasdix /home/thais/asda/Icones Paste3232.gif
2003.08.14 14:23 B K:\asda\Icones\Ramificacao.gif <-- lasdix /home/thais/asda/Icones Ramificacao.gif
2003.08.14 14:23 B K:\asda\Icones\Salvar.gif <-- lasdix /home/thais/asda/Icones Salvar.gif
2003.08.14 14:23 B K:\asda\Icones\Save.gif <-- lasdix /home/thais/asda/Icones Save.gif
2003.08.14 14:23 B K:\asda\Icones\Sorvedouro.gif <-- lasdix /home/thais/asda/Icones Sorvedouro.gif
2003.08.27 16:48 B C:\asda\Icones\WS_FTP.LOG --> 143.107.232.194 /home/thais/asda/Icones WS_FTP.LOG
