0.010000 1.009900
0.020000 1.019701
0.030000 1.029404
0.040000 1.039010
0.050000 1.048520
0.060000 1.057935
0.070000 1.067255
0.080000 1.076483
0.090000 1.085618
0.100000 1.094662
0.110000 1.103615
0.120000 1.112479
0.130000 1.121254
0.140000 1.129942
0.150000 1.138542
0.160000 1.147057
0.170000 1.155486
0.180000 1.163831
0.190000 1.172093
0.200000 1.180272
0.210000 1.188369
0.220000 1.196386
0.230000 1.204322
0.240000 1.212178
0.250000 1.219957
0.260000 1.227657
0.270000 1.235281
0.280000 1.242828
0.290000 1.250299
0.300000 1.257696
0.310000 1.265019
0.320000 1.272269
0.330000 1.279447
0.340000 1.286552
0.350000 1.293587
0.360000 1.300551
0.370000 1.307445
0.380000 1.314271
0.390000 1.321028
0.400000 1.327718
0.410000 1.334340
0.420000 1.340897
0.430000 1.347388
0.440000 1.353814
0.450000 1.360176
0.460000 1.366474
0.470000 1.372710
0.480000 1.378882
0.490000 1.384994
0.500000 1.391044
0.510000 1.397033
0.520000 1.402963
0.530000 1.408833
0.540000 1.414645
0.550000 1.420398
0.560000 1.426095
0.570000 1.431734
0.580000 1.437316
0.590000 1.442843
0.600000 1.448315
0.610000 1.453732
0.620000 1.459094
0.630000 1.464403
0.640000 1.469659
0.650000 1.474863
0.660000 1.480014
0.670000 1.485114
0.680000 1.490163
0.690000 1.495161
0.700000 1.500109
0.710000 1.505008
0.720000 1.509858
0.730000 1.514660
0.740000 1.519413
0.750000 1.524119
0.760000 1.528778
0.770000 1.533390
0.780000 1.537956
0.790000 1.542476
0.800000 1.546952
0.810000 1.551382
0.820000 1.555768
0.830000 1.560111
0.839999 1.564410
0.849999 1.568666
0.859999 1.572879
0.869999 1.577050
0.879999 1.581180
0.889999 1.585268
0.899999 1.589315
0.909999 1.593322
0.919999 1.597289
0.929999 1.601216
0.939999 1.605104
0.949999 1.608953
0.959999 1.612763
0.969999 1.616536
0.979999 1.620270
0.989999 1.623967
0.999999 1.627628
1.009999 1.631251
1.019999 1.634839
1.029999 1.638391
1.039999 1.641907
1.049999 1.645388
1.059999 1.648834
1.069999 1.652245
1.079999 1.655623
1.089999 1.658967
1.099999 1.662277
1.109999 1.665554
1.119999 1.668799
1.129999 1.672011
1.139999 1.675190
1.149999 1.678339
1.159999 1.681455
1.169999 1.684541
1.179999 1.687595
1.189999 1.690619
1.199999 1.693613
1.209999 1.696577
1.219999 1.699511
1.229999 1.702416
1.239999 1.705292
1.249999 1.708139
1.259999 1.710958
1.269999 1.713748
1.279999 1.716511
1.289999 1.719246
1.299999 1.721953
1.309999 1.724634
1.319999 1.727287
1.329999 1.729914
1.339999 1.732515
1.349999 1.735090
1.359999 1.737639
1.369999 1.740163
1.379999 1.742661
1.389999 1.745135
1.399999 1.747583
1.409999 1.750007
1.419999 1.752407
1.429999 1.754783
1.439999 1.757135
1.449999 1.759464
1.459999 1.761769
1.469999 1.764052
1.479999 1.766311
1.489999 1.768548
1.499999 1.770763
1.509999 1.772955
1.519999 1.775125
1.529999 1.777274
1.539999 1.779401
1.549999 1.781507
1.559999 1.783592
1.569999 1.785656
1.579999 1.787700
1.589999 1.789723
1.599999 1.791726
1.609999 1.793708
1.619999 1.795671
1.629999 1.797614
1.639999 1.799538
1.649999 1.801443
1.659999 1.803328
1.669999 1.805195
1.679999 1.807043
1.689999 1.808873
1.699999 1.810684
1.709999 1.812477
1.719999 1.814252
1.729999 1.816010
1.739999 1.817750
1.749999 1.819472
1.759999 1.821178
1.769999 1.822866
1.779999 1.824537
1.789999 1.826192
1.799999 1.827830
1.809999 1.829452
1.819999 1.831057
1.829999 1.832646
1.839999 1.834220
1.849999 1.835778
1.859999 1.837320
1.869999 1.838847
1.879999 1.840358
1.889999 1.841855
1.899999 1.843336
1.909999 1.844803
1.919999 1.846255
1.929999 1.847692
1.939999 1.849115
1.949998 1.850524
1.959998 1.851919
1.969998 1.853300
1.979998 1.854667
1.989998 1.856020
1.999998 1.857360
2.009999 1.858686
2.019999 1.860000
2.029999 1.861300
2.039999 1.862586
2.049999 1.863861
2.059999 1.865122
2.069999 1.866371
2.079998 1.867607
2.089998 1.868831
2.099998 1.870043
2.109998 1.871242
2.119998 1.872430
2.129998 1.873605
2.139998 1.874769
2.149998 1.875922
2.159998 1.877063
2.169998 1.878192
2.179998 1.879310
2.189998 1.880417
2.199998 1.881513
2.209998 1.882598
2.219998 1.883672
2.229998 1.884735
2.239998 1.885787
2.249998 1.886830
2.259998 1.887861
2.269998 1.888883
2.279998 1.889894
2.289998 1.890895
2.299998 1.891886
2.309998 1.892867
2.319998 1.893838
2.329998 1.894800
2.339998 1.895752
2.349998 1.896695
2.359998 1.897628
2.369998 1.898551
2.379998 1.899466
2.389998 1.900371
2.399998 1.901268
2.409998 1.902155
2.419998 1.903033
2.429998 1.903903
2.439998 1.904764
2.449998 1.905616
2.459998 1.906460
2.469998 1.907295
2.479998 1.908123
2.489998 1.908941
2.499998 1.909752
2.509998 1.910554
2.519998 1.911349
2.529998 1.912135
2.539998 1.912914
2.549998 1.913685
2.559998 1.914448
2.569998 1.915204
2.579998 1.915951
2.589998 1.916692
2.599998 1.917425
2.609998 1.918151
2.619998 1.918869
2.629998 1.919581
2.639998 1.920285
2.649998 1.920982
2.659998 1.921672
2.669998 1.922356
2.679998 1.923032
2.689998 1.923702
2.699998 1.924365
2.709998 1.925021
2.719998 1.925671
2.729998 1.926314
2.739998 1.926951
2.749998 1.927581
2.759998 1.928206
2.769998 1.928824
2.779998 1.929435
2.789998 1.930041
2.799998 1.930641
2.809998 1.931234
2.819998 1.931822
2.829998 1.932404
2.839998 1.932980
2.849998 1.933550
2.859998 1.934114
2.869998 1.934673
2.879998 1.935226
2.889998 1.935774
2.899998 1.936316
2.909998 1.936853
2.919998 1.937385
2.929998 1.937911
2.939998 1.938432
2.949998 1.938948
2.959998 1.939458
2.969998 1.939964
2.979998 1.940464
2.989998 1.940959
2.999998 1.941450
3.009998 1.941935
3.019998 1.942416
3.029998 1.942892
3.039998 1.943363
3.049998 1.943829
3.059998 1.944291
3.069998 1.944748
3.079998 1.945200
3.089998 1.945648
3.099998 1.946092
3.109998 1.946531
3.119998 1.946966
3.129997 1.947396
3.139997 1.947822
3.149997 1.948244
3.159997 1.948661
3.169997 1.949075
3.179997 1.949484
3.189997 1.949889
3.199997 1.950290
3.209997 1.950687
3.219997 1.951081
3.229997 1.951470
3.239997 1.951855
3.249997 1.952237
3.259997 1.952614
3.269997 1.952988
3.279997 1.953358
3.289997 1.953725
3.299997 1.954087
3.309997 1.954447
3.319997 1.954802
3.329997 1.955154
3.339997 1.955503
3.349997 1.955848
3.359997 1.956189
3.369997 1.956527
3.379997 1.956862
3.389997 1.957193
3.399997 1.957521
3.409997 1.957846
3.419997 1.958168
3.429997 1.958486
3.439997 1.958801
3.449997 1.959113
3.459997 1.959422
3.469997 1.959728
3.479997 1.960030
3.489997 1.960330
3.499997 1.960627
3.509997 1.960921
3.519997 1.961211
3.529997 1.961499
3.539997 1.961784
3.549997 1.962066
3.559997 1.962346
3.569997 1.962622
3.579997 1.962896
3.589997 1.963167
3.599997 1.963436
3.609997 1.963701
3.619997 1.963964
3.629997 1.964224
3.639997 1.964482
3.649997 1.964737
3.659997 1.964990
3.669997 1.965240
3.679997 1.965488
3.689997 1.965733
3.699997 1.965976
3.709997 1.966216
3.719997 1.966454
3.729997 1.966689
3.739997 1.966922
3.749997 1.967153
3.759997 1.967381
3.769997 1.967607
3.779997 1.967831
3.789997 1.968053
3.799997 1.968273
3.809997 1.968490
3.819997 1.968705
3.829997 1.968918
3.839997 1.969129
3.849997 1.969337
3.859997 1.969544
3.869997 1.969748
3.879997 1.969951
3.889997 1.970152
3.899997 1.970350
3.909997 1.970546
3.919997 1.970741
3.929997 1.970934
3.939997 1.971124
3.949997 1.971313
3.959997 1.971500
3.969997 1.971685
3.979997 1.971868
3.989997 1.972049
3.999997 1.972229
4.009997 1.972407
4.019997 1.972583
4.029997 1.972757
4.039998 1.972929
4.049998 1.973100
4.059998 1.973269
4.069998 1.973436
4.079998 1.973602
4.089999 1.973766
4.099999 1.973928
4.109999 1.974089
4.119999 1.974248
4.130000 1.974406
4.140000 1.974561
4.150000 1.974716
4.160000 1.974869
4.170001 1.975020
4.180001 1.975170
4.190001 1.975318
4.200001 1.975465
4.210001 1.975610
4.220002 1.975754
4.230002 1.975897
4.240002 1.976038
4.250002 1.976177
4.260003 1.976315
4.270003 1.976452
4.280003 1.976588
4.290003 1.976722
4.300004 1.976855
4.310004 1.976986
4.320004 1.977116
4.330004 1.977245
4.340004 1.977373
4.350005 1.977499
4.360005 1.977624
4.370005 1.977748
4.380005 1.977870
4.390006 1.977992
4.400006 1.978112
4.410006 1.978231
4.420006 1.978348
4.430007 1.978465
4.440007 1.978580
4.450007 1.978694
4.460007 1.978807
4.470007 1.978919
4.480008 1.979030
4.490008 1.979140
4.500008 1.979248
4.510008 1.979356
4.520009 1.979462
4.530009 1.979568
4.540009 1.979672
4.550009 1.979775
4.560009 1.979878
4.570010 1.979979
4.580010 1.980079
4.590010 1.980178
4.600010 1.980276
4.610011 1.980374
4.620011 1.980470
4.630011 1.980565
4.640011 1.980660
4.650012 1.980753
4.660012 1.980846
4.670012 1.980937
4.680012 1.981028
4.690012 1.981117
4.700013 1.981206
4.710013 1.981294
4.720013 1.981381
4.730013 1.981467
4.740014 1.981553
4.750014 1.981637
4.760014 1.981721
4.770014 1.981804
4.780015 1.981886
4.790015 1.981967
4.800015 1.982047
4.810015 1.982127
4.820015 1.982206
4.830016 1.982284
4.840016 1.982361
4.850016 1.982437
4.860016 1.982513
4.870017 1.982588
4.880017 1.982662
4.890017 1.982735
4.900017 1.982808
4.910017 1.982880
4.920018 1.982951
4.930018 1.983021
4.940018 1.983091
4.950018 1.983160
4.960019 1.983229
4.970019 1.983296
4.980019 1.983363
4.990019 1.983430
5.000020 1.983495
5.010020 1.983560
5.020020 1.983625
5.030020 1.983689
5.040020 1.983752
5.050021 1.983814
5.060021 1.983876
5.070021 1.983937
5.080021 1.983998
5.090022 1.984058
5.100022 1.984117
5.110022 1.984176
5.120022 1.984234
5.130023 1.984292
5.140023 1.984349
5.150023 1.984406
5.160023 1.984462
5.170023 1.984517
5.180024 1.984572
5.190024 1.984626
5.200024 1.984680
5.210024 1.984733
5.220025 1.984786
5.230025 1.984838
5.240025 1.984890
5.250025 1.984941
5.260026 1.984991
5.270026 1.985041
5.280026 1.985091
5.290026 1.985140
5.300026 1.985189
5.310027 1.985237
5.320027 1.985284
5.330027 1.985332
5.340027 1.985378
5.350028 1.985425
5.360028 1.985470
5.370028 1.985516
5.380028 1.985561
5.390028 1.985605
5.400029 1.985649
5.410029 1.985692
5.420029 1.985735
5.430029 1.985778
5.440030 1.985820
5.450030 1.985862
5.460030 1.985904
5.470030 1.985945
5.480031 1.985985
5.490031 1.986025
5.500031 1.986065
5.510031 1.986104
5.520031 1.986143
5.530032 1.986182
5.540032 1.986220
5.550032 1.986258
5.560032 1.986295
5.570033 1.986332
5.580033 1.986369
5.590033 1.986405
5.600033 1.986441
5.610034 1.986477
5.620034 1.986512
5.630034 1.986547
5.640034 1.986582
5.650034 1.986616
5.660035 1.986650
5.670035 1.986683
5.680035 1.986717
5.690035 1.986749
5.700036 1.986782
5.710036 1.986814
5.720036 1.986846
5.730036 1.986877
5.740036 1.986909
5.750037 1.986940
5.760037 1.986970
5.770037 1.987000
5.780037 1.987031
5.790038 1.987060
5.800038 1.987090
5.810038 1.987119
5.820038 1.987148
5.830039 1.987176
5.840039 1.987204
5.850039 1.987232
5.860039 1.987260
5.870039 1.987287
5.880040 1.987315
5.890040 1.987341
5.900040 1.987368
5.910040 1.987394
5.920041 1.987420
5.930041 1.987446
5.940041 1.987472
5.950041 1.987497
5.960042 1.987522
5.970042 1.987547
5.980042 1.987571
5.990042 1.987596
6.000042 1.987620
6.010043 1.987644
6.020043 1.987667
6.030043 1.987691
6.040043 1.987714
6.050044 1.987737
6.060044 1.987759
6.070044 1.987782
6.080044 1.987804
6.090044 1.987826
6.100045 1.987847
6.110045 1.987869
6.120045 1.987890
6.130045 1.987911
6.140046 1.987932
6.150046 1.987953
6.160046 1.987974
6.170046 1.987994
6.180047 1.988014
6.190047 1.988034
6.200047 1.988053
6.210047 1.988073
6.220047 1.988092
6.230048 1.988111
6.240048 1.988130
6.250048 1.988149
6.260048 1.988167
6.270049 1.988186
6.280049 1.988204
6.290049 1.988222
6.300049 1.988240
6.310050 1.988257
6.320050 1.988275
6.330050 1.988292
6.340050 1.988309
6.350050 1.988326
6.360051 1.988343
6.370051 1.988359
6.380051 1.988376
6.390051 1.988392
6.400052 1.988408
6.410052 1.988424
6.420052 1.988440
6.430052 1.988455
6.440053 1.988471
6.450053 1.988486
6.460053 1.988501
6.470053 1.988516
6.480053 1.988531
6.490054 1.988546
6.500054 1.988560
6.510054 1.988575
6.520054 1.988589
6.530055 1.988603
6.540055 1.988617
6.550055 1.988631
6.560055 1.988645
6.570055 1.988658
6.580056 1.988672
6.590056 1.988685
6.600056 1.988698
6.610056 1.988711
6.620057 1.988724
6.630057 1.988737
6.640057 1.988749
6.650057 1.988762
6.660058 1.988774
6.670058 1.988787
6.680058 1.988799
6.690058 1.988811
6.700058 1.988823
6.710059 1.988835
6.720059 1.988846
6.730059 1.988858
6.740059 1.988869
6.750060 1.988881
6.760060 1.988892
6.770060 1.988903
6.780060 1.988914
6.790061 1.988925
6.800061 1.988935
6.810061 1.988946
6.820061 1.988956
6.830061 1.988967
6.840062 1.988977
6.850062 1.988988
6.860062 1.988998
6.870062 1.989008
6.880063 1.989018
6.890063 1.989027
6.900063 1.989037
6.910063 1.989047
6.920063 1.989056
6.930064 1.989066
6.940064 1.989075
6.950064 1.989084
6.960064 1.989094
6.970065 1.989103
6.980065 1.989112
6.990065 1.989120
7.000065 1.989129
7.010066 1.989138
7.020066 1.989147
7.030066 1.989155
7.040066 1.989164
7.050066 1.989172
7.060067 1.989180
7.070067 1.989189
7.080067 1.989197
7.090067 1.989205
7.100068 1.989213
7.110068 1.989220
7.120068 1.989228
7.130068 1.989236
7.140069 1.989244
7.150069 1.989251
7.160069 1.989259
7.170069 1.989266
7.180069 1.989274
7.190070 1.989281
7.200070 1.989288
7.210070 1.989295
7.220070 1.989302
7.230071 1.989309
7.240071 1.989316
7.250071 1.989323
7.260071 1.989330
7.270072 1.989336
7.280072 1.989343
7.290072 1.989350
7.300072 1.989356
7.310072 1.989363
7.320073 1.989369
7.330073 1.989375
7.340073 1.989382
7.350073 1.989388
7.360074 1.989394
7.370074 1.989400
7.380074 1.989406
7.390074 1.989412
7.400074 1.989418
7.410075 1.989424
7.420075 1.989429
7.430075 1.989435
7.440075 1.989441
7.450076 1.989446
7.460076 1.989452
7.470076 1.989457
7.480076 1.989463
7.490077 1.989468
7.500077 1.989473
7.510077 1.989479
7.520077 1.989484
7.530077 1.989489
7.540078 1.989494
7.550078 1.989499
7.560078 1.989504
7.570078 1.989509
7.580079 1.989514
7.590079 1.989519
7.600079 1.989524
7.610079 1.989529
7.620080 1.989533
7.630080 1.989538
7.640080 1.989543
7.650080 1.989547
7.660080 1.989552
7.670081 1.989556
7.680081 1.989561
7.690081 1.989565
7.700081 1.989569
7.710082 1.989574
7.720082 1.989578
7.730082 1.989582
7.740082 1.989586
7.750082 1.989591
7.760083 1.989595
7.770083 1.989599
7.780083 1.989603
7.790083 1.989607
7.800084 1.989611
7.810084 1.989614
7.820084 1.989618
7.830084 1.989622
7.840085 1.989626
7.850085 1.989630
7.860085 1.989633
7.870085 1.989637
7.880085 1.989641
7.890086 1.989644
7.900086 1.989648
7.910086 1.989651
7.920086 1.989655
7.930087 1.989658
7.940087 1.989662
7.950087 1.989665
7.960087 1.989668
7.970088 1.989672
7.980088 1.989675
7.990088 1.989678
8.000088 1.989681
8.010088 1.989685
8.020088 1.989688
8.030088 1.989691
8.040089 1.989694
8.050089 1.989697
8.060089 1.989700
8.070089 1.989703
8.080090 1.989706
8.090090 1.989709
8.100090 1.989712
8.110090 1.989715
8.120090 1.989718
8.130091 1.989720
8.140091 1.989723
8.150091 1.989726
8.160091 1.989729
8.170092 1.989731
8.180092 1.989734
8.190092 1.989737
8.200092 1.989739
8.210093 1.989742
8.220093 1.989745
8.230093 1.989747
8.240093 1.989750
8.250093 1.989752
8.260094 1.989755
8.270094 1.989757
8.280094 1.989760
8.290094 1.989762
8.300095 1.989764
8.310095 1.989767
8.320095 1.989769
8.330095 1.989771
8.340096 1.989774
8.350096 1.989776
8.360096 1.989778
8.370096 1.989780
8.380096 1.989783
8.390097 1.989785
8.400097 1.989787
8.410097 1.989789
8.420097 1.989791
8.430098 1.989793
8.440098 1.989795
8.450098 1.989797
8.460098 1.989799
8.470098 1.989801
8.480099 1.989803
8.490099 1.989805
8.500099 1.989807
8.510099 1.989809
8.520100 1.989811
8.530100 1.989813
8.540100 1.989815
8.550100 1.989817
8.560101 1.989819
8.570101 1.989820
8.580101 1.989822
8.590101 1.989824
8.600101 1.989826
8.610102 1.989828
8.620102 1.989829
8.630102 1.989831
8.640102 1.989833
8.650103 1.989834
8.660103 1.989836
8.670103 1.989838
8.680103 1.989839
8.690104 1.989841
8.700104 1.989843
8.710104 1.989844
8.720104 1.989846
8.730104 1.989847
8.740105 1.989849
8.750105 1.989850
8.760105 1.989852
8.770105 1.989853
8.780106 1.989855
8.790106 1.989856
8.800106 1.989858
8.810106 1.989859
8.820107 1.989860
8.830107 1.989862
8.840107 1.989863
8.850107 1.989865
8.860107 1.989866
8.870108 1.989867
8.880108 1.989869
8.890108 1.989870
8.900108 1.989871
8.910109 1.989873
8.920109 1.989874
8.930109 1.989875
8.940109 1.989877
8.950109 1.989878
8.960110 1.989879
8.970110 1.989880
8.980110 1.989881
8.990110 1.989882
9.000111 1.989884
9.010111 1.989885
9.020111 1.989886
9.030111 1.989887
9.040112 1.989888
9.050112 1.989890
9.060112 1.989891
9.070112 1.989892
9.080112 1.989893
9.090113 1.989894
9.100113 1.989895
9.110113 1.989896
9.120113 1.989897
9.130114 1.989898
9.140114 1.989899
9.150114 1.989900
9.160114 1.989901
9.170115 1.989902
9.180115 1.989903
9.190115 1.989904
9.200115 1.989905
9.210115 1.989906
9.220116 1.989907
9.230116 1.989908
9.240116 1.989909
9.250116 1.989910
9.260117 1.989911
9.270117 1.989912
9.280117 1.989913
9.290117 1.989913
9.300117 1.989914
9.310118 1.989915
9.320118 1.989916
9.330118 1.989917
9.340118 1.989918
9.350119 1.989918
9.360119 1.989919
9.370119 1.989920
9.380119 1.989921
9.390120 1.989922
9.400120 1.989923
9.410120 1.989923
9.420120 1.989924
9.430120 1.989925
9.440121 1.989926
9.450121 1.989926
9.460121 1.989927
9.470121 1.989928
9.480122 1.989928
9.490122 1.989929
9.500122 1.989930
9.510122 1.989931
9.520123 1.989931
9.530123 1.989932
9.540123 1.989933
9.550123 1.989933
9.560123 1.989934
9.570124 1.989935
9.580124 1.989936
9.590124 1.989936
9.600124 1.989937
9.610125 1.989937
9.620125 1.989938
9.630125 1.989938
9.640125 1.989939
9.650126 1.989940
9.660126 1.989940
9.670126 1.989941
9.680126 1.989941
9.690126 1.989942
9.700127 1.989943
9.710127 1.989943
9.720127 1.989944
9.730127 1.989944
9.740128 1.989945
9.750128 1.989946
9.760128 1.989946
9.770128 1.989947
9.780128 1.989947
9.790129 1.989948
9.800129 1.989948
9.810129 1.989949
9.820129 1.989949
9.830130 1.989950
9.840130 1.989950
9.850130 1.989951
9.860130 1.989951
9.870131 1.989952
9.880131 1.989952
9.890131 1.989953
9.900131 1.989953
9.910131 1.989954
9.920132 1.989954
9.930132 1.989955
9.940132 1.989955
9.950132 1.989956
9.960133 1.989956
9.970133 1.989956
9.980133 1.989957
9.990133 1.989957
10.000134 1.989958
10.010134 1.989958
10.020134 1.989959
10.030134 1.989959
10.040134 1.989960
10.050135 1.989960
10.060135 1.989960
10.070135 1.989961
10.080135 1.989961
10.090136 1.989962
10.100136 1.989962
10.110136 1.989962
10.120136 1.989963
10.130136 1.989963
10.140137 1.989963
10.150137 1.989964
10.160137 1.989964
10.170137 1.989964
10.180138 1.989965
10.190138 1.989965
10.200138 1.989965
10.210138 1.989966
10.220139 1.989966
10.230139 1.989967
10.240139 1.989967
10.250139 1.989967
10.260139 1.989968
10.270140 1.989968
10.280140 1.989968
10.290140 1.989969
10.300140 1.989969
10.310141 1.989969
10.320141 1.989970
10.330141 1.989970
10.340141 1.989970
10.350142 1.989971
10.360142 1.989971
10.370142 1.989971
10.380142 1.989972
10.390142 1.989972
10.400143 1.989972
10.410143 1.989972
10.420143 1.989973
10.430143 1.989973
10.440144 1.989973
10.450144 1.989973
10.460144 1.989974
10.470144 1.989974
10.480145 1.989974
10.490145 1.989974
10.500145 1.989974
10.510145 1.989975
10.520145 1.989975
10.530146 1.989975
10.540146 1.989975
10.550146 1.989976
10.560146 1.989976
10.570147 1.989976
10.580147 1.989976
10.590147 1.989977
10.600147 1.989977
10.610147 1.989977
10.620148 1.989977
10.630148 1.989978
10.640148 1.989978
10.650148 1.989978
10.660149 1.989978
10.670149 1.989979
10.680149 1.989979
10.690149 1.989979
10.700150 1.989979
10.710150 1.989980
10.720150 1.989980
10.730150 1.989980
10.740150 1.989980
10.750151 1.989980
10.760151 1.989981
10.770151 1.989981
10.780151 1.989981
10.790152 1.989981
10.800152 1.989982
10.810152 1.989982
10.820152 1.989982
10.830153 1.989982
10.840153 1.989983
10.850153 1.989983
10.860153 1.989983
10.870153 1.989983
10.880154 1.989983
10.890154 1.989984
10.900154 1.989984
10.910154 1.989984
10.920155 1.989984
10.930155 1.989984
10.940155 1.989984
10.950155 1.989984
10.960155 1.989984
10.970156 1.989985
10.980156 1.989985
10.990156 1.989985
11.000156 1.989985
11.010157 1.989985
11.020157 1.989985
11.030157 1.989985
11.040157 1.989985
11.050158 1.989985
11.060158 1.989986
11.070158 1.989986
11.080158 1.989986
11.090158 1.989986
11.100159 1.989986
11.110159 1.989986
11.120159 1.989986
11.130159 1.989986
11.140160 1.989987
11.150160 1.989987
11.160160 1.989987
11.170160 1.989987
11.180161 1.989987
11.190161 1.989987
11.200161 1.989987
11.210161 1.989987
11.220161 1.989987
11.230162 1.989988
11.240162 1.989988
11.250162 1.989988
11.260162 1.989988
11.270163 1.989988
11.280163 1.989988
11.290163 1.989988
11.300163 1.989988
11.310163 1.989989
11.320164 1.989989
11.330164 1.989989
11.340164 1.989989
11.350164 1.989989
11.360165 1.989989
11.370165 1.989989
11.380165 1.989989
11.390165 1.989990
11.400166 1.989990
11.410166 1.989990
11.420166 1.989990
11.430166 1.989990
11.440166 1.989990
11.450167 1.989990
11.460167 1.989990
11.470167 1.989990
11.480167 1.989991
11.490168 1.989991
11.500168 1.989991
11.510168 1.989991
11.520168 1.989991
11.530169 1.989991
11.540169 1.989991
11.550169 1.989991
11.560169 1.989992
11.570169 1.989992
11.580170 1.989992
11.590170 1.989992
11.600170 1.989992
11.610170 1.989992
11.620171 1.989992
11.630171 1.989992
11.640171 1.989992
11.650171 1.989993
11.660172 1.989993
11.670172 1.989993
11.680172 1.989993
11.690172 1.989993
11.700172 1.989993
11.710173 1.989993
11.720173 1.989993
11.730173 1.989994
11.740173 1.989994
11.750174 1.989994
11.760174 1.989994
11.770174 1.989994
11.780174 1.989994
11.790174 1.989994
11.800175 1.989994
11.810175 1.989995
11.820175 1.989995
11.830175 1.989995
11.840176 1.989995
11.850176 1.989995
11.860176 1.989995
11.870176 1.989995
11.880177 1.989995
11.890177 1.989995
11.900177 1.989996
11.910177 1.989996
11.920177 1.989996
11.930178 1.989996
11.940178 1.989996
11.950178 1.989996
11.960178 1.989996
11.970179 1.989996
11.980179 1.989996
11.990179 1.989996
12.000179 1.989996
12.010180 1.989996
12.020180 1.989996
12.030180 1.989996
12.040180 1.989996
12.050180 1.989996
12.060181 1.989996
12.070181 1.989996
12.080181 1.989996
12.090181 1.989996
12.100182 1.989996
12.110182 1.989996
12.120182 1.989996
12.130182 1.989996
12.140182 1.989996
12.150183 1.989996
12.160183 1.989996
12.170183 1.989996
12.180183 1.989996
12.190184 1.989996
12.200184 1.989996
12.210184 1.989996
12.220184 1.989996
12.230185 1.989996
12.240185 1.989996
12.250185 1.989996
12.260185 1.989996
12.270185 1.989996
12.280186 1.989996
12.290186 1.989996
12.300186 1.989996
12.310186 1.989996
12.320187 1.989996
12.330187 1.989996
12.340187 1.989996
12.350187 1.989996
12.360188 1.989996
12.370188 1.989996
12.380188 1.989996
12.390188 1.989996
12.400188 1.989996
12.410189 1.989996
12.420189 1.989996
12.430189 1.989996
12.440189 1.989996
12.450190 1.989996
12.460190 1.989996
12.470190 1.989996
12.480190 1.989996
12.490191 1.989996
12.500191 1.989996
12.510191 1.989996
12.520191 1.989996
12.530191 1.989996
12.540192 1.989996
12.550192 1.989996
12.560192 1.989996
12.570192 1.989996
12.580193 1.989996
12.590193 1.989996
12.600193 1.989996
12.610193 1.989996
12.620193 1.989996
12.630194 1.989996
12.640194 1.989996
12.650194 1.989996
12.660194 1.989996
12.670195 1.989996
12.680195 1.989996
12.690195 1.989996
12.700195 1.989996
12.710196 1.989996
12.720196 1.989996
12.730196 1.989996
12.740196 1.989996
12.750196 1.989996
12.760197 1.989996
12.770197 1.989996
12.780197 1.989996
12.790197 1.989996
12.800198 1.989996
12.810198 1.989996
12.820198 1.989996
12.830198 1.989996
12.840199 1.989996
12.850199 1.989996
12.860199 1.989996
12.870199 1.989996
12.880199 1.989996
12.890200 1.989996
12.900200 1.989996
12.910200 1.989996
12.920200 1.989996
12.930201 1.989996
12.940201 1.989996
12.950201 1.989996
12.960201 1.989996
12.970201 1.989996
12.980202 1.989996
12.990202 1.989996
13.000202 1.989996
13.010202 1.989996
13.020203 1.989996
13.030203 1.989996
13.040203 1.989996
13.050203 1.989996
13.060204 1.989996
13.070204 1.989996
13.080204 1.989996
13.090204 1.989996
13.100204 1.989996
13.110205 1.989996
13.120205 1.989996
13.130205 1.989996
13.140205 1.989996
13.150206 1.989996
13.160206 1.989996
13.170206 1.989996
13.180206 1.989996
13.190207 1.989996
13.200207 1.989996
13.210207 1.989996
13.220207 1.989996
13.230207 1.989996
13.240208 1.989996
13.250208 1.989996
13.260208 1.989996
13.270208 1.989996
13.280209 1.989996
13.290209 1.989996
13.300209 1.989996
13.310209 1.989996
13.320210 1.989996
13.330210 1.989996
13.340210 1.989996
13.350210 1.989996
13.360210 1.989996
13.370211 1.989996
13.380211 1.989996
13.390211 1.989996
13.400211 1.989996
13.410212 1.989996
13.420212 1.989996
13.430212 1.989996
13.440212 1.989996
13.450212 1.989996
13.460213 1.989996
13.470213 1.989996
13.480213 1.989996
13.490213 1.989996
13.500214 1.989996
13.510214 1.989996
13.520214 1.989996
13.530214 1.989996
13.540215 1.989996
13.550215 1.989996
13.560215 1.989996
13.570215 1.989996
13.580215 1.989996
13.590216 1.989996
13.600216 1.989996
13.610216 1.989996
13.620216 1.989996
13.630217 1.989996
13.640217 1.989996
13.650217 1.989996
13.660217 1.989996
13.670218 1.989996
13.680218 1.989996
13.690218 1.989996
13.700218 1.989996
13.710218 1.989996
13.720219 1.989996
13.730219 1.989996
13.740219 1.989996
13.750219 1.989996
13.760220 1.989996
13.770220 1.989996
13.780220 1.989996
13.790220 1.989996
13.800220 1.989996
13.810221 1.989996
13.820221 1.989996
13.830221 1.989996
13.840221 1.989996
13.850222 1.989996
13.860222 1.989996
13.870222 1.989996
13.880222 1.989996
13.890223 1.989996
13.900223 1.989996
13.910223 1.989996
13.920223 1.989996
13.930223 1.989996
13.940224 1.989996
13.950224 1.989996
13.960224 1.989996
13.970224 1.989996
13.980225 1.989996
13.990225 1.989996
14.000225 1.989996
14.010225 1.989996
14.020226 1.989996
14.030226 1.989996
14.040226 1.989996
14.050226 1.989996
14.060226 1.989996
14.070227 1.989996
14.080227 1.989996
14.090227 1.989996
14.100227 1.989996
14.110228 1.989996
14.120228 1.989996
14.130228 1.989996
14.140228 1.989996
14.150229 1.989996
14.160229 1.989996
14.170229 1.989996
14.180229 1.989996
14.190229 1.989996
14.200230 1.989996
14.210230 1.989996
14.220230 1.989996
14.230230 1.989996
14.240231 1.989996
14.250231 1.989996
14.260231 1.989996
14.270231 1.989996
14.280231 1.989996
14.290232 1.989996
14.300232 1.989996
14.310232 1.989996
14.320232 1.989996
14.330233 1.989996
14.340233 1.989996
14.350233 1.989996
14.360233 1.989996
14.370234 1.989996
14.380234 1.989996
14.390234 1.989996
14.400234 1.989996
14.410234 1.989996
14.420235 1.989996
14.430235 1.989996
14.440235 1.989996
14.450235 1.989996
14.460236 1.989996
14.470236 1.989996
14.480236 1.989996
14.490236 1.989996
14.500237 1.989996
14.510237 1.989996
14.520237 1.989996
14.530237 1.989996
14.540237 1.989996
14.550238 1.989996
14.560238 1.989996
14.570238 1.989996
14.580238 1.989996
14.590239 1.989996
14.600239 1.989996
14.610239 1.989996
14.620239 1.989996
14.630239 1.989996
14.640240 1.989996
14.650240 1.989996
14.660240 1.989996
14.670240 1.989996
14.680241 1.989996
14.690241 1.989996
14.700241 1.989996
14.710241 1.989996
14.720242 1.989996
14.730242 1.989996
14.740242 1.989996
14.750242 1.989996
14.760242 1.989996
14.770243 1.989996
14.780243 1.989996
14.790243 1.989996
14.800243 1.989996
14.810244 1.989996
14.820244 1.989996
14.830244 1.989996
14.840244 1.989996
14.850245 1.989996
14.860245 1.989996
14.870245 1.989996
14.880245 1.989996
14.890245 1.989996
14.900246 1.989996
14.910246 1.989996
14.920246 1.989996
14.930246 1.989996
14.940247 1.989996
14.950247 1.989996
14.960247 1.989996
14.970247 1.989996
14.980247 1.989996
14.990248 1.989996
15.000248 1.989996
15.010248 1.989996
15.020248 1.989996
15.030249 1.989996
15.040249 1.989996
15.050249 1.989996
15.060249 1.989996
15.070250 1.989996
15.080250 1.989996
15.090250 1.989996
15.100250 1.989996
15.110250 1.989996
15.120251 1.989996
15.130251 1.989996
15.140251 1.989996
15.150251 1.989996
15.160252 1.989996
15.170252 1.989996
15.180252 1.989996
15.190252 1.989996
15.200253 1.989996
15.210253 1.989996
15.220253 1.989996
15.230253 1.989996
15.240253 1.989996
15.250254 1.989996
15.260254 1.989996
15.270254 1.989996
15.280254 1.989996
15.290255 1.989996
15.300255 1.989996
15.310255 1.989996
15.320255 1.989996
15.330256 1.989996
15.340256 1.989996
15.350256 1.989996
15.360256 1.989996
15.370256 1.989996
15.380257 1.989996
15.390257 1.989996
15.400257 1.989996
15.410257 1.989996
15.420258 1.989996
15.430258 1.989996
15.440258 1.989996
15.450258 1.989996
15.460258 1.989996
15.470259 1.989996
15.480259 1.989996
15.490259 1.989996
15.500259 1.989996
15.510260 1.989996
15.520260 1.989996
15.530260 1.989996
15.540260 1.989996
15.550261 1.989996
15.560261 1.989996
15.570261 1.989996
15.580261 1.989996
15.590261 1.989996
15.600262 1.989996
15.610262 1.989996
15.620262 1.989996
15.630262 1.989996
15.640263 1.989996
15.650263 1.989996
15.660263 1.989996
15.670263 1.989996
15.680264 1.989996
15.690264 1.989996
15.700264 1.989996
15.710264 1.989996
15.720264 1.989996
15.730265 1.989996
15.740265 1.989996
15.750265 1.989996
15.760265 1.989996
15.770266 1.989996
15.780266 1.989996
15.790266 1.989996
15.800266 1.989996
15.810266 1.989996
15.820267 1.989996
15.830267 1.989996
15.840267 1.989996
15.850267 1.989996
15.860268 1.989996
15.870268 1.989996
15.880268 1.989996
15.890268 1.989996
15.900269 1.989996
15.910269 1.989996
15.920269 1.989996
15.930269 1.989996
15.940269 1.989996
15.950270 1.989996
15.960270 1.989996
15.970270 1.989996
15.980270 1.989996
15.990271 1.989996
16.000271 1.989996
16.010271 1.989996
16.020271 1.989996
16.030272 1.989996
16.040272 1.989996
16.050272 1.989996
16.060272 1.989996
16.070272 1.989996
16.080273 1.989996
16.090273 1.989996
16.100273 1.989996
16.110273 1.989996
16.120274 1.989996
16.130274 1.989996
16.140274 1.989996
16.150274 1.989996
16.160275 1.989996
16.170275 1.989996
16.180275 1.989996
16.190275 1.989996
16.200275 1.989996
16.210276 1.989996
16.220276 1.989996
16.230276 1.989996
16.240276 1.989996
16.250277 1.989996
16.260277 1.989996
16.270277 1.989996
16.280277 1.989996
16.290277 1.989996
16.300278 1.989996
16.310278 1.989996
16.320278 1.989996
16.330278 1.989996
16.340279 1.989996
16.350279 1.989996
16.360279 1.989996
16.370279 1.989996
16.380280 1.989996
16.390280 1.989996
16.400280 1.989996
16.410280 1.989996
16.420280 1.989996
16.430281 1.989996
16.440281 1.989996
16.450281 1.989996
16.460281 1.989996
16.470282 1.989996
16.480282 1.989996
16.490282 1.989996
16.500282 1.989996
16.510283 1.989996
16.520283 1.989996
16.530283 1.989996
16.540283 1.989996
16.550283 1.989996
16.560284 1.989996
16.570284 1.989996
16.580284 1.989996
16.590284 1.989996
16.600285 1.989996
16.610285 1.989996
16.620285 1.989996
16.630285 1.989996
16.640285 1.989996
16.650286 1.989996
16.660286 1.989996
16.670286 1.989996
16.680286 1.989996
16.690287 1.989996
16.700287 1.989996
16.710287 1.989996
16.720287 1.989996
16.730288 1.989996
16.740288 1.989996
16.750288 1.989996
16.760288 1.989996
16.770288 1.989996
16.780289 1.989996
16.790289 1.989996
16.800289 1.989996
16.810289 1.989996
16.820290 1.989996
16.830290 1.989996
16.840290 1.989996
16.850290 1.989996
16.860291 1.989996
16.870291 1.989996
16.880291 1.989996
16.890291 1.989996
16.900291 1.989996
16.910292 1.989996
16.920292 1.989996
16.930292 1.989996
16.940292 1.989996
16.950293 1.989996
16.960293 1.989996
16.970293 1.989996
16.980293 1.989996
16.990294 1.989996
17.000294 1.989996
17.010294 1.989996
17.020294 1.989996
17.030294 1.989996
17.040295 1.989996
17.050295 1.989996
17.060295 1.989996
17.070295 1.989996
17.080296 1.989996
17.090296 1.989996
17.100296 1.989996
17.110296 1.989996
17.120296 1.989996
17.130297 1.989996
17.140297 1.989996
17.150297 1.989996
17.160297 1.989996
17.170298 1.989996
17.180298 1.989996
17.190298 1.989996
17.200298 1.989996
17.210299 1.989996
17.220299 1.989996
17.230299 1.989996
17.240299 1.989996
17.250299 1.989996
17.260300 1.989996
17.270300 1.989996
17.280300 1.989996
17.290300 1.989996
17.300301 1.989996
17.310301 1.989996
17.320301 1.989996
17.330301 1.989996
17.340302 1.989996
17.350302 1.989996
17.360302 1.989996
17.370302 1.989996
17.380302 1.989996
17.390303 1.989996
17.400303 1.989996
17.410303 1.989996
17.420303 1.989996
17.430304 1.989996
17.440304 1.989996
17.450304 1.989996
17.460304 1.989996
17.470304 1.989996
17.480305 1.989996
17.490305 1.989996
17.500305 1.989996
17.510305 1.989996
17.520306 1.989996
17.530306 1.989996
17.540306 1.989996
17.550306 1.989996
17.560307 1.989996
17.570307 1.989996
17.580307 1.989996
17.590307 1.989996
17.600307 1.989996
17.610308 1.989996
17.620308 1.989996
17.630308 1.989996
17.640308 1.989996
17.650309 1.989996
17.660309 1.989996
17.670309 1.989996
17.680309 1.989996
17.690310 1.989996
17.700310 1.989996
17.710310 1.989996
17.720310 1.989996
17.730310 1.989996
17.740311 1.989996
17.750311 1.989996
17.760311 1.989996
17.770311 1.989996
17.780312 1.989996
17.790312 1.989996
17.800312 1.989996
17.810312 1.989996
17.820312 1.989996
17.830313 1.989996
17.840313 1.989996
17.850313 1.989996
17.860313 1.989996
17.870314 1.989996
17.880314 1.989996
17.890314 1.989996
17.900314 1.989996
17.910315 1.989996
17.920315 1.989996
17.930315 1.989996
17.940315 1.989996
17.950315 1.989996
17.960316 1.989996
17.970316 1.989996
17.980316 1.989996
17.990316 1.989996
18.000317 1.989996
18.010317 1.989996
18.020317 1.989996
18.030317 1.989996
18.040318 1.989996
18.050318 1.989996
18.060318 1.989996
18.070318 1.989996
18.080318 1.989996
18.090319 1.989996
18.100319 1.989996
18.110319 1.989996
18.120319 1.989996
18.130320 1.989996
18.140320 1.989996
18.150320 1.989996
18.160320 1.989996
18.170321 1.989996
18.180321 1.989996
18.190321 1.989996
18.200321 1.989996
18.210321 1.989996
18.220322 1.989996
18.230322 1.989996
18.240322 1.989996
18.250322 1.989996
18.260323 1.989996
18.270323 1.989996
18.280323 1.989996
18.290323 1.989996
18.300323 1.989996
18.310324 1.989996
18.320324 1.989996
18.330324 1.989996
18.340324 1.989996
18.350325 1.989996
18.360325 1.989996
18.370325 1.989996
18.380325 1.989996
18.390326 1.989996
18.400326 1.989996
18.410326 1.989996
18.420326 1.989996
18.430326 1.989996
18.440327 1.989996
18.450327 1.989996
18.460327 1.989996
18.470327 1.989996
18.480328 1.989996
18.490328 1.989996
18.500328 1.989996
18.510328 1.989996
18.520329 1.989996
18.530329 1.989996
18.540329 1.989996
18.550329 1.989996
18.560329 1.989996
18.570330 1.989996
18.580330 1.989996
18.590330 1.989996
18.600330 1.989996
18.610331 1.989996
18.620331 1.989996
18.630331 1.989996
18.640331 1.989996
18.650331 1.989996
18.660332 1.989996
18.670332 1.989996
18.680332 1.989996
18.690332 1.989996
18.700333 1.989996
18.710333 1.989996
18.720333 1.989996
18.730333 1.989996
18.740334 1.989996
18.750334 1.989996
18.760334 1.989996
18.770334 1.989996
18.780334 1.989996
18.790335 1.989996
18.800335 1.989996
18.810335 1.989996
18.820335 1.989996
18.830336 1.989996
18.840336 1.989996
18.850336 1.989996
18.860336 1.989996
18.870337 1.989996
18.880337 1.989996
18.890337 1.989996
18.900337 1.989996
18.910337 1.989996
18.920338 1.989996
18.930338 1.989996
18.940338 1.989996
18.950338 1.989996
18.960339 1.989996
18.970339 1.989996
18.980339 1.989996
18.990339 1.989996
19.000340 1.989996
19.010340 1.989996
19.020340 1.989996
19.030340 1.989996
19.040340 1.989996
19.050341 1.989996
19.060341 1.989996
19.070341 1.989996
19.080341 1.989996
19.090342 1.989996
19.100342 1.989996
19.110342 1.989996
19.120342 1.989996
19.130342 1.989996
19.140343 1.989996
19.150343 1.989996
19.160343 1.989996
19.170343 1.989996
19.180344 1.989996
19.190344 1.989996
19.200344 1.989996
19.210344 1.989996
19.220345 1.989996
19.230345 1.989996
19.240345 1.989996
19.250345 1.989996
19.260345 1.989996
19.270346 1.989996
19.280346 1.989996
19.290346 1.989996
19.300346 1.989996
19.310347 1.989996
19.320347 1.989996
19.330347 1.989996
19.340347 1.989996
19.350348 1.989996
19.360348 1.989996
19.370348 1.989996
19.380348 1.989996
19.390348 1.989996
19.400349 1.989996
19.410349 1.989996
19.420349 1.989996
19.430349 1.989996
19.440350 1.989996
19.450350 1.989996
19.460350 1.989996
19.470350 1.989996
19.480350 1.989996
19.490351 1.989996
19.500351 1.989996
19.510351 1.989996
19.520351 1.989996
19.530352 1.989996
19.540352 1.989996
19.550352 1.989996
19.560352 1.989996
19.570353 1.989996
19.580353 1.989996
19.590353 1.989996
19.600353 1.989996
19.610353 1.989996
19.620354 1.989996
19.630354 1.989996
19.640354 1.989996
19.650354 1.989996
19.660355 1.989996
19.670355 1.989996
19.680355 1.989996
19.690355 1.989996
19.700356 1.989996
19.710356 1.989996
19.720356 1.989996
19.730356 1.989996
19.740356 1.989996
19.750357 1.989996
19.760357 1.989996
19.770357 1.989996
19.780357 1.989996
19.790358 1.989996
19.800358 1.989996
19.810358 1.989996
19.820358 1.989996
19.830359 1.989996
19.840359 1.989996
19.850359 1.989996
19.860359 1.989996
19.870359 1.989996
19.880360 1.989996
19.890360 1.989996
19.900360 1.989996
19.910360 1.989996
19.920361 1.989996
19.930361 1.989996
19.940361 1.989996
19.950361 1.989996
19.960361 1.989996
19.970362 1.989996
19.980362 1.989996
19.990362 1.989996
20.000362 1.989996
20.010363 1.989996
20.020363 1.989996
20.030363 1.989996
20.040363 1.989996
20.050364 1.989996
20.060364 1.989996
20.070364 1.989996
20.080364 1.989996
20.090364 1.989996
20.100365 1.989996
20.110365 1.989996
20.120365 1.989996
20.130365 1.989996
20.140366 1.989996
20.150366 1.989996
20.160366 1.989996
20.170366 1.989996
20.180367 1.989996
20.190367 1.989996
20.200367 1.989996
20.210367 1.989996
20.220367 1.989996
20.230368 1.989996
20.240368 1.989996
20.250368 1.989996
20.260368 1.989996
20.270369 1.989996
20.280369 1.989996
20.290369 1.989996
20.300369 1.989996
20.310369 1.989996
20.320370 1.989996
20.330370 1.989996
20.340370 1.989996
20.350370 1.989996
20.360371 1.989996
20.370371 1.989996
20.380371 1.989996
20.390371 1.989996
20.400372 1.989996
20.410372 1.989996
20.420372 1.989996
20.430372 1.989996
20.440372 1.989996
20.450373 1.989996
20.460373 1.989996
20.470373 1.989996
20.480373 1.989996
20.490374 1.989996
20.500374 1.989996
20.510374 1.989996
20.520374 1.989996
20.530375 1.989996
20.540375 1.989996
20.550375 1.989996
20.560375 1.989996
20.570375 1.989996
20.580376 1.989996
20.590376 1.989996
20.600376 1.989996
20.610376 1.989996
20.620377 1.989996
20.630377 1.989996
20.640377 1.989996
20.650377 1.989996
20.660378 1.989996
20.670378 1.989996
20.680378 1.989996
20.690378 1.989996
20.700378 1.989996
20.710379 1.989996
20.720379 1.989996
20.730379 1.989996
20.740379 1.989996
20.750380 1.989996
20.760380 1.989996
20.770380 1.989996
20.780380 1.989996
20.790380 1.989996
20.800381 1.989996
20.810381 1.989996
20.820381 1.989996
20.830381 1.989996
20.840382 1.989996
20.850382 1.989996
20.860382 1.989996
20.870382 1.989996
20.880383 1.989996
20.890383 1.989996
20.900383 1.989996
20.910383 1.989996
20.920383 1.989996
20.930384 1.989996
20.940384 1.989996
20.950384 1.989996
20.960384 1.989996
20.970385 1.989996
20.980385 1.989996
20.990385 1.989996
21.000385 1.989996
21.010386 1.989996
21.020386 1.989996
21.030386 1.989996
21.040386 1.989996
21.050386 1.989996
21.060387 1.989996
21.070387 1.989996
21.080387 1.989996
21.090387 1.989996
21.100388 1.989996
21.110388 1.989996
21.120388 1.989996
21.130388 1.989996
21.140388 1.989996
21.150389 1.989996
21.160389 1.989996
21.170389 1.989996
21.180389 1.989996
21.190390 1.989996
21.200390 1.989996
21.210390 1.989996
21.220390 1.989996
21.230391 1.989996
21.240391 1.989996
21.250391 1.989996
21.260391 1.989996
21.270391 1.989996
21.280392 1.989996
21.290392 1.989996
21.300392 1.989996
21.310392 1.989996
21.320393 1.989996
21.330393 1.989996
21.340393 1.989996
21.350393 1.989996
21.360394 1.989996
21.370394 1.989996
21.380394 1.989996
21.390394 1.989996
21.400394 1.989996
21.410395 1.989996
21.420395 1.989996
21.430395 1.989996
21.440395 1.989996
21.450396 1.989996
21.460396 1.989996
21.470396 1.989996
21.480396 1.989996
21.490396 1.989996
21.500397 1.989996
21.510397 1.989996
21.520397 1.989996
21.530397 1.989996
21.540398 1.989996
21.550398 1.989996
21.560398 1.989996
21.570398 1.989996
21.580399 1.989996
21.590399 1.989996
21.600399 1.989996
21.610399 1.989996
21.620399 1.989996
21.630400 1.989996
21.640400 1.989996
21.650400 1.989996
21.660400 1.989996
21.670401 1.989996
21.680401 1.989996
21.690401 1.989996
21.700401 1.989996
21.710402 1.989996
21.720402 1.989996
21.730402 1.989996
21.740402 1.989996
21.750402 1.989996
21.760403 1.989996
21.770403 1.989996
21.780403 1.989996
21.790403 1.989996
21.800404 1.989996
21.810404 1.989996
21.820404 1.989996
21.830404 1.989996
21.840405 1.989996
21.850405 1.989996
21.860405 1.989996
21.870405 1.989996
21.880405 1.989996
21.890406 1.989996
21.900406 1.989996
21.910406 1.989996
21.920406 1.989996
21.930407 1.989996
21.940407 1.989996
21.950407 1.989996
21.960407 1.989996
21.970407 1.989996
21.980408 1.989996
21.990408 1.989996
22.000408 1.989996
22.010408 1.989996
22.020409 1.989996
22.030409 1.989996
22.040409 1.989996
22.050409 1.989996
22.060410 1.989996
22.070410 1.989996
22.080410 1.989996
22.090410 1.989996
22.100410 1.989996
22.110411 1.989996
22.120411 1.989996
22.130411 1.989996
22.140411 1.989996
22.150412 1.989996
22.160412 1.989996
22.170412 1.989996
22.180412 1.989996
22.190413 1.989996
22.200413 1.989996
22.210413 1.989996
22.220413 1.989996
22.230413 1.989996
22.240414 1.989996
22.250414 1.989996
22.260414 1.989996
22.270414 1.989996
22.280415 1.989996
22.290415 1.989996
22.300415 1.989996
22.310415 1.989996
22.320415 1.989996
22.330416 1.989996
22.340416 1.989996
22.350416 1.989996
22.360416 1.989996
22.370417 1.989996
22.380417 1.989996
22.390417 1.989996
22.400417 1.989996
22.410418 1.989996
22.420418 1.989996
22.430418 1.989996
22.440418 1.989996
22.450418 1.989996
22.460419 1.989996
22.470419 1.989996
22.480419 1.989996
22.490419 1.989996
22.500420 1.989996
22.510420 1.989996
22.520420 1.989996
22.530420 1.989996
22.540421 1.989996
22.550421 1.989996
22.560421 1.989996
22.570421 1.989996
22.580421 1.989996
22.590422 1.989996
22.600422 1.989996
22.610422 1.989996
22.620422 1.989996
22.630423 1.989996
22.640423 1.989996
22.650423 1.989996
22.660423 1.989996
22.670424 1.989996
22.680424 1.989996
22.690424 1.989996
22.700424 1.989996
22.710424 1.989996
22.720425 1.989996
22.730425 1.989996
22.740425 1.989996
22.750425 1.989996
22.760426 1.989996
22.770426 1.989996
22.780426 1.989996
22.790426 1.989996
22.800426 1.989996
22.810427 1.989996
22.820427 1.989996
22.830427 1.989996
22.840427 1.989996
22.850428 1.989996
22.860428 1.989996
22.870428 1.989996
22.880428 1.989996
22.890429 1.989996
22.900429 1.989996
22.910429 1.989996
22.920429 1.989996
22.930429 1.989996
22.940430 1.989996
22.950430 1.989996
22.960430 1.989996
22.970430 1.989996
22.980431 1.989996
22.990431 1.989996
23.000431 1.989996
23.010431 1.989996
23.020432 1.989996
23.030432 1.989996
23.040432 1.989996
23.050432 1.989996
23.060432 1.989996
23.070433 1.989996
23.080433 1.989996
23.090433 1.989996
23.100433 1.989996
23.110434 1.989996
23.120434 1.989996
23.130434 1.989996
23.140434 1.989996
23.150434 1.989996
23.160435 1.989996
23.170435 1.989996
23.180435 1.989996
23.190435 1.989996
23.200436 1.989996
23.210436 1.989996
23.220436 1.989996
23.230436 1.989996
23.240437 1.989996
23.250437 1.989996
23.260437 1.989996
23.270437 1.989996
23.280437 1.989996
23.290438 1.989996
23.300438 1.989996
23.310438 1.989996
23.320438 1.989996
23.330439 1.989996
23.340439 1.989996
23.350439 1.989996
23.360439 1.989996
23.370440 1.989996
23.380440 1.989996
23.390440 1.989996
23.400440 1.989996
23.410440 1.989996
23.420441 1.989996
23.430441 1.989996
23.440441 1.989996
23.450441 1.989996
23.460442 1.989996
23.470442 1.989996
23.480442 1.989996
23.490442 1.989996
23.500443 1.989996
23.510443 1.989996
23.520443 1.989996
23.530443 1.989996
23.540443 1.989996
23.550444 1.989996
23.560444 1.989996
23.570444 1.989996
23.580444 1.989996
23.590445 1.989996
23.600445 1.989996
23.610445 1.989996
23.620445 1.989996
23.630445 1.989996
23.640446 1.989996
23.650446 1.989996
23.660446 1.989996
23.670446 1.989996
23.680447 1.989996
23.690447 1.989996
23.700447 1.989996
23.710447 1.989996
23.720448 1.989996
23.730448 1.989996
23.740448 1.989996
23.750448 1.989996
23.760448 1.989996
23.770449 1.989996
23.780449 1.989996
23.790449 1.989996
23.800449 1.989996
23.810450 1.989996
23.820450 1.989996
23.830450 1.989996
23.840450 1.989996
23.850451 1.989996
23.860451 1.989996
23.870451 1.989996
23.880451 1.989996
23.890451 1.989996
23.900452 1.989996
23.910452 1.989996
23.920452 1.989996
23.930452 1.989996
23.940453 1.989996
23.950453 1.989996
23.960453 1.989996
23.970453 1.989996
23.980453 1.989996
23.990454 1.989996
24.000454 1.989996
24.010454 1.989996
24.020454 1.989996
24.030455 1.989996
24.040455 1.989996
24.050455 1.989996
24.060455 1.989996
24.070456 1.989996
24.080456 1.989996
24.090456 1.989996
24.100456 1.989996
24.110456 1.989996
24.120457 1.989996
24.130457 1.989996
24.140457 1.989996
24.150457 1.989996
24.160458 1.989996
24.170458 1.989996
24.180458 1.989996
24.190458 1.989996
24.200459 1.989996
24.210459 1.989996
24.220459 1.989996
24.230459 1.989996
24.240459 1.989996
24.250460 1.989996
24.260460 1.989996
24.270460 1.989996
24.280460 1.989996
24.290461 1.989996
24.300461 1.989996
24.310461 1.989996
24.320461 1.989996
24.330462 1.989996
24.340462 1.989996
24.350462 1.989996
24.360462 1.989996
24.370462 1.989996
24.380463 1.989996
24.390463 1.989996
24.400463 1.989996
24.410463 1.989996
24.420464 1.989996
24.430464 1.989996
24.440464 1.989996
24.450464 1.989996
24.460464 1.989996
24.470465 1.989996
24.480465 1.989996
24.490465 1.989996
24.500465 1.989996
24.510466 1.989996
24.520466 1.989996
24.530466 1.989996
24.540466 1.989996
24.550467 1.989996
24.560467 1.989996
24.570467 1.989996
24.580467 1.989996
24.590467 1.989996
24.600468 1.989996
24.610468 1.989996
24.620468 1.989996
24.630468 1.989996
24.640469 1.989996
24.650469 1.989996
24.660469 1.989996
24.670469 1.989996
24.680470 1.989996
24.690470 1.989996
24.700470 1.989996
24.710470 1.989996
24.720470 1.989996
24.730471 1.989996
24.740471 1.989996
24.750471 1.989996
24.760471 1.989996
24.770472 1.989996
24.780472 1.989996
24.790472 1.989996
24.800472 1.989996
24.810472 1.989996
24.820473 1.989996
24.830473 1.989996
24.840473 1.989996
24.850473 1.989996
24.860474 1.989996
24.870474 1.989996
24.880474 1.989996
24.890474 1.989996
24.900475 1.989996
24.910475 1.989996
24.920475 1.989996
24.930475 1.989996
24.940475 1.989996
24.950476 1.989996
24.960476 1.989996
24.970476 1.989996
24.980476 1.989996
24.990477 1.989996
25.000477 1.989996
25.010477 1.989996
25.020477 1.989996
25.030478 1.989996
25.040478 1.989996
25.050478 1.989996
25.060478 1.989996
25.070478 1.989996
25.080479 1.989996
25.090479 1.989996
25.100479 1.989996
25.110479 1.989996
25.120480 1.989996
25.130480 1.989996
25.140480 1.989996
25.150480 1.989996
25.160480 1.989996
25.170481 1.989996
25.180481 1.989996
25.190481 1.989996
25.200481 1.989996
25.210482 1.989996
25.220482 1.989996
25.230482 1.989996
25.240482 1.989996
25.250483 1.989996
25.260483 1.989996
25.270483 1.989996
25.280483 1.989996
25.290483 1.989996
25.300484 1.989996
25.310484 1.989996
25.320484 1.989996
25.330484 1.989996
25.340485 1.989996
25.350485 1.989996
25.360485 1.989996
25.370485 1.989996
25.380486 1.989996
25.390486 1.989996
25.400486 1.989996
25.410486 1.989996
25.420486 1.989996
25.430487 1.989996
25.440487 1.989996
25.450487 1.989996
25.460487 1.989996
25.470488 1.989996
25.480488 1.989996
25.490488 1.989996
25.500488 1.989996
25.510489 1.989996
25.520489 1.989996
25.530489 1.989996
25.540489 1.989996
25.550489 1.989996
25.560490 1.989996
25.570490 1.989996
25.580490 1.989996
25.590490 1.989996
25.600491 1.989996
25.610491 1.989996
25.620491 1.989996
25.630491 1.989996
25.640491 1.989996
25.650492 1.989996
25.660492 1.989996
25.670492 1.989996
25.680492 1.989996
25.690493 1.989996
25.700493 1.989996
25.710493 1.989996
25.720493 1.989996
25.730494 1.989996
25.740494 1.989996
25.750494 1.989996
25.760494 1.989996
25.770494 1.989996
25.780495 1.989996
25.790495 1.989996
25.800495 1.989996
25.810495 1.989996
25.820496 1.989996
25.830496 1.989996
25.840496 1.989996
25.850496 1.989996
25.860497 1.989996
25.870497 1.989996
25.880497 1.989996
25.890497 1.989996
25.900497 1.989996
25.910498 1.989996
25.920498 1.989996
25.930498 1.989996
25.940498 1.989996
25.950499 1.989996
25.960499 1.989996
25.970499 1.989996
25.980499 1.989996
25.990499 1.989996
26.000500 1.989996
26.010500 1.989996
26.020500 1.989996
26.030500 1.989996
26.040501 1.989996
26.050501 1.989996
26.060501 1.989996
26.070501 1.989996
26.080502 1.989996
26.090502 1.989996
26.100502 1.989996
26.110502 1.989996
26.120502 1.989996
26.130503 1.989996
26.140503 1.989996
26.150503 1.989996
26.160503 1.989996
26.170504 1.989996
26.180504 1.989996
26.190504 1.989996
26.200504 1.989996
26.210505 1.989996
26.220505 1.989996
26.230505 1.989996
26.240505 1.989996
26.250505 1.989996
26.260506 1.989996
26.270506 1.989996
26.280506 1.989996
26.290506 1.989996
26.300507 1.989996
26.310507 1.989996
26.320507 1.989996
26.330507 1.989996
26.340508 1.989996
26.350508 1.989996
26.360508 1.989996
26.370508 1.989996
26.380508 1.989996
26.390509 1.989996
26.400509 1.989996
26.410509 1.989996
26.420509 1.989996
26.430510 1.989996
26.440510 1.989996
26.450510 1.989996
26.460510 1.989996
26.470510 1.989996
26.480511 1.989996
26.490511 1.989996
26.500511 1.989996
26.510511 1.989996
26.520512 1.989996
26.530512 1.989996
26.540512 1.989996
26.550512 1.989996
26.560513 1.989996
26.570513 1.989996
26.580513 1.989996
26.590513 1.989996
26.600513 1.989996
26.610514 1.989996
26.620514 1.989996
26.630514 1.989996
26.640514 1.989996
26.650515 1.989996
26.660515 1.989996
26.670515 1.989996
26.680515 1.989996
26.690516 1.989996
26.700516 1.989996
26.710516 1.989996
26.720516 1.989996
26.730516 1.989996
26.740517 1.989996
26.750517 1.989996
26.760517 1.989996
26.770517 1.989996
26.780518 1.989996
26.790518 1.989996
26.800518 1.989996
26.810518 1.989996
26.820518 1.989996
26.830519 1.989996
26.840519 1.989996
26.850519 1.989996
26.860519 1.989996
26.870520 1.989996
26.880520 1.989996
26.890520 1.989996
26.900520 1.989996
26.910521 1.989996
26.920521 1.989996
26.930521 1.989996
26.940521 1.989996
26.950521 1.989996
26.960522 1.989996
26.970522 1.989996
26.980522 1.989996
26.990522 1.989996
27.000523 1.989996
27.010523 1.989996
27.020523 1.989996
27.030523 1.989996
27.040524 1.989996
27.050524 1.989996
27.060524 1.989996
27.070524 1.989996
27.080524 1.989996
27.090525 1.989996
27.100525 1.989996
27.110525 1.989996
27.120525 1.989996
27.130526 1.989996
27.140526 1.989996
27.150526 1.989996
27.160526 1.989996
27.170527 1.989996
27.180527 1.989996
27.190527 1.989996
27.200527 1.989996
27.210527 1.989996
27.220528 1.989996
27.230528 1.989996
27.240528 1.989996
27.250528 1.989996
27.260529 1.989996
27.270529 1.989996
27.280529 1.989996
27.290529 1.989996
27.300529 1.989996
27.310530 1.989996
27.320530 1.989996
27.330530 1.989996
27.340530 1.989996
27.350531 1.989996
27.360531 1.989996
27.370531 1.989996
27.380531 1.989996
27.390532 1.989996
27.400532 1.989996
27.410532 1.989996
27.420532 1.989996
27.430532 1.989996
27.440533 1.989996
27.450533 1.989996
27.460533 1.989996
27.470533 1.989996
27.480534 1.989996
27.490534 1.989996
27.500534 1.989996
27.510534 1.989996
27.520535 1.989996
27.530535 1.989996
27.540535 1.989996
27.550535 1.989996
27.560535 1.989996
27.570536 1.989996
27.580536 1.989996
27.590536 1.989996
27.600536 1.989996
27.610537 1.989996
27.620537 1.989996
27.630537 1.989996
27.640537 1.989996
27.650537 1.989996
27.660538 1.989996
27.670538 1.989996
27.680538 1.989996
27.690538 1.989996
27.700539 1.989996
27.710539 1.989996
27.720539 1.989996
27.730539 1.989996
27.740540 1.989996
27.750540 1.989996
27.760540 1.989996
27.770540 1.989996
27.780540 1.989996
27.790541 1.989996
27.800541 1.989996
27.810541 1.989996
27.820541 1.989996
27.830542 1.989996
27.840542 1.989996
27.850542 1.989996
27.860542 1.989996
27.870543 1.989996
27.880543 1.989996
27.890543 1.989996
27.900543 1.989996
27.910543 1.989996
27.920544 1.989996
27.930544 1.989996
27.940544 1.989996
27.950544 1.989996
27.960545 1.989996
27.970545 1.989996
27.980545 1.989996
27.990545 1.989996
28.000546 1.989996
28.010546 1.989996
28.020546 1.989996
28.030546 1.989996
28.040546 1.989996
28.050547 1.989996
28.060547 1.989996
28.070547 1.989996
28.080547 1.989996
28.090548 1.989996
28.100548 1.989996
28.110548 1.989996
28.120548 1.989996
28.130548 1.989996
28.140549 1.989996
28.150549 1.989996
28.160549 1.989996
28.170549 1.989996
28.180550 1.989996
28.190550 1.989996
28.200550 1.989996
28.210550 1.989996
28.220551 1.989996
28.230551 1.989996
28.240551 1.989996
28.250551 1.989996
28.260551 1.989996
28.270552 1.989996
28.280552 1.989996
28.290552 1.989996
28.300552 1.989996
28.310553 1.989996
28.320553 1.989996
28.330553 1.989996
28.340553 1.989996
28.350554 1.989996
28.360554 1.989996
28.370554 1.989996
28.380554 1.989996
28.390554 1.989996
28.400555 1.989996
28.410555 1.989996
28.420555 1.989996
28.430555 1.989996
28.440556 1.989996
28.450556 1.989996
28.460556 1.989996
28.470556 1.989996
28.480556 1.989996
28.490557 1.989996
28.500557 1.989996
28.510557 1.989996
28.520557 1.989996
28.530558 1.989996
28.540558 1.989996
28.550558 1.989996
28.560558 1.989996
28.570559 1.989996
28.580559 1.989996
28.590559 1.989996
28.600559 1.989996
28.610559 1.989996
28.620560 1.989996
28.630560 1.989996
28.640560 1.989996
28.650560 1.989996
28.660561 1.989996
28.670561 1.989996
28.680561 1.989996
28.690561 1.989996
28.700562 1.989996
28.710562 1.989996
28.720562 1.989996
28.730562 1.989996
28.740562 1.989996
28.750563 1.989996
28.760563 1.989996
28.770563 1.989996
28.780563 1.989996
28.790564 1.989996
28.800564 1.989996
28.810564 1.989996
28.820564 1.989996
28.830564 1.989996
28.840565 1.989996
28.850565 1.989996
28.860565 1.989996
28.870565 1.989996
28.880566 1.989996
28.890566 1.989996
28.900566 1.989996
28.910566 1.989996
28.920567 1.989996
28.930567 1.989996
28.940567 1.989996
28.950567 1.989996
28.960567 1.989996
28.970568 1.989996
28.980568 1.989996
28.990568 1.989996
29.000568 1.989996
29.010569 1.989996
29.020569 1.989996
29.030569 1.989996
29.040569 1.989996
29.050570 1.989996
29.060570 1.989996
29.070570 1.989996
29.080570 1.989996
29.090570 1.989996
29.100571 1.989996
29.110571 1.989996
29.120571 1.989996
29.130571 1.989996
29.140572 1.989996
29.150572 1.989996
29.160572 1.989996
29.170572 1.989996
29.180573 1.989996
29.190573 1.989996
29.200573 1.989996
29.210573 1.989996
29.220573 1.989996
29.230574 1.989996
29.240574 1.989996
29.250574 1.989996
29.260574 1.989996
29.270575 1.989996
29.280575 1.989996
29.290575 1.989996
29.300575 1.989996
29.310575 1.989996
29.320576 1.989996
29.330576 1.989996
29.340576 1.989996
29.350576 1.989996
29.360577 1.989996
29.370577 1.989996
29.380577 1.989996
29.390577 1.989996
29.400578 1.989996
29.410578 1.989996
29.420578 1.989996
29.430578 1.989996
29.440578 1.989996
29.450579 1.989996
29.460579 1.989996
29.470579 1.989996
29.480579 1.989996
29.490580 1.989996
29.500580 1.989996
29.510580 1.989996
29.520580 1.989996
29.530581 1.989996
29.540581 1.989996
29.550581 1.989996
29.560581 1.989996
29.570581 1.989996
29.580582 1.989996
29.590582 1.989996
29.600582 1.989996
29.610582 1.989996
29.620583 1.989996
29.630583 1.989996
29.640583 1.989996
29.650583 1.989996
29.660583 1.989996
29.670584 1.989996
29.680584 1.989996
29.690584 1.989996
29.700584 1.989996
29.710585 1.989996
29.720585 1.989996
29.730585 1.989996
29.740585 1.989996
29.750586 1.989996
29.760586 1.989996
29.770586 1.989996
29.780586 1.989996
29.790586 1.989996
29.800587 1.989996
29.810587 1.989996
29.820587 1.989996
29.830587 1.989996
29.840588 1.989996
29.850588 1.989996
29.860588 1.989996
29.870588 1.989996
29.880589 1.989996
29.890589 1.989996
29.900589 1.989996
29.910589 1.989996
29.920589 1.989996
29.930590 1.989996
29.940590 1.989996
29.950590 1.989996
29.960590 1.989996
29.970591 1.989996
29.980591 1.989996
29.990591 1.989996
30.000591 1.989996
30.010592 1.989996
30.020592 1.989996
30.030592 1.989996
30.040592 1.989996
30.050592 1.989996
30.060593 1.989996
30.070593 1.989996
30.080593 1.989996
30.090593 1.989996
30.100594 1.989996
30.110594 1.989996
30.120594 1.989996
30.130594 1.989996
30.140594 1.989996
30.150595 1.989996
30.160595 1.989996
30.170595 1.989996
30.180595 1.989996
30.190596 1.989996
30.200596 1.989996
30.210596 1.989996
30.220596 1.989996
30.230597 1.989996
30.240597 1.989996
30.250597 1.989996
30.260597 1.989996
30.270597 1.989996
30.280598 1.989996
30.290598 1.989996
30.300598 1.989996
30.310598 1.989996
30.320599 1.989996
30.330599 1.989996
30.340599 1.989996
30.350599 1.989996
30.360600 1.989996
30.370600 1.989996
30.380600 1.989996
30.390600 1.989996
30.400600 1.989996
30.410601 1.989996
30.420601 1.989996
30.430601 1.989996
30.440601 1.989996
30.450602 1.989996
30.460602 1.989996
30.470602 1.989996
30.480602 1.989996
30.490602 1.989996
30.500603 1.989996
30.510603 1.989996
30.520603 1.989996
30.530603 1.989996
30.540604 1.989996
30.550604 1.989996
30.560604 1.989996
30.570604 1.989996
30.580605 1.989996
30.590605 1.989996
30.600605 1.989996
30.610605 1.989996
30.620605 1.989996
30.630606 1.989996
30.640606 1.989996
30.650606 1.989996
30.660606 1.989996
30.670607 1.989996
30.680607 1.989996
30.690607 1.989996
30.700607 1.989996
30.710608 1.989996
30.720608 1.989996
30.730608 1.989996
30.740608 1.989996
30.750608 1.989996
30.760609 1.989996
30.770609 1.989996
30.780609 1.989996
30.790609 1.989996
30.800610 1.989996
30.810610 1.989996
30.820610 1.989996
30.830610 1.989996
30.840611 1.989996
30.850611 1.989996
30.860611 1.989996
30.870611 1.989996
30.880611 1.989996
30.890612 1.989996
30.900612 1.989996
30.910612 1.989996
30.920612 1.989996
30.930613 1.989996
30.940613 1.989996
30.950613 1.989996
30.960613 1.989996
30.970613 1.989996
30.980614 1.989996
30.990614 1.989996
31.000614 1.989996
31.010614 1.989996
31.020615 1.989996
31.030615 1.989996
31.040615 1.989996
31.050615 1.989996
31.060616 1.989996
31.070616 1.989996
31.080616 1.989996
31.090616 1.989996
31.100616 1.989996
31.110617 1.989996
31.120617 1.989996
31.130617 1.989996
31.140617 1.989996
31.150618 1.989996
31.160618 1.989996
31.170618 1.989996
31.180618 1.989996
31.190619 1.989996
31.200619 1.989996
31.210619 1.989996
31.220619 1.989996
31.230619 1.989996
31.240620 1.989996
31.250620 1.989996
31.260620 1.989996
31.270620 1.989996
31.280621 1.989996
31.290621 1.989996
31.300621 1.989996
31.310621 1.989996
31.320621 1.989996
31.330622 1.989996
31.340622 1.989996
31.350622 1.989996
31.360622 1.989996
31.370623 1.989996
31.380623 1.989996
31.390623 1.989996
31.400623 1.989996
31.410624 1.989996
31.420624 1.989996
31.430624 1.989996
31.440624 1.989996
31.450624 1.989996
31.460625 1.989996
31.470625 1.989996
31.480625 1.989996
31.490625 1.989996
31.500626 1.989996
31.510626 1.989996
31.520626 1.989996
31.530626 1.989996
31.540627 1.989996
31.550627 1.989996
31.560627 1.989996
31.570627 1.989996
31.580627 1.989996
31.590628 1.989996
31.600628 1.989996
31.610628 1.989996
31.620628 1.989996
31.630629 1.989996
31.640629 1.989996
31.650629 1.989996
31.660629 1.989996
31.670630 1.989996
31.680630 1.989996
31.690630 1.989996
31.700630 1.989996
31.710630 1.989996
31.720631 1.989996
31.730631 1.989996
31.740631 1.989996
31.750631 1.989996
31.760632 1.989996
31.770632 1.989996
31.780632 1.989996
31.790632 1.989996
31.800632 1.989996
31.810633 1.989996
31.820633 1.989996
31.830633 1.989996
31.840633 1.989996
31.850634 1.989996
31.860634 1.989996
31.870634 1.989996
31.880634 1.989996
31.890635 1.989996
31.900635 1.989996
31.910635 1.989996
31.920635 1.989996
31.930635 1.989996
31.940636 1.989996
31.950636 1.989996
31.960636 1.989996
31.970636 1.989996
31.980637 1.989996
31.990637 1.989996
32.000637 1.989996
32.010635 1.989996
32.020634 1.989996
32.030632 1.989996
32.040630 1.989996
32.050629 1.989996
32.060627 1.989996
32.070625 1.989996
32.080624 1.989996
32.090622 1.989996
32.100620 1.989996
32.110619 1.989996
32.120617 1.989996
32.130615 1.989996
32.140614 1.989996
32.150612 1.989996
32.160610 1.989996
32.170609 1.989996
32.180607 1.989996
32.190605 1.989996
32.200603 1.989996
32.210602 1.989996
32.220600 1.989996
32.230598 1.989996
32.240597 1.989996
32.250595 1.989996
32.260593 1.989996
32.270592 1.989996
32.280590 1.989996
32.290588 1.989996
32.300587 1.989996
32.310585 1.989996
32.320583 1.989996
32.330582 1.989996
32.340580 1.989996
32.350578 1.989996
32.360577 1.989996
32.370575 1.989996
32.380573 1.989996
32.390572 1.989996
32.400570 1.989996
32.410568 1.989996
32.420567 1.989996
32.430565 1.989996
32.440563 1.989996
32.450562 1.989996
32.460560 1.989996
32.470558 1.989996
32.480556 1.989996
32.490555 1.989996
32.500553 1.989996
32.510551 1.989996
32.520550 1.989996
32.530548 1.989996
32.540546 1.989996
32.550545 1.989996
32.560543 1.989996
32.570541 1.989996
32.580540 1.989996
32.590538 1.989996
32.600536 1.989996
32.610535 1.989996
32.620533 1.989996
32.630531 1.989996
32.640530 1.989996
32.650528 1.989996
32.660526 1.989996
32.670525 1.989996
32.680523 1.989996
32.690521 1.989996
32.700520 1.989996
32.710518 1.989996
32.720516 1.989996
32.730515 1.989996
32.740513 1.989996
32.750511 1.989996
32.760509 1.989996
32.770508 1.989996
32.780506 1.989996
32.790504 1.989996
32.800503 1.989996
32.810501 1.989996
32.820499 1.989996
32.830498 1.989996
32.840496 1.989996
32.850494 1.989996
32.860493 1.989996
32.870491 1.989996
32.880489 1.989996
32.890488 1.989996
32.900486 1.989996
32.910484 1.989996
32.920483 1.989996
32.930481 1.989996
32.940479 1.989996
32.950478 1.989996
32.960476 1.989996
32.970474 1.989996
32.980473 1.989996
32.990471 1.989996
33.000469 1.989996
33.010468 1.989996
33.020466 1.989996
33.030464 1.989996
33.040462 1.989996
33.050461 1.989996
33.060459 1.989996
33.070457 1.989996
33.080456 1.989996
33.090454 1.989996
33.100452 1.989996
33.110451 1.989996
33.120449 1.989996
33.130447 1.989996
33.140446 1.989996
33.150444 1.989996
33.160442 1.989996
33.170441 1.989996
33.180439 1.989996
33.190437 1.989996
33.200436 1.989996
33.210434 1.989996
33.220432 1.989996
33.230431 1.989996
33.240429 1.989996
33.250427 1.989996
33.260426 1.989996
33.270424 1.989996
33.280422 1.989996
33.290421 1.989996
33.300419 1.989996
33.310417 1.989996
33.320415 1.989996
33.330414 1.989996
33.340412 1.989996
33.350410 1.989996
33.360409 1.989996
33.370407 1.989996
33.380405 1.989996
33.390404 1.989996
33.400402 1.989996
33.410400 1.989996
33.420399 1.989996
33.430397 1.989996
33.440395 1.989996
33.450394 1.989996
33.460392 1.989996
33.470390 1.989996
33.480389 1.989996
33.490387 1.989996
33.500385 1.989996
33.510384 1.989996
33.520382 1.989996
33.530380 1.989996
33.540379 1.989996
33.550377 1.989996
33.560375 1.989996
33.570374 1.989996
33.580372 1.989996
33.590370 1.989996
33.600368 1.989996
33.610367 1.989996
33.620365 1.989996
33.630363 1.989996
33.640362 1.989996
33.650360 1.989996
33.660358 1.989996
33.670357 1.989996
33.680355 1.989996
33.690353 1.989996
33.700352 1.989996
33.710350 1.989996
33.720348 1.989996
33.730347 1.989996
33.740345 1.989996
33.750343 1.989996
33.760342 1.989996
33.770340 1.989996
33.780338 1.989996
33.790337 1.989996
33.800335 1.989996
33.810333 1.989996
33.820332 1.989996
33.830330 1.989996
33.840328 1.989996
33.850327 1.989996
33.860325 1.989996
33.870323 1.989996
33.880322 1.989996
33.890320 1.989996
33.900318 1.989996
33.910316 1.989996
33.920315 1.989996
33.930313 1.989996
33.940311 1.989996
33.950310 1.989996
33.960308 1.989996
33.970306 1.989996
33.980305 1.989996
33.990303 1.989996
34.000301 1.989996
34.010300 1.989996
34.020298 1.989996
34.030296 1.989996
34.040295 1.989996
34.050293 1.989996
34.060291 1.989996
34.070290 1.989996
34.080288 1.989996
34.090286 1.989996
34.100285 1.989996
34.110283 1.989996
34.120281 1.989996
34.130280 1.989996
34.140278 1.989996
34.150276 1.989996
34.160275 1.989996
34.170273 1.989996
34.180271 1.989996
34.190269 1.989996
34.200268 1.989996
34.210266 1.989996
34.220264 1.989996
34.230263 1.989996
34.240261 1.989996
34.250259 1.989996
34.260258 1.989996
34.270256 1.989996
34.280254 1.989996
34.290253 1.989996
34.300251 1.989996
34.310249 1.989996
34.320248 1.989996
34.330246 1.989996
34.340244 1.989996
34.350243 1.989996
34.360241 1.989996
34.370239 1.989996
34.380238 1.989996
34.390236 1.989996
34.400234 1.989996
34.410233 1.989996
34.420231 1.989996
34.430229 1.989996
34.440228 1.989996
34.450226 1.989996
34.460224 1.989996
34.470222 1.989996
34.480221 1.989996
34.490219 1.989996
34.500217 1.989996
34.510216 1.989996
34.520214 1.989996
34.530212 1.989996
34.540211 1.989996
34.550209 1.989996
34.560207 1.989996
34.570206 1.989996
34.580204 1.989996
34.590202 1.989996
34.600201 1.989996
34.610199 1.989996
34.620197 1.989996
34.630196 1.989996
34.640194 1.989996
34.650192 1.989996
34.660191 1.989996
34.670189 1.989996
34.680187 1.989996
34.690186 1.989996
34.700184 1.989996
34.710182 1.989996
34.720181 1.989996
34.730179 1.989996
34.740177 1.989996
34.750175 1.989996
34.760174 1.989996
34.770172 1.989996
34.780170 1.989996
34.790169 1.989996
34.800167 1.989996
34.810165 1.989996
34.820164 1.989996
34.830162 1.989996
34.840160 1.989996
34.850159 1.989996
34.860157 1.989996
34.870155 1.989996
34.880154 1.989996
34.890152 1.989996
34.900150 1.989996
34.910149 1.989996
34.920147 1.989996
34.930145 1.989996
34.940144 1.989996
34.950142 1.989996
34.960140 1.989996
34.970139 1.989996
34.980137 1.989996
34.990135 1.989996
35.000134 1.989996
35.010132 1.989996
35.020130 1.989996
35.030128 1.989996
35.040127 1.989996
35.050125 1.989996
35.060123 1.989996
35.070122 1.989996
35.080120 1.989996
35.090118 1.989996
35.100117 1.989996
35.110115 1.989996
35.120113 1.989996
35.130112 1.989996
35.140110 1.989996
35.150108 1.989996
35.160107 1.989996
35.170105 1.989996
35.180103 1.989996
35.190102 1.989996
35.200100 1.989996
35.210098 1.989996
35.220097 1.989996
35.230095 1.989996
35.240093 1.989996
35.250092 1.989996
35.260090 1.989996
35.270088 1.989996
35.280087 1.989996
35.290085 1.989996
35.300083 1.989996
35.310081 1.989996
35.320080 1.989996
35.330078 1.989996
35.340076 1.989996
35.350075 1.989996
35.360073 1.989996
35.370071 1.989996
35.380070 1.989996
35.390068 1.989996
35.400066 1.989996
35.410065 1.989996
35.420063 1.989996
35.430061 1.989996
35.440060 1.989996
35.450058 1.989996
35.460056 1.989996
35.470055 1.989996
35.480053 1.989996
35.490051 1.989996
35.500050 1.989996
35.510048 1.989996
35.520046 1.989996
35.530045 1.989996
35.540043 1.989996
35.550041 1.989996
35.560040 1.989996
35.570038 1.989996
35.580036 1.989996
35.590034 1.989996
35.600033 1.989996
35.610031 1.989996
35.620029 1.989996
35.630028 1.989996
35.640026 1.989996
35.650024 1.989996
35.660023 1.989996
35.670021 1.989996
35.680019 1.989996
35.690018 1.989996
35.700016 1.989996
35.710014 1.989996
35.720013 1.989996
35.730011 1.989996
35.740009 1.989996
35.750008 1.989996
35.760006 1.989996
35.770004 1.989996
35.780003 1.989996
35.790001 1.989996
35.799999 1.989996
35.809998 1.989996
35.819996 1.989996
35.829994 1.989996
35.839993 1.989996
35.849991 1.989996
35.859989 1.989996
35.869987 1.989996
35.879986 1.989996
35.889984 1.989996
35.899982 1.989996
35.909981 1.989996
35.919979 1.989996
35.929977 1.989996
35.939976 1.989996
35.949974 1.989996
35.959972 1.989996
35.969971 1.989996
35.979969 1.989996
35.989967 1.989996
35.999966 1.989996
36.009964 1.989996
36.019962 1.989996
36.029961 1.989996
36.039959 1.989996
36.049957 1.989996
36.059956 1.989996
36.069954 1.989996
36.079952 1.989996
36.089951 1.989996
36.099949 1.989996
36.109947 1.989996
36.119946 1.989996
36.129944 1.989996
36.139942 1.989996
36.149940 1.989996
36.159939 1.989996
36.169937 1.989996
36.179935 1.989996
36.189934 1.989996
36.199932 1.989996
36.209930 1.989996
36.219929 1.989996
36.229927 1.989996
36.239925 1.989996
36.249924 1.989996
36.259922 1.989996
36.269920 1.989996
36.279919 1.989996
36.289917 1.989996
36.299915 1.989996
36.309914 1.989996
36.319912 1.989996
36.329910 1.989996
36.339909 1.989996
36.349907 1.989996
36.359905 1.989996
36.369904 1.989996
36.379902 1.989996
36.389900 1.989996
36.399899 1.989996
36.409897 1.989996
36.419895 1.989996
36.429893 1.989996
36.439892 1.989996
36.449890 1.989996
36.459888 1.989996
36.469887 1.989996
36.479885 1.989996
36.489883 1.989996
36.499882 1.989996
36.509880 1.989996
36.519878 1.989996
36.529877 1.989996
36.539875 1.989996
36.549873 1.989996
36.559872 1.989996
36.569870 1.989996
36.579868 1.989996
36.589867 1.989996
36.599865 1.989996
36.609863 1.989996
36.619862 1.989996
36.629860 1.989996
36.639858 1.989996
36.649857 1.989996
36.659855 1.989996
36.669853 1.989996
36.679852 1.989996
36.689850 1.989996
36.699848 1.989996
36.709846 1.989996
36.719845 1.989996
36.729843 1.989996
36.739841 1.989996
36.749840 1.989996
36.759838 1.989996
36.769836 1.989996
36.779835 1.989996
36.789833 1.989996
36.799831 1.989996
36.809830 1.989996
36.819828 1.989996
36.829826 1.989996
36.839825 1.989996
36.849823 1.989996
36.859821 1.989996
36.869820 1.989996
36.879818 1.989996
36.889816 1.989996
36.899815 1.989996
36.909813 1.989996
36.919811 1.989996
36.929810 1.989996
36.939808 1.989996
36.949806 1.989996
36.959805 1.989996
36.969803 1.989996
36.979801 1.989996
36.989799 1.989996
36.999798 1.989996
37.009796 1.989996
37.019794 1.989996
37.029793 1.989996
37.039791 1.989996
37.049789 1.989996
37.059788 1.989996
37.069786 1.989996
37.079784 1.989996
37.089783 1.989996
37.099781 1.989996
37.109779 1.989996
37.119778 1.989996
37.129776 1.989996
37.139774 1.989996
37.149773 1.989996
37.159771 1.989996
37.169769 1.989996
37.179768 1.989996
37.189766 1.989996
37.199764 1.989996
37.209763 1.989996
37.219761 1.989996
37.229759 1.989996
37.239758 1.989996
37.249756 1.989996
37.259754 1.989996
37.269753 1.989996
37.279751 1.989996
37.289749 1.989996
37.299747 1.989996
37.309746 1.989996
37.319744 1.989996
37.329742 1.989996
37.339741 1.989996
37.349739 1.989996
37.359737 1.989996
37.369736 1.989996
37.379734 1.989996
37.389732 1.989996
37.399731 1.989996
37.409729 1.989996
37.419727 1.989996
37.429726 1.989996
37.439724 1.989996
37.449722 1.989996
37.459721 1.989996
37.469719 1.989996
37.479717 1.989996
37.489716 1.989996
37.499714 1.989996
37.509712 1.989996
37.519711 1.989996
37.529709 1.989996
37.539707 1.989996
37.549706 1.989996
37.559704 1.989996
37.569702 1.989996
37.579700 1.989996
37.589699 1.989996
37.599697 1.989996
37.609695 1.989996
37.619694 1.989996
37.629692 1.989996
37.639690 1.989996
37.649689 1.989996
37.659687 1.989996
37.669685 1.989996
37.679684 1.989996
37.689682 1.989996
37.699680 1.989996
37.709679 1.989996
37.719677 1.989996
37.729675 1.989996
37.739674 1.989996
37.749672 1.989996
37.759670 1.989996
37.769669 1.989996
37.779667 1.989996
37.789665 1.989996
37.799664 1.989996
37.809662 1.989996
37.819660 1.989996
37.829659 1.989996
37.839657 1.989996
37.849655 1.989996
37.859653 1.989996
37.869652 1.989996
37.879650 1.989996
37.889648 1.989996
37.899647 1.989996
37.909645 1.989996
37.919643 1.989996
37.929642 1.989996
37.939640 1.989996
37.949638 1.989996
37.959637 1.989996
37.969635 1.989996
37.979633 1.989996
37.989632 1.989996
37.999630 1.989996
38.009628 1.989996
38.019627 1.989996
38.029625 1.989996
38.039623 1.989996
38.049622 1.989996
38.059620 1.989996
38.069618 1.989996
38.079617 1.989996
38.089615 1.989996
38.099613 1.989996
38.109612 1.989996
38.119610 1.989996
38.129608 1.989996
38.139606 1.989996
38.149605 1.989996
38.159603 1.989996
38.169601 1.989996
38.179600 1.989996
38.189598 1.989996
38.199596 1.989996
38.209595 1.989996
38.219593 1.989996
38.229591 1.989996
38.239590 1.989996
38.249588 1.989996
38.259586 1.989996
38.269585 1.989996
38.279583 1.989996
38.289581 1.989996
38.299580 1.989996
38.309578 1.989996
38.319576 1.989996
38.329575 1.989996
38.339573 1.989996
38.349571 1.989996
38.359570 1.989996
38.369568 1.989996
38.379566 1.989996
38.389565 1.989996
38.399563 1.989996
38.409561 1.989996
38.419559 1.989996
38.429558 1.989996
38.439556 1.989996
38.449554 1.989996
38.459553 1.989996
38.469551 1.989996
38.479549 1.989996
38.489548 1.989996
38.499546 1.989996
38.509544 1.989996
38.519543 1.989996
38.529541 1.989996
38.539539 1.989996
38.549538 1.989996
38.559536 1.989996
38.569534 1.989996
38.579533 1.989996
38.589531 1.989996
38.599529 1.989996
38.609528 1.989996
38.619526 1.989996
38.629524 1.989996
38.639523 1.989996
38.649521 1.989996
38.659519 1.989996
38.669518 1.989996
38.679516 1.989996
38.689514 1.989996
38.699512 1.989996
38.709511 1.989996
38.719509 1.989996
38.729507 1.989996
38.739506 1.989996
38.749504 1.989996
38.759502 1.989996
38.769501 1.989996
38.779499 1.989996
38.789497 1.989996
38.799496 1.989996
38.809494 1.989996
38.819492 1.989996
38.829491 1.989996
38.839489 1.989996
38.849487 1.989996
38.859486 1.989996
38.869484 1.989996
38.879482 1.989996
38.889481 1.989996
38.899479 1.989996
38.909477 1.989996
38.919476 1.989996
38.929474 1.989996
38.939472 1.989996
38.949471 1.989996
38.959469 1.989996
38.969467 1.989996
38.979465 1.989996
38.989464 1.989996
38.999462 1.989996
39.009460 1.989996
39.019459 1.989996
39.029457 1.989996
39.039455 1.989996
39.049454 1.989996
39.059452 1.989996
39.069450 1.989996
39.079449 1.989996
39.089447 1.989996
39.099445 1.989996
39.109444 1.989996
39.119442 1.989996
39.129440 1.989996
39.139439 1.989996
39.149437 1.989996
39.159435 1.989996
39.169434 1.989996
39.179432 1.989996
39.189430 1.989996
39.199429 1.989996
39.209427 1.989996
39.219425 1.989996
39.229424 1.989996
39.239422 1.989996
39.249420 1.989996
39.259418 1.989996
39.269417 1.989996
39.279415 1.989996
39.289413 1.989996
39.299412 1.989996
39.309410 1.989996
39.319408 1.989996
39.329407 1.989996
39.339405 1.989996
39.349403 1.989996
39.359402 1.989996
39.369400 1.989996
39.379398 1.989996
39.389397 1.989996
39.399395 1.989996
39.409393 1.989996
39.419392 1.989996
39.429390 1.989996
39.439388 1.989996
39.449387 1.989996
39.459385 1.989996
39.469383 1.989996
39.479382 1.989996
39.489380 1.989996
39.499378 1.989996
39.509377 1.989996
39.519375 1.989996
39.529373 1.989996
39.539371 1.989996
39.549370 1.989996
39.559368 1.989996
39.569366 1.989996
39.579365 1.989996
39.589363 1.989996
39.599361 1.989996
39.609360 1.989996
39.619358 1.989996
39.629356 1.989996
39.639355 1.989996
39.649353 1.989996
39.659351 1.989996
39.669350 1.989996
39.679348 1.989996
39.689346 1.989996
39.699345 1.989996
39.709343 1.989996
39.719341 1.989996
39.729340 1.989996
39.739338 1.989996
39.749336 1.989996
39.759335 1.989996
39.769333 1.989996
39.779331 1.989996
39.789330 1.989996
39.799328 1.989996
39.809326 1.989996
39.819324 1.989996
39.829323 1.989996
39.839321 1.989996
39.849319 1.989996
39.859318 1.989996
39.869316 1.989996
39.879314 1.989996
39.889313 1.989996
39.899311 1.989996
39.909309 1.989996
39.919308 1.989996
39.929306 1.989996
39.939304 1.989996
39.949303 1.989996
39.959301 1.989996
39.969299 1.989996
39.979298 1.989996
39.989296 1.989996
39.999294 1.989996
40.009293 1.989996
40.019291 1.989996
40.029289 1.989996
40.039288 1.989996
40.049286 1.989996
40.059284 1.989996
40.069283 1.989996
40.079281 1.989996
40.089279 1.989996
40.099277 1.989996
40.109276 1.989996
40.119274 1.989996
40.129272 1.989996
40.139271 1.989996
40.149269 1.989996
40.159267 1.989996
40.169266 1.989996
40.179264 1.989996
40.189262 1.989996
40.199261 1.989996
40.209259 1.989996
40.219257 1.989996
40.229256 1.989996
40.239254 1.989996
40.249252 1.989996
40.259251 1.989996
40.269249 1.989996
40.279247 1.989996
40.289246 1.989996
40.299244 1.989996
40.309242 1.989996
40.319241 1.989996
40.329239 1.989996
40.339237 1.989996
40.349236 1.989996
40.359234 1.989996
40.369232 1.989996
40.379230 1.989996
40.389229 1.989996
40.399227 1.989996
40.409225 1.989996
40.419224 1.989996
40.429222 1.989996
40.439220 1.989996
40.449219 1.989996
40.459217 1.989996
40.469215 1.989996
40.479214 1.989996
40.489212 1.989996
40.499210 1.989996
40.509209 1.989996
40.519207 1.989996
40.529205 1.989996
40.539204 1.989996
40.549202 1.989996
40.559200 1.989996
40.569199 1.989996
40.579197 1.989996
40.589195 1.989996
40.599194 1.989996
40.609192 1.989996
40.619190 1.989996
40.629189 1.989996
40.639187 1.989996
40.649185 1.989996
40.659184 1.989996
40.669182 1.989996
40.679180 1.989996
40.689178 1.989996
40.699177 1.989996
40.709175 1.989996
40.719173 1.989996
40.729172 1.989996
40.739170 1.989996
40.749168 1.989996
40.759167 1.989996
40.769165 1.989996
40.779163 1.989996
40.789162 1.989996
40.799160 1.989996
40.809158 1.989996
40.819157 1.989996
40.829155 1.989996
40.839153 1.989996
40.849152 1.989996
40.859150 1.989996
40.869148 1.989996
40.879147 1.989996
40.889145 1.989996
40.899143 1.989996
40.909142 1.989996
40.919140 1.989996
40.929138 1.989996
40.939137 1.989996
40.949135 1.989996
40.959133 1.989996
40.969131 1.989996
40.979130 1.989996
40.989128 1.989996
40.999126 1.989996
41.009125 1.989996
41.019123 1.989996
41.029121 1.989996
41.039120 1.989996
41.049118 1.989996
41.059116 1.989996
41.069115 1.989996
41.079113 1.989996
41.089111 1.989996
41.099110 1.989996
41.109108 1.989996
41.119106 1.989996
41.129105 1.989996
41.139103 1.989996
41.149101 1.989996
41.159100 1.989996
41.169098 1.989996
41.179096 1.989996
41.189095 1.989996
41.199093 1.989996
41.209091 1.989996
41.219090 1.989996
41.229088 1.989996
41.239086 1.989996
41.249084 1.989996
41.259083 1.989996
41.269081 1.989996
41.279079 1.989996
41.289078 1.989996
41.299076 1.989996
41.309074 1.989996
41.319073 1.989996
41.329071 1.989996
41.339069 1.989996
41.349068 1.989996
41.359066 1.989996
41.369064 1.989996
41.379063 1.989996
41.389061 1.989996
41.399059 1.989996
41.409058 1.989996
41.419056 1.989996
41.429054 1.989996
41.439053 1.989996
41.449051 1.989996
41.459049 1.989996
41.469048 1.989996
41.479046 1.989996
41.489044 1.989996
41.499043 1.989996
41.509041 1.989996
41.519039 1.989996
41.529037 1.989996
41.539036 1.989996
41.549034 1.989996
41.559032 1.989996
41.569031 1.989996
41.579029 1.989996
41.589027 1.989996
41.599026 1.989996
41.609024 1.989996
41.619022 1.989996
41.629021 1.989996
41.639019 1.989996
41.649017 1.989996
41.659016 1.989996
41.669014 1.989996
41.679012 1.989996
41.689011 1.989996
41.699009 1.989996
41.709007 1.989996
41.719006 1.989996
41.729004 1.989996
41.739002 1.989996
41.749001 1.989996
41.758999 1.989996
41.768997 1.989996
41.778996 1.989996
41.788994 1.989996
41.798992 1.989996
41.808990 1.989996
41.818989 1.989996
41.828987 1.989996
41.838985 1.989996
41.848984 1.989996
41.858982 1.989996
41.868980 1.989996
41.878979 1.989996
41.888977 1.989996
41.898975 1.989996
41.908974 1.989996
41.918972 1.989996
41.928970 1.989996
41.938969 1.989996
41.948967 1.989996
41.958965 1.989996
41.968964 1.989996
41.978962 1.989996
41.988960 1.989996
41.998959 1.989996
42.008957 1.989996
42.018955 1.989996
42.028954 1.989996
42.038952 1.989996
42.048950 1.989996
42.058949 1.989996
42.068947 1.989996
42.078945 1.989996
42.088943 1.989996
42.098942 1.989996
42.108940 1.989996
42.118938 1.989996
42.128937 1.989996
42.138935 1.989996
42.148933 1.989996
42.158932 1.989996
42.168930 1.989996
42.178928 1.989996
42.188927 1.989996
42.198925 1.989996
42.208923 1.989996
42.218922 1.989996
42.228920 1.989996
42.238918 1.989996
42.248917 1.989996
42.258915 1.989996
42.268913 1.989996
42.278912 1.989996
42.288910 1.989996
42.298908 1.989996
42.308907 1.989996
42.318905 1.989996
42.328903 1.989996
42.338902 1.989996
42.348900 1.989996
42.358898 1.989996
42.368896 1.989996
42.378895 1.989996
42.388893 1.989996
42.398891 1.989996
42.408890 1.989996
42.418888 1.989996
42.428886 1.989996
42.438885 1.989996
42.448883 1.989996
42.458881 1.989996
42.468880 1.989996
42.478878 1.989996
42.488876 1.989996
42.498875 1.989996
42.508873 1.989996
42.518871 1.989996
42.528870 1.989996
42.538868 1.989996
42.548866 1.989996
42.558865 1.989996
42.568863 1.989996
42.578861 1.989996
42.588860 1.989996
42.598858 1.989996
42.608856 1.989996
42.618855 1.989996
42.628853 1.989996
42.638851 1.989996
42.648849 1.989996
42.658848 1.989996
42.668846 1.989996
42.678844 1.989996
42.688843 1.989996
42.698841 1.989996
42.708839 1.989996
42.718838 1.989996
42.728836 1.989996
42.738834 1.989996
42.748833 1.989996
42.758831 1.989996
42.768829 1.989996
42.778828 1.989996
42.788826 1.989996
42.798824 1.989996
42.808823 1.989996
42.818821 1.989996
42.828819 1.989996
42.838818 1.989996
42.848816 1.989996
42.858814 1.989996
42.868813 1.989996
42.878811 1.989996
42.888809 1.989996
42.898808 1.989996
42.908806 1.989996
42.918804 1.989996
42.928802 1.989996
42.938801 1.989996
42.948799 1.989996
42.958797 1.989996
42.968796 1.989996
42.978794 1.989996
42.988792 1.989996
42.998791 1.989996
43.008789 1.989996
43.018787 1.989996
43.028786 1.989996
43.038784 1.989996
43.048782 1.989996
43.058781 1.989996
43.068779 1.989996
43.078777 1.989996
43.088776 1.989996
43.098774 1.989996
43.108772 1.989996
43.118771 1.989996
43.128769 1.989996
43.138767 1.989996
43.148766 1.989996
43.158764 1.989996
43.168762 1.989996
43.178761 1.989996
43.188759 1.989996
43.198757 1.989996
43.208755 1.989996
43.218754 1.989996
43.228752 1.989996
43.238750 1.989996
43.248749 1.989996
43.258747 1.989996
43.268745 1.989996
43.278744 1.989996
43.288742 1.989996
43.298740 1.989996
43.308739 1.989996
43.318737 1.989996
43.328735 1.989996
43.338734 1.989996
43.348732 1.989996
43.358730 1.989996
43.368729 1.989996
43.378727 1.989996
43.388725 1.989996
43.398724 1.989996
43.408722 1.989996
43.418720 1.989996
43.428719 1.989996
43.438717 1.989996
43.448715 1.989996
43.458714 1.989996
43.468712 1.989996
43.478710 1.989996
43.488708 1.989996
43.498707 1.989996
43.508705 1.989996
43.518703 1.989996
43.528702 1.989996
43.538700 1.989996
43.548698 1.989996
43.558697 1.989996
43.568695 1.989996
43.578693 1.989996
43.588692 1.989996
43.598690 1.989996
43.608688 1.989996
43.618687 1.989996
43.628685 1.989996
43.638683 1.989996
43.648682 1.989996
43.658680 1.989996
43.668678 1.989996
43.678677 1.989996
43.688675 1.989996
43.698673 1.989996
43.708672 1.989996
43.718670 1.989996
43.728668 1.989996
43.738667 1.989996
43.748665 1.989996
43.758663 1.989996
43.768661 1.989996
43.778660 1.989996
43.788658 1.989996
43.798656 1.989996
43.808655 1.989996
43.818653 1.989996
43.828651 1.989996
43.838650 1.989996
43.848648 1.989996
43.858646 1.989996
43.868645 1.989996
43.878643 1.989996
43.888641 1.989996
43.898640 1.989996
43.908638 1.989996
43.918636 1.989996
43.928635 1.989996
43.938633 1.989996
43.948631 1.989996
43.958630 1.989996
43.968628 1.989996
43.978626 1.989996
43.988625 1.989996
43.998623 1.989996
44.008621 1.989996
44.018620 1.989996
44.028618 1.989996
44.038616 1.989996
44.048615 1.989996
44.058613 1.989996
44.068611 1.989996
44.078609 1.989996
44.088608 1.989996
44.098606 1.989996
44.108604 1.989996
44.118603 1.989996
44.128601 1.989996
44.138599 1.989996
44.148598 1.989996
44.158596 1.989996
44.168594 1.989996
44.178593 1.989996
44.188591 1.989996
44.198589 1.989996
44.208588 1.989996
44.218586 1.989996
44.228584 1.989996
44.238583 1.989996
44.248581 1.989996
44.258579 1.989996
44.268578 1.989996
44.278576 1.989996
44.288574 1.989996
44.298573 1.989996
44.308571 1.989996
44.318569 1.989996
44.328568 1.989996
44.338566 1.989996
44.348564 1.989996
44.358562 1.989996
44.368561 1.989996
44.378559 1.989996
44.388557 1.989996
44.398556 1.989996
44.408554 1.989996
44.418552 1.989996
44.428551 1.989996
44.438549 1.989996
44.448547 1.989996
44.458546 1.989996
44.468544 1.989996
44.478542 1.989996
44.488541 1.989996
44.498539 1.989996
44.508537 1.989996
44.518536 1.989996
44.528534 1.989996
44.538532 1.989996
44.548531 1.989996
44.558529 1.989996
44.568527 1.989996
44.578526 1.989996
44.588524 1.989996
44.598522 1.989996
44.608521 1.989996
44.618519 1.989996
44.628517 1.989996
44.638515 1.989996
44.648514 1.989996
44.658512 1.989996
44.668510 1.989996
44.678509 1.989996
44.688507 1.989996
44.698505 1.989996
44.708504 1.989996
44.718502 1.989996
44.728500 1.989996
44.738499 1.989996
44.748497 1.989996
44.758495 1.989996
44.768494 1.989996
44.778492 1.989996
44.788490 1.989996
44.798489 1.989996
44.808487 1.989996
44.818485 1.989996
44.828484 1.989996
44.838482 1.989996
44.848480 1.989996
44.858479 1.989996
44.868477 1.989996
44.878475 1.989996
44.888474 1.989996
44.898472 1.989996
44.908470 1.989996
44.918468 1.989996
44.928467 1.989996
44.938465 1.989996
44.948463 1.989996
44.958462 1.989996
44.968460 1.989996
44.978458 1.989996
44.988457 1.989996
44.998455 1.989996
45.008453 1.989996
45.018452 1.989996
45.028450 1.989996
45.038448 1.989996
45.048447 1.989996
45.058445 1.989996
45.068443 1.989996
45.078442 1.989996
45.088440 1.989996
45.098438 1.989996
45.108437 1.989996
45.118435 1.989996
45.128433 1.989996
45.138432 1.989996
45.148430 1.989996
45.158428 1.989996
45.168427 1.989996
45.178425 1.989996
45.188423 1.989996
45.198421 1.989996
45.208420 1.989996
45.218418 1.989996
45.228416 1.989996
45.238415 1.989996
45.248413 1.989996
45.258411 1.989996
45.268410 1.989996
45.278408 1.989996
45.288406 1.989996
45.298405 1.989996
45.308403 1.989996
45.318401 1.989996
45.328400 1.989996
45.338398 1.989996
45.348396 1.989996
45.358395 1.989996
45.368393 1.989996
45.378391 1.989996
45.388390 1.989996
45.398388 1.989996
45.408386 1.989996
45.418385 1.989996
45.428383 1.989996
45.438381 1.989996
45.448380 1.989996
45.458378 1.989996
45.468376 1.989996
45.478374 1.989996
45.488373 1.989996
45.498371 1.989996
45.508369 1.989996
45.518368 1.989996
45.528366 1.989996
45.538364 1.989996
45.548363 1.989996
45.558361 1.989996
45.568359 1.989996
45.578358 1.989996
45.588356 1.989996
45.598354 1.989996
45.608353 1.989996
45.618351 1.989996
45.628349 1.989996
45.638348 1.989996
45.648346 1.989996
45.658344 1.989996
45.668343 1.989996
45.678341 1.989996
45.688339 1.989996
45.698338 1.989996
45.708336 1.989996
45.718334 1.989996
45.728333 1.989996
45.738331 1.989996
45.748329 1.989996
45.758327 1.989996
45.768326 1.989996
45.778324 1.989996
45.788322 1.989996
45.798321 1.989996
45.808319 1.989996
45.818317 1.989996
45.828316 1.989996
45.838314 1.989996
45.848312 1.989996
45.858311 1.989996
45.868309 1.989996
45.878307 1.989996
45.888306 1.989996
45.898304 1.989996
45.908302 1.989996
45.918301 1.989996
45.928299 1.989996
45.938297 1.989996
45.948296 1.989996
45.958294 1.989996
45.968292 1.989996
45.978291 1.989996
45.988289 1.989996
45.998287 1.989996
46.008286 1.989996
46.018284 1.989996
46.028282 1.989996
46.038280 1.989996
46.048279 1.989996
46.058277 1.989996
46.068275 1.989996
46.078274 1.989996
46.088272 1.989996
46.098270 1.989996
46.108269 1.989996
46.118267 1.989996
46.128265 1.989996
46.138264 1.989996
46.148262 1.989996
46.158260 1.989996
46.168259 1.989996
46.178257 1.989996
46.188255 1.989996
46.198254 1.989996
46.208252 1.989996
46.218250 1.989996
46.228249 1.989996
46.238247 1.989996
46.248245 1.989996
46.258244 1.989996
46.268242 1.989996
46.278240 1.989996
46.288239 1.989996
46.298237 1.989996
46.308235 1.989996
46.318233 1.989996
46.328232 1.989996
46.338230 1.989996
46.348228 1.989996
46.358227 1.989996
46.368225 1.989996
46.378223 1.989996
46.388222 1.989996
46.398220 1.989996
46.408218 1.989996
46.418217 1.989996
46.428215 1.989996
46.438213 1.989996
46.448212 1.989996
46.458210 1.989996
46.468208 1.989996
46.478207 1.989996
46.488205 1.989996
46.498203 1.989996
46.508202 1.989996
46.518200 1.989996
46.528198 1.989996
46.538197 1.989996
46.548195 1.989996
46.558193 1.989996
46.568192 1.989996
46.578190 1.989996
46.588188 1.989996
46.598186 1.989996
46.608185 1.989996
46.618183 1.989996
46.628181 1.989996
46.638180 1.989996
46.648178 1.989996
46.658176 1.989996
46.668175 1.989996
46.678173 1.989996
46.688171 1.989996
46.698170 1.989996
46.708168 1.989996
46.718166 1.989996
46.728165 1.989996
46.738163 1.989996
46.748161 1.989996
46.758160 1.989996
46.768158 1.989996
46.778156 1.989996
46.788155 1.989996
46.798153 1.989996
46.808151 1.989996
46.818150 1.989996
46.828148 1.989996
46.838146 1.989996
46.848145 1.989996
46.858143 1.989996
46.868141 1.989996
46.878139 1.989996
46.888138 1.989996
46.898136 1.989996
46.908134 1.989996
46.918133 1.989996
46.928131 1.989996
46.938129 1.989996
46.948128 1.989996
46.958126 1.989996
46.968124 1.989996
46.978123 1.989996
46.988121 1.989996
46.998119 1.989996
47.008118 1.989996
47.018116 1.989996
47.028114 1.989996
47.038113 1.989996
47.048111 1.989996
47.058109 1.989996
47.068108 1.989996
47.078106 1.989996
47.088104 1.989996
47.098103 1.989996
47.108101 1.989996
47.118099 1.989996
47.128098 1.989996
47.138096 1.989996
47.148094 1.989996
47.158092 1.989996
47.168091 1.989996
47.178089 1.989996
47.188087 1.989996
47.198086 1.989996
47.208084 1.989996
47.218082 1.989996
47.228081 1.989996
47.238079 1.989996
47.248077 1.989996
47.258076 1.989996
47.268074 1.989996
47.278072 1.989996
47.288071 1.989996
47.298069 1.989996
47.308067 1.989996
47.318066 1.989996
47.328064 1.989996
47.338062 1.989996
47.348061 1.989996
47.358059 1.989996
47.368057 1.989996
47.378056 1.989996
47.388054 1.989996
47.398052 1.989996
47.408051 1.989996
47.418049 1.989996
47.428047 1.989996
47.438046 1.989996
47.448044 1.989996
47.458042 1.989996
47.468040 1.989996
47.478039 1.989996
47.488037 1.989996
47.498035 1.989996
47.508034 1.989996
47.518032 1.989996
47.528030 1.989996
47.538029 1.989996
47.548027 1.989996
47.558025 1.989996
47.568024 1.989996
47.578022 1.989996
47.588020 1.989996
47.598019 1.989996
47.608017 1.989996
47.618015 1.989996
47.628014 1.989996
47.638012 1.989996
47.648010 1.989996
47.658009 1.989996
47.668007 1.989996
47.678005 1.989996
47.688004 1.989996
47.698002 1.989996
47.708000 1.989996
47.717999 1.989996
47.727997 1.989996
47.737995 1.989996
47.747993 1.989996
47.757992 1.989996
47.767990 1.989996
47.777988 1.989996
47.787987 1.989996
47.797985 1.989996
47.807983 1.989996
47.817982 1.989996
47.827980 1.989996
47.837978 1.989996
47.847977 1.989996
47.857975 1.989996
47.867973 1.989996
47.877972 1.989996
47.887970 1.989996
47.897968 1.989996
47.907967 1.989996
47.917965 1.989996
47.927963 1.989996
47.937962 1.989996
47.947960 1.989996
47.957958 1.989996
47.967957 1.989996
47.977955 1.989996
47.987953 1.989996
47.997952 1.989996
48.007950 1.989996
48.017948 1.989996
48.027946 1.989996
48.037945 1.989996
48.047943 1.989996
48.057941 1.989996
48.067940 1.989996
48.077938 1.989996
48.087936 1.989996
48.097935 1.989996
48.107933 1.989996
48.117931 1.989996
48.127930 1.989996
48.137928 1.989996
48.147926 1.989996
48.157925 1.989996
48.167923 1.989996
48.177921 1.989996
48.187920 1.989996
48.197918 1.989996
48.207916 1.989996
48.217915 1.989996
48.227913 1.989996
48.237911 1.989996
48.247910 1.989996
48.257908 1.989996
48.267906 1.989996
48.277905 1.989996
48.287903 1.989996
48.297901 1.989996
48.307899 1.989996
48.317898 1.989996
48.327896 1.989996
48.337894 1.989996
48.347893 1.989996
48.357891 1.989996
48.367889 1.989996
48.377888 1.989996
48.387886 1.989996
48.397884 1.989996
48.407883 1.989996
48.417881 1.989996
48.427879 1.989996
48.437878 1.989996
48.447876 1.989996
48.457874 1.989996
48.467873 1.989996
48.477871 1.989996
48.487869 1.989996
48.497868 1.989996
48.507866 1.989996
48.517864 1.989996
48.527863 1.989996
48.537861 1.989996
48.547859 1.989996
48.557858 1.989996
48.567856 1.989996
48.577854 1.989996
48.587852 1.989996
48.597851 1.989996
48.607849 1.989996
48.617847 1.989996
48.627846 1.989996
48.637844 1.989996
48.647842 1.989996
48.657841 1.989996
48.667839 1.989996
48.677837 1.989996
48.687836 1.989996
48.697834 1.989996
48.707832 1.989996
48.717831 1.989996
48.727829 1.989996
48.737827 1.989996
48.747826 1.989996
48.757824 1.989996
48.767822 1.989996
48.777821 1.989996
48.787819 1.989996
48.797817 1.989996
48.807816 1.989996
48.817814 1.989996
48.827812 1.989996
48.837811 1.989996
48.847809 1.989996
48.857807 1.989996
48.867805 1.989996
48.877804 1.989996
48.887802 1.989996
48.897800 1.989996
48.907799 1.989996
48.917797 1.989996
48.927795 1.989996
48.937794 1.989996
48.947792 1.989996
48.957790 1.989996
48.967789 1.989996
48.977787 1.989996
48.987785 1.989996
48.997784 1.989996
49.007782 1.989996
49.017780 1.989996
49.027779 1.989996
49.037777 1.989996
49.047775 1.989996
49.057774 1.989996
49.067772 1.989996
49.077770 1.989996
49.087769 1.989996
49.097767 1.989996
49.107765 1.989996
49.117764 1.989996
49.127762 1.989996
49.137760 1.989996
49.147758 1.989996
49.157757 1.989996
49.167755 1.989996
49.177753 1.989996
49.187752 1.989996
49.197750 1.989996
49.207748 1.989996
49.217747 1.989996
49.227745 1.989996
49.237743 1.989996
49.247742 1.989996
49.257740 1.989996
49.267738 1.989996
49.277737 1.989996
49.287735 1.989996
49.297733 1.989996
49.307732 1.989996
49.317730 1.989996
49.327728 1.989996
49.337727 1.989996
49.347725 1.989996
49.357723 1.989996
49.367722 1.989996
49.377720 1.989996
49.387718 1.989996
49.397717 1.989996
49.407715 1.989996
49.417713 1.989996
49.427711 1.989996
49.437710 1.989996
49.447708 1.989996
49.457706 1.989996
49.467705 1.989996
49.477703 1.989996
49.487701 1.989996
49.497700 1.989996
49.507698 1.989996
49.517696 1.989996
49.527695 1.989996
49.537693 1.989996
49.547691 1.989996
49.557690 1.989996
49.567688 1.989996
49.577686 1.989996
49.587685 1.989996
49.597683 1.989996
49.607681 1.989996
49.617680 1.989996
49.627678 1.989996
49.637676 1.989996
49.647675 1.989996
49.657673 1.989996
49.667671 1.989996
49.677670 1.989996
49.687668 1.989996
49.697666 1.989996
49.707664 1.989996
49.717663 1.989996
49.727661 1.989996
49.737659 1.989996
49.747658 1.989996
49.757656 1.989996
49.767654 1.989996
49.777653 1.989996
49.787651 1.989996
49.797649 1.989996
49.807648 1.989996
49.817646 1.989996
49.827644 1.989996
49.837643 1.989996
49.847641 1.989996
49.857639 1.989996
49.867638 1.989996
49.877636 1.989996
49.887634 1.989996
49.897633 1.989996
49.907631 1.989996
49.917629 1.989996
49.927628 1.989996
49.937626 1.989996
49.947624 1.989996
49.957623 1.989996
49.967621 1.989996
49.977619 1.989996
49.987617 1.989996
49.997616 1.989996
50.007614 1.989996
