0.010000 1.010020
0.020000 1.020059
0.030000 1.030115
0.040000 1.040188
0.050000 1.050277
0.060000 1.060380
0.070000 1.070495
0.080000 1.080623
0.090000 1.090762
0.100000 1.100911
0.110000 1.111068
0.120000 1.121233
0.130000 1.131405
0.140000 1.141582
0.150000 1.151763
0.160000 1.161948
0.170000 1.172135
0.180000 1.182323
0.190000 1.192512
0.200000 1.202700
0.210000 1.212886
0.220000 1.223070
0.230000 1.233249
0.240000 1.243424
0.250000 1.253593
0.260000 1.263756
0.270000 1.273910
0.280000 1.284056
0.290000 1.294193
0.300000 1.304319
0.310000 1.314433
0.320000 1.324535
0.330000 1.334624
0.340000 1.344699
0.350000 1.354759
0.360000 1.364803
0.370000 1.374830
0.380000 1.384839
0.390000 1.394829
0.400000 1.404801
0.410000 1.414752
0.420000 1.424682
0.430000 1.434590
0.440000 1.444475
0.450000 1.454337
0.460000 1.464174
0.470000 1.473986
0.480000 1.483773
0.490000 1.493532
0.500000 1.503265
0.510000 1.512969
0.520000 1.522644
0.530000 1.532289
0.540000 1.541905
0.550000 1.551489
0.560000 1.561041
0.570000 1.570561
0.580000 1.580047
0.590000 1.589500
0.600000 1.598918
0.610000 1.608300
0.620000 1.617647
0.630000 1.626958
0.640000 1.636231
0.650000 1.645466
0.660000 1.654663
0.670000 1.663821
0.680000 1.672939
0.690000 1.682017
0.700000 1.691054
0.710000 1.700050
0.720000 1.709004
0.730000 1.717915
0.740000 1.726783
0.750000 1.735608
0.760000 1.744388
0.770000 1.753124
0.780000 1.761814
0.790000 1.770459
0.800000 1.779058
0.810000 1.787610
0.820000 1.796114
0.830000 1.804572
0.839999 1.812981
0.849999 1.821341
0.859999 1.829652
0.869999 1.837914
0.879999 1.846126
0.889999 1.854288
0.899999 1.862399
0.909999 1.870459
0.919999 1.878467
0.929999 1.886424
0.939999 1.894328
0.949999 1.902179
0.959999 1.909978
0.969999 1.917723
0.979999 1.925414
0.989999 1.933051
0.999999 1.940634
1.009999 1.948163
1.019999 1.955636
1.029999 1.963053
1.039999 1.970416
1.049999 1.977722
1.059999 1.984972
1.069999 1.992165
1.079999 1.999302
1.089999 2.006382
1.099999 2.013404
1.109999 2.020369
1.119999 2.027276
1.129999 2.034125
1.139999 2.040916
1.149999 2.047648
1.159999 2.054322
1.169999 2.060937
1.179999 2.067493
1.189999 2.073990
1.199999 2.080427
1.209999 2.086805
1.219999 2.093123
1.229999 2.099382
1.239999 2.105580
1.249999 2.111718
1.259999 2.117796
1.269999 2.123814
1.279999 2.129771
1.289999 2.135667
1.299999 2.141502
1.309999 2.147277
1.319999 2.152991
1.329999 2.158644
1.339999 2.164236
1.349999 2.169766
1.359999 2.175236
1.369999 2.180644
1.379999 2.185991
1.389999 2.191276
1.399999 2.196500
1.409999 2.201663
1.419999 2.206764
1.429999 2.211803
1.439999 2.216782
1.449999 2.221698
1.459999 2.226553
1.469999 2.231347
1.479999 2.236079
1.489999 2.240750
1.499999 2.245359
1.509999 2.249907
1.519999 2.254393
1.529999 2.258818
1.539999 2.263182
1.549999 2.267484
1.559999 2.271726
1.569999 2.275906
1.579999 2.280026
1.589999 2.284084
1.599999 2.288082
1.609999 2.292018
1.619999 2.295894
1.629999 2.299710
1.639999 2.303465
1.649999 2.307159
1.659999 2.310793
1.669999 2.314368
1.679999 2.317882
1.689999 2.321336
1.699999 2.324730
1.709999 2.328065
1.719999 2.331340
1.729999 2.334556
1.739999 2.337713
1.749999 2.340811
1.759999 2.343849
1.769999 2.346830
1.779999 2.349751
1.789999 2.352614
1.799999 2.355420
1.809999 2.358167
1.819999 2.360856
1.829999 2.363488
1.839999 2.366062
1.849999 2.368579
1.859999 2.371040
1.869999 2.373443
1.879999 2.375790
1.889999 2.378080
1.899999 2.380314
1.909999 2.382493
1.919999 2.384615
1.929999 2.386683
1.939999 2.388695
1.949998 2.390652
1.959998 2.392554
1.969998 2.394402
1.979998 2.396196
1.989998 2.397936
1.999998 2.399622
2.009999 2.401254
2.019999 2.402833
2.029999 2.404360
2.039999 2.405834
2.049999 2.407255
2.059999 2.408624
2.069999 2.409942
2.079998 2.411208
2.089998 2.412423
2.099998 2.413586
2.109998 2.414700
2.119998 2.415762
2.129998 2.416775
2.139998 2.417738
2.149998 2.418651
2.159998 2.419515
2.169998 2.420331
2.179998 2.421098
2.189998 2.421816
2.199998 2.422487
2.209998 2.423110
2.219998 2.423686
2.229998 2.424214
2.239998 2.424696
2.249998 2.425132
2.259998 2.425522
2.269998 2.425866
2.279998 2.426165
2.289998 2.426419
2.299998 2.426628
2.309998 2.426792
2.319998 2.426913
2.329998 2.426990
2.339998 2.427024
2.349998 2.427015
2.359998 2.426963
2.369998 2.426869
2.379998 2.426733
2.389998 2.426555
2.399998 2.426336
2.409998 2.426076
2.419998 2.425776
2.429998 2.425436
2.439998 2.425056
2.449998 2.424636
2.459998 2.424177
2.469998 2.423679
2.479998 2.423143
2.489998 2.422569
2.499998 2.421957
2.509998 2.421309
2.519998 2.420623
2.529998 2.419900
2.539998 2.419142
2.549998 2.418347
2.559998 2.417517
2.569998 2.416652
2.579998 2.415752
2.589998 2.414818
2.599998 2.413849
2.609998 2.412848
2.619998 2.411812
2.629998 2.410744
2.639998 2.409644
2.649998 2.408511
2.659998 2.407346
2.669998 2.406151
2.679998 2.404924
2.689998 2.403666
2.699998 2.402378
2.709998 2.401060
2.719998 2.399713
2.729998 2.398336
2.739998 2.396930
2.749998 2.395497
2.759998 2.394035
2.769998 2.392545
2.779998 2.391028
2.789998 2.389484
2.799998 2.387913
2.809998 2.386316
2.819998 2.384694
2.829998 2.383045
2.839998 2.381372
2.849998 2.379674
2.859998 2.377952
2.869998 2.376205
2.879998 2.374435
2.889998 2.372642
2.899998 2.370826
2.909998 2.368987
2.919998 2.367126
2.929998 2.365243
2.939998 2.363339
2.949998 2.361413
2.959998 2.359467
2.969998 2.357501
2.979998 2.355514
2.989998 2.353508
2.999998 2.351482
3.009998 2.349438
3.019998 2.347375
3.029998 2.345293
3.039998 2.343194
3.049998 2.341077
3.059998 2.338943
3.069998 2.336793
3.079998 2.334625
3.089998 2.332442
3.099998 2.330243
3.109998 2.328029
3.119998 2.325799
3.129997 2.323555
3.139997 2.321296
3.149997 2.319023
3.159997 2.316737
3.169997 2.314437
3.179997 2.312124
3.189997 2.309798
3.199997 2.307460
3.209997 2.305110
3.219997 2.302748
3.229997 2.300375
3.239997 2.297991
3.249997 2.295596
3.259997 2.293191
3.269997 2.290775
3.279997 2.288350
3.289997 2.285916
3.299997 2.283472
3.309997 2.281019
3.319997 2.278558
3.329997 2.276089
3.339997 2.273612
3.349997 2.271128
3.359997 2.268636
3.369997 2.266137
3.379997 2.263632
3.389997 2.261120
3.399997 2.258603
3.409997 2.256079
3.419997 2.253550
3.429997 2.251016
3.439997 2.248478
3.449997 2.245934
3.459997 2.243387
3.469997 2.240835
3.479997 2.238280
3.489997 2.235722
3.499997 2.233160
3.509997 2.230595
3.519997 2.228028
3.529997 2.225459
3.539997 2.222888
3.549997 2.220315
3.559997 2.217740
3.569997 2.215164
3.579997 2.212588
3.589997 2.210011
3.599997 2.207433
3.609997 2.204855
3.619997 2.202278
3.629997 2.199700
3.639997 2.197124
3.649997 2.194548
3.659997 2.191974
3.669997 2.189401
3.679997 2.186829
3.689997 2.184260
3.699997 2.181692
3.709997 2.179127
3.719997 2.176564
3.729997 2.174005
3.739997 2.171448
3.749997 2.168895
3.759997 2.166345
3.769997 2.163800
3.779997 2.161258
3.789997 2.158720
3.799997 2.156187
3.809997 2.153658
3.819997 2.151134
3.829997 2.148615
3.839997 2.146102
3.849997 2.143594
3.859997 2.141092
3.869997 2.138596
3.879997 2.136105
3.889997 2.133621
3.899997 2.131144
3.909997 2.128673
3.919997 2.126209
3.929997 2.123753
3.939997 2.121303
3.949997 2.118861
3.959997 2.116427
3.969997 2.114001
3.979997 2.111582
3.989997 2.109172
3.999997 2.106770
4.009997 2.104377
4.019997 2.101992
4.029997 2.099617
4.039998 2.097250
4.049998 2.094892
4.059998 2.092544
4.069998 2.090205
4.079998 2.087877
4.089999 2.085557
4.099999 2.083248
4.109999 2.080950
4.119999 2.078661
4.130000 2.076383
4.140000 2.074115
4.150000 2.071858
4.160000 2.069613
4.170001 2.067378
4.180001 2.065154
4.190001 2.062941
4.200001 2.060740
4.210001 2.058550
4.220002 2.056372
4.230002 2.054206
4.240002 2.052052
4.250002 2.049910
4.260003 2.047780
4.270003 2.045662
4.280003 2.043556
4.290003 2.041463
4.300004 2.039383
4.310004 2.037315
4.320004 2.035260
4.330004 2.033218
4.340004 2.031189
4.350005 2.029173
4.360005 2.027170
4.370005 2.025181
4.380005 2.023205
4.390006 2.021243
4.400006 2.019294
4.410006 2.017359
4.420006 2.015437
4.430007 2.013530
4.440007 2.011636
4.450007 2.009756
4.460007 2.007890
4.470007 2.006039
4.480008 2.004202
4.490008 2.002379
4.500008 2.000570
4.510008 1.998776
4.520009 1.996996
4.530009 1.995231
4.540009 1.993480
4.550009 1.991744
4.560009 1.990023
4.570010 1.988316
4.580010 1.986624
4.590010 1.984948
4.600010 1.983286
4.610011 1.981639
4.620011 1.980007
4.630011 1.978390
4.640011 1.976788
4.650012 1.975201
4.660012 1.973630
4.670012 1.972074
4.680012 1.970533
4.690012 1.969007
4.700013 1.967496
4.710013 1.966001
4.720013 1.964522
4.730013 1.963057
4.740014 1.961608
4.750014 1.960175
4.760014 1.958757
4.770014 1.957354
4.780015 1.955967
4.790015 1.954595
4.800015 1.953239
4.810015 1.951898
4.820015 1.950573
4.830016 1.949264
4.840016 1.947970
4.850016 1.946692
4.860016 1.945429
4.870017 1.944181
4.880017 1.942950
4.890017 1.941733
4.900017 1.940533
4.910017 1.939348
4.920018 1.938178
4.930018 1.937024
4.940018 1.935886
4.950018 1.934763
4.960019 1.933656
4.970019 1.932564
4.980019 1.931487
4.990019 1.930426
5.000020 1.929381
5.010020 1.928350
5.020020 1.927336
5.030020 1.926336
5.040020 1.925352
5.050021 1.924384
5.060021 1.923431
5.070021 1.922493
5.080021 1.921570
5.090022 1.920662
5.100022 1.919770
5.110022 1.918893
5.120022 1.918031
5.130023 1.917184
5.140023 1.916352
5.150023 1.915535
5.160023 1.914733
5.170023 1.913946
5.180024 1.913174
5.190024 1.912416
5.200024 1.911674
5.210024 1.910946
5.220025 1.910233
5.230025 1.909535
5.240025 1.908852
5.250025 1.908183
5.260026 1.907528
5.270026 1.906888
5.280026 1.906263
5.290026 1.905651
5.300026 1.905054
5.310027 1.904472
5.320027 1.903903
5.330027 1.903349
5.340027 1.902809
5.350028 1.902283
5.360028 1.901771
5.370028 1.901273
5.380028 1.900788
5.390028 1.900318
5.400029 1.899861
5.410029 1.899418
5.420029 1.898988
5.430029 1.898573
5.440030 1.898170
5.450030 1.897781
5.460030 1.897405
5.470030 1.897043
5.480031 1.896693
5.490031 1.896357
5.500031 1.896034
5.510031 1.895724
5.520031 1.895427
5.530032 1.895142
5.540032 1.894871
5.550032 1.894612
5.560032 1.894365
5.570033 1.894132
5.580033 1.893910
5.590033 1.893701
5.600033 1.893505
5.610034 1.893320
5.620034 1.893148
5.630034 1.892988
5.640034 1.892839
5.650034 1.892703
5.660035 1.892578
5.670035 1.892466
5.680035 1.892365
5.690035 1.892275
5.700036 1.892197
5.710036 1.892130
5.720036 1.892075
5.730036 1.892031
5.740036 1.891998
5.750037 1.891976
5.760037 1.891965
5.770037 1.891965
5.780037 1.891976
5.790038 1.891997
5.800038 1.892029
5.810038 1.892072
5.820038 1.892125
5.830039 1.892188
5.840039 1.892262
5.850039 1.892346
5.860039 1.892440
5.870039 1.892544
5.880040 1.892658
5.890040 1.892782
5.900040 1.892915
5.910040 1.893059
5.920041 1.893211
5.930041 1.893373
5.940041 1.893545
5.950041 1.893726
5.960042 1.893916
5.970042 1.894115
5.980042 1.894323
5.990042 1.894540
6.000042 1.894765
6.010043 1.895000
6.020043 1.895243
6.030043 1.895495
6.040043 1.895755
6.050044 1.896023
6.060044 1.896300
6.070044 1.896585
6.080044 1.896878
6.090044 1.897178
6.100045 1.897487
6.110045 1.897804
6.120045 1.898128
6.130045 1.898460
6.140046 1.898799
6.150046 1.899146
6.160046 1.899500
6.170046 1.899861
6.180047 1.900229
6.190047 1.900605
6.200047 1.900987
6.210047 1.901376
6.220047 1.901772
6.230048 1.902174
6.240048 1.902584
6.250048 1.902999
6.260048 1.903421
6.270049 1.903849
6.280049 1.904284
6.290049 1.904724
6.300049 1.905171
6.310050 1.905623
6.320050 1.906081
6.330050 1.906545
6.340050 1.907015
6.350050 1.907490
6.360051 1.907971
6.370051 1.908457
6.380051 1.908948
6.390051 1.909444
6.400052 1.909946
6.410052 1.910452
6.420052 1.910964
6.430052 1.911480
6.440053 1.912001
6.450053 1.912527
6.460053 1.913057
6.470053 1.913591
6.480053 1.914130
6.490054 1.914673
6.500054 1.915221
6.510054 1.915772
6.520054 1.916328
6.530055 1.916887
6.540055 1.917451
6.550055 1.918018
6.560055 1.918588
6.570055 1.919162
6.580056 1.919740
6.590056 1.920321
6.600056 1.920906
6.610056 1.921493
6.620057 1.922084
6.630057 1.922678
6.640057 1.923275
6.650057 1.923875
6.660058 1.924477
6.670058 1.925083
6.680058 1.925691
6.690058 1.926301
6.700058 1.926914
6.710059 1.927530
6.720059 1.928147
6.730059 1.928767
6.740059 1.929390
6.750060 1.930014
6.760060 1.930640
6.770060 1.931268
6.780060 1.931898
6.790061 1.932530
6.800061 1.933164
6.810061 1.933799
6.820061 1.934435
6.830061 1.935074
6.840062 1.935713
6.850062 1.936354
6.860062 1.936996
6.870062 1.937639
6.880063 1.938283
6.890063 1.938929
6.900063 1.939575
6.910063 1.940222
6.920063 1.940870
6.930064 1.941519
6.940064 1.942168
6.950064 1.942818
6.960064 1.943468
6.970065 1.944119
6.980065 1.944770
6.990065 1.945422
7.000065 1.946074
7.010066 1.946726
7.020066 1.947378
7.030066 1.948030
7.040066 1.948682
7.050066 1.949334
7.060067 1.949986
7.070067 1.950638
7.080067 1.951289
7.090067 1.951940
7.100068 1.952591
7.110068 1.953241
7.120068 1.953891
7.130068 1.954540
7.140069 1.955189
7.150069 1.955836
7.160069 1.956483
7.170069 1.957129
7.180069 1.957775
7.190070 1.958419
7.200070 1.959062
7.210070 1.959705
7.220070 1.960346
7.230071 1.960986
7.240071 1.961625
7.250071 1.962262
7.260071 1.962898
7.270072 1.963533
7.280072 1.964166
7.290072 1.964798
7.300072 1.965429
7.310072 1.966057
7.320073 1.966685
7.330073 1.967310
7.340073 1.967934
7.350073 1.968556
7.360074 1.969176
7.370074 1.969794
7.380074 1.970410
7.390074 1.971025
7.400074 1.971637
7.410075 1.972247
7.420075 1.972855
7.430075 1.973461
7.440075 1.974065
7.450076 1.974666
7.460076 1.975266
7.470076 1.975863
7.480076 1.976457
7.490077 1.977050
7.500077 1.977639
7.510077 1.978227
7.520077 1.978811
7.530077 1.979393
7.540078 1.979973
7.550078 1.980550
7.560078 1.981124
7.570078 1.981696
7.580079 1.982265
7.590079 1.982831
7.600079 1.983394
7.610079 1.983954
7.620080 1.984512
7.630080 1.985067
7.640080 1.985618
7.650080 1.986167
7.660080 1.986713
7.670081 1.987255
7.680081 1.987795
7.690081 1.988331
7.700081 1.988865
7.710082 1.989395
7.720082 1.989922
7.730082 1.990446
7.740082 1.990966
7.750082 1.991484
7.760083 1.991998
7.770083 1.992508
7.780083 1.993016
7.790083 1.993520
7.800084 1.994020
7.810084 1.994518
7.820084 1.995011
7.830084 1.995502
7.840085 1.995989
7.850085 1.996472
7.860085 1.996952
7.870085 1.997428
7.880085 1.997901
7.890086 1.998370
7.900086 1.998836
7.910086 1.999298
7.920086 1.999756
7.930087 2.000211
7.940087 2.000662
7.950087 2.001110
7.960087 2.001553
7.970088 2.001993
7.980088 2.002430
7.990088 2.002862
8.000088 2.003291
8.010088 2.003716
8.020088 2.004138
8.030088 2.004555
8.040089 2.004969
8.050089 2.005378
8.060089 2.005785
8.070089 2.006187
8.080090 2.006585
8.090090 2.006980
8.100090 2.007370
8.110090 2.007757
8.120090 2.008140
8.130091 2.008519
8.140091 2.008895
8.150091 2.009266
8.160091 2.009633
8.170092 2.009997
8.180092 2.010356
8.190092 2.010712
8.200092 2.011064
8.210093 2.011412
8.220093 2.011756
8.230093 2.012096
8.240093 2.012432
8.250093 2.012764
8.260094 2.013093
8.270094 2.013417
8.280094 2.013737
8.290094 2.014054
8.300095 2.014366
8.310095 2.014675
8.320095 2.014979
8.330095 2.015280
8.340096 2.015577
8.350096 2.015870
8.360096 2.016159
8.370096 2.016443
8.380096 2.016725
8.390097 2.017002
8.400097 2.017275
8.410097 2.017544
8.420097 2.017809
8.430098 2.018071
8.440098 2.018328
8.450098 2.018582
8.460098 2.018832
8.470098 2.019078
8.480099 2.019320
8.490099 2.019558
8.500099 2.019792
8.510099 2.020023
8.520100 2.020249
8.530100 2.020472
8.540100 2.020691
8.550100 2.020906
8.560101 2.021117
8.570101 2.021325
8.580101 2.021528
8.590101 2.021728
8.600101 2.021924
8.610102 2.022117
8.620102 2.022305
8.630102 2.022491
8.640102 2.022672
8.650103 2.022849
8.660103 2.023023
8.670103 2.023193
8.680103 2.023359
8.690104 2.023522
8.700104 2.023681
8.710104 2.023836
8.720104 2.023988
8.730104 2.024136
8.740105 2.024281
8.750105 2.024422
8.760105 2.024559
8.770105 2.024693
8.780106 2.024823
8.790106 2.024950
8.800106 2.025073
8.810106 2.025193
8.820107 2.025309
8.830107 2.025422
8.840107 2.025532
8.850107 2.025638
8.860107 2.025740
8.870108 2.025839
8.880108 2.025935
8.890108 2.026028
8.900108 2.026117
8.910109 2.026203
8.920109 2.026285
8.930109 2.026364
8.940109 2.026440
8.950109 2.026513
8.960110 2.026582
8.970110 2.026649
8.980110 2.026711
8.990110 2.026771
9.000111 2.026828
9.010111 2.026882
9.020111 2.026932
9.030111 2.026980
9.040112 2.027024
9.050112 2.027065
9.060112 2.027103
9.070112 2.027138
9.080112 2.027171
9.090113 2.027200
9.100113 2.027226
9.110113 2.027249
9.120113 2.027270
9.130114 2.027287
9.140114 2.027302
9.150114 2.027313
9.160114 2.027323
9.170115 2.027329
9.180115 2.027332
9.190115 2.027333
9.200115 2.027331
9.210115 2.027326
9.220116 2.027318
9.230116 2.027308
9.240116 2.027295
9.250116 2.027280
9.260117 2.027261
9.270117 2.027241
9.280117 2.027218
9.290117 2.027192
9.300117 2.027164
9.310118 2.027133
9.320118 2.027100
9.330118 2.027064
9.340118 2.027026
9.350119 2.026985
9.360119 2.026942
9.370119 2.026897
9.380119 2.026850
9.390120 2.026800
9.400120 2.026747
9.410120 2.026693
9.420120 2.026636
9.430120 2.026577
9.440121 2.026516
9.450121 2.026453
9.460121 2.026388
9.470121 2.026320
9.480122 2.026251
9.490122 2.026179
9.500122 2.026106
9.510122 2.026030
9.520123 2.025952
9.530123 2.025873
9.540123 2.025791
9.550123 2.025708
9.560123 2.025622
9.570124 2.025535
9.580124 2.025446
9.590124 2.025355
9.600124 2.025262
9.610125 2.025167
9.620125 2.025071
9.630125 2.024973
9.640125 2.024873
9.650126 2.024772
9.660126 2.024668
9.670126 2.024564
9.680126 2.024457
9.690126 2.024349
9.700127 2.024240
9.710127 2.024128
9.720127 2.024016
9.730127 2.023902
9.740128 2.023786
9.750128 2.023669
9.760128 2.023551
9.770128 2.023431
9.780128 2.023309
9.790129 2.023187
9.800129 2.023063
9.810129 2.022937
9.820129 2.022811
9.830130 2.022683
9.840130 2.022554
9.850130 2.022423
9.860130 2.022292
9.870131 2.022159
9.880131 2.022025
9.890131 2.021890
9.900131 2.021754
9.910131 2.021617
9.920132 2.021479
9.930132 2.021339
9.940132 2.021199
9.950132 2.021058
9.960133 2.020915
9.970133 2.020772
9.980133 2.020628
9.990133 2.020483
10.000134 2.020337
10.010134 2.020190
10.020134 2.020042
10.030134 2.019894
10.040134 2.019744
10.050135 2.019594
10.060135 2.019443
10.070135 2.019292
10.080135 2.019139
10.090136 2.018986
10.100136 2.018832
10.110136 2.018678
10.120136 2.018523
10.130136 2.018368
10.140137 2.018211
10.150137 2.018055
10.160137 2.017897
10.170137 2.017740
10.180138 2.017581
10.190138 2.017422
10.200138 2.017263
10.210138 2.017103
10.220139 2.016943
10.230139 2.016783
10.240139 2.016622
10.250139 2.016460
10.260139 2.016299
10.270140 2.016136
10.280140 2.015974
10.290140 2.015811
10.300140 2.015649
10.310141 2.015485
10.320141 2.015322
10.330141 2.015158
10.340141 2.014994
10.350142 2.014830
10.360142 2.014666
10.370142 2.014502
10.380142 2.014337
10.390142 2.014173
10.400143 2.014008
10.410143 2.013843
10.420143 2.013678
10.430143 2.013513
10.440144 2.013348
10.450144 2.013183
10.460144 2.013018
10.470144 2.012853
10.480145 2.012688
10.490145 2.012523
10.500145 2.012358
10.510145 2.012194
10.520145 2.012029
10.530146 2.011864
10.540146 2.011700
10.550146 2.011536
10.560146 2.011372
10.570147 2.011208
10.580147 2.011044
10.590147 2.010881
10.600147 2.010717
10.610147 2.010554
10.620148 2.010391
10.630148 2.010229
10.640148 2.010067
10.650148 2.009905
10.660149 2.009743
10.670149 2.009582
10.680149 2.009421
10.690149 2.009260
10.700150 2.009100
10.710150 2.008940
10.720150 2.008780
10.730150 2.008621
10.740150 2.008462
10.750151 2.008304
10.760151 2.008146
10.770151 2.007989
10.780151 2.007832
10.790152 2.007675
10.800152 2.007519
10.810152 2.007364
10.820152 2.007209
10.830153 2.007055
10.840153 2.006901
10.850153 2.006747
10.860153 2.006594
10.870153 2.006442
10.880154 2.006290
10.890154 2.006139
10.900154 2.005989
10.910154 2.005839
10.920155 2.005689
10.930155 2.005541
10.940155 2.005393
10.950155 2.005245
10.960155 2.005098
10.970156 2.004952
10.980156 2.004807
10.990156 2.004662
11.000156 2.004518
11.010157 2.004375
11.020157 2.004232
11.030157 2.004090
11.040157 2.003949
11.050158 2.003809
11.060158 2.003669
11.070158 2.003530
11.080158 2.003392
11.090158 2.003254
11.100159 2.003118
11.110159 2.002982
11.120159 2.002846
11.130159 2.002712
11.140160 2.002579
11.150160 2.002446
11.160160 2.002314
11.170160 2.002183
11.180161 2.002053
11.190161 2.001923
11.200161 2.001795
11.210161 2.001667
11.220161 2.001540
11.230162 2.001414
11.240162 2.001289
11.250162 2.001165
11.260162 2.001042
11.270163 2.000919
11.280163 2.000798
11.290163 2.000677
11.300163 2.000557
11.310163 2.000438
11.320164 2.000320
11.330164 2.000203
11.340164 2.000087
11.350164 1.999972
11.360165 1.999857
11.370165 1.999744
11.380165 1.999632
11.390165 1.999520
11.400166 1.999409
11.410166 1.999300
11.420166 1.999191
11.430166 1.999083
11.440166 1.998976
11.450167 1.998871
11.460167 1.998766
11.470167 1.998662
11.480167 1.998559
11.490168 1.998457
11.500168 1.998356
11.510168 1.998256
11.520168 1.998157
11.530169 1.998059
11.540169 1.997962
11.550169 1.997865
11.560169 1.997770
11.570169 1.997676
11.580170 1.997583
11.590170 1.997491
11.600170 1.997400
11.610170 1.997309
11.620171 1.997220
11.630171 1.997132
11.640171 1.997045
11.650171 1.996958
11.660172 1.996873
11.670172 1.996789
11.680172 1.996706
11.690172 1.996624
11.700172 1.996542
11.710173 1.996462
11.720173 1.996383
11.730173 1.996304
11.740173 1.996227
11.750174 1.996151
11.760174 1.996076
11.770174 1.996001
11.780174 1.995928
11.790174 1.995856
11.800175 1.995784
11.810175 1.995714
11.820175 1.995645
11.830175 1.995576
11.840176 1.995509
11.850176 1.995443
11.860176 1.995377
11.870176 1.995313
11.880177 1.995249
11.890177 1.995187
11.900177 1.995126
11.910177 1.995065
11.920177 1.995006
11.930178 1.994947
11.940178 1.994889
11.950178 1.994833
11.960178 1.994777
11.970179 1.994723
11.980179 1.994669
11.990179 1.994616
12.000179 1.994565
12.010180 1.994514
12.020180 1.994464
12.030180 1.994415
12.040180 1.994367
12.050180 1.994320
12.060181 1.994274
12.070181 1.994229
12.080181 1.994185
12.090181 1.994142
12.100182 1.994099
12.110182 1.994058
12.120182 1.994018
12.130182 1.993978
12.140182 1.993940
12.150183 1.993902
12.160183 1.993865
12.170183 1.993829
12.180183 1.993794
12.190184 1.993760
12.200184 1.993727
12.210184 1.993695
12.220184 1.993663
12.230185 1.993633
12.240185 1.993603
12.250185 1.993575
12.260185 1.993547
12.270185 1.993520
12.280186 1.993494
12.290186 1.993468
12.300186 1.993444
12.310186 1.993420
12.320187 1.993397
12.330187 1.993376
12.340187 1.993354
12.350187 1.993334
12.360188 1.993315
12.370188 1.993296
12.380188 1.993278
12.390188 1.993261
12.400188 1.993245
12.410189 1.993230
12.420189 1.993216
12.430189 1.993202
12.440189 1.993189
12.450190 1.993177
12.460190 1.993165
12.470190 1.993155
12.480190 1.993145
12.490191 1.993136
12.500191 1.993128
12.510191 1.993120
12.520191 1.993113
12.530191 1.993107
12.540192 1.993102
12.550192 1.993097
12.560192 1.993094
12.570192 1.993091
12.580193 1.993088
12.590193 1.993086
12.600193 1.993086
12.610193 1.993085
12.620193 1.993086
12.630194 1.993087
12.640194 1.993088
12.650194 1.993091
12.660194 1.993094
12.670195 1.993098
12.680195 1.993102
12.690195 1.993107
12.700195 1.993113
12.710196 1.993119
12.720196 1.993126
12.730196 1.993134
12.740196 1.993142
12.750196 1.993151
12.760197 1.993161
12.770197 1.993171
12.780197 1.993182
12.790197 1.993193
12.800198 1.993205
12.810198 1.993217
12.820198 1.993230
12.830198 1.993244
12.840199 1.993258
12.850199 1.993273
12.860199 1.993288
12.870199 1.993304
12.880199 1.993321
12.890200 1.993338
12.900200 1.993355
12.910200 1.993373
12.920200 1.993392
12.930201 1.993411
12.940201 1.993430
12.950201 1.993450
12.960201 1.993471
12.970201 1.993492
12.980202 1.993513
12.990202 1.993535
13.000202 1.993558
13.010202 1.993580
13.020203 1.993604
13.030203 1.993628
13.040203 1.993652
13.050203 1.993677
13.060204 1.993702
13.070204 1.993727
13.080204 1.993753
13.090204 1.993780
13.100204 1.993807
13.110205 1.993834
13.120205 1.993862
13.130205 1.993890
13.140205 1.993918
13.150206 1.993947
13.160206 1.993976
13.170206 1.994006
13.180206 1.994035
13.190207 1.994066
13.200207 1.994096
13.210207 1.994127
13.220207 1.994159
13.230207 1.994190
13.240208 1.994222
13.250208 1.994255
13.260208 1.994287
13.270208 1.994320
13.280209 1.994353
13.290209 1.994387
13.300209 1.994421
13.310209 1.994455
13.320210 1.994489
13.330210 1.994524
13.340210 1.994559
13.350210 1.994594
13.360210 1.994629
13.370211 1.994665
13.380211 1.994701
13.390211 1.994737
13.400211 1.994774
13.410212 1.994810
13.420212 1.994847
13.430212 1.994884
13.440212 1.994921
13.450212 1.994959
13.460213 1.994997
13.470213 1.995035
13.480213 1.995073
13.490213 1.995111
13.500214 1.995149
13.510214 1.995188
13.520214 1.995227
13.530214 1.995266
13.540215 1.995305
13.550215 1.995345
13.560215 1.995384
13.570215 1.995424
13.580215 1.995463
13.590216 1.995503
13.600216 1.995543
13.610216 1.995584
13.620216 1.995624
13.630217 1.995664
13.640217 1.995705
13.650217 1.995745
13.660217 1.995786
13.670218 1.995827
13.680218 1.995868
13.690218 1.995909
13.700218 1.995950
13.710218 1.995991
13.720219 1.996032
13.730219 1.996073
13.740219 1.996115
13.750219 1.996156
13.760220 1.996198
13.770220 1.996239
13.780220 1.996281
13.790220 1.996322
13.800220 1.996364
13.810221 1.996405
13.820221 1.996447
13.830221 1.996489
13.840221 1.996531
13.850222 1.996572
13.860222 1.996614
13.870222 1.996656
13.880222 1.996697
13.890223 1.996739
13.900223 1.996781
13.910223 1.996823
13.920223 1.996864
13.930223 1.996906
13.940224 1.996948
13.950224 1.996989
13.960224 1.997031
13.970224 1.997072
13.980225 1.997114
13.990225 1.997155
14.000225 1.997197
14.010225 1.997238
14.020226 1.997280
14.030226 1.997321
14.040226 1.997362
14.050226 1.997403
14.060226 1.997444
14.070227 1.997485
14.080227 1.997526
14.090227 1.997567
14.100227 1.997608
14.110228 1.997649
14.120228 1.997689
14.130228 1.997730
14.140228 1.997770
14.150229 1.997810
14.160229 1.997851
14.170229 1.997891
14.180229 1.997931
14.190229 1.997970
14.200230 1.998010
14.210230 1.998050
14.220230 1.998089
14.230230 1.998128
14.240231 1.998168
14.250231 1.998207
14.260231 1.998246
14.270231 1.998285
14.280231 1.998323
14.290232 1.998362
14.300232 1.998400
14.310232 1.998438
14.320232 1.998477
14.330233 1.998515
14.340233 1.998552
14.350233 1.998590
14.360233 1.998628
14.370234 1.998665
14.380234 1.998702
14.390234 1.998739
14.400234 1.998776
14.410234 1.998813
14.420235 1.998849
14.430235 1.998886
14.440235 1.998922
14.450235 1.998958
14.460236 1.998993
14.470236 1.999029
14.480236 1.999064
14.490236 1.999099
14.500237 1.999135
14.510237 1.999169
14.520237 1.999204
14.530237 1.999238
14.540237 1.999273
14.550238 1.999307
14.560238 1.999340
14.570238 1.999374
14.580238 1.999407
14.590239 1.999441
14.600239 1.999474
14.610239 1.999506
14.620239 1.999539
14.630239 1.999571
14.640240 1.999604
14.650240 1.999635
14.660240 1.999667
14.670240 1.999699
14.680241 1.999730
14.690241 1.999761
14.700241 1.999792
14.710241 1.999822
14.720242 1.999853
14.730242 1.999883
14.740242 1.999913
14.750242 1.999942
14.760242 1.999972
14.770243 2.000001
14.780243 2.000030
14.790243 2.000059
14.800243 2.000087
14.810244 2.000116
14.820244 2.000144
14.830244 2.000172
14.840244 2.000200
14.850245 2.000227
14.860245 2.000254
14.870245 2.000281
14.880245 2.000308
14.890245 2.000334
14.900246 2.000360
14.910246 2.000386
14.920246 2.000411
14.930246 2.000436
14.940247 2.000461
14.950247 2.000486
14.960247 2.000511
14.970247 2.000535
14.980247 2.000559
14.990248 2.000583
15.000248 2.000607
15.010248 2.000630
15.020248 2.000653
15.030249 2.000676
15.040249 2.000699
15.050249 2.000721
15.060249 2.000743
15.070250 2.000765
15.080250 2.000787
15.090250 2.000808
15.100250 2.000829
15.110250 2.000850
15.120251 2.000871
15.130251 2.000891
15.140251 2.000911
15.150251 2.000931
15.160252 2.000951
15.170252 2.000970
15.180252 2.000989
15.190252 2.001008
15.200253 2.001026
15.210253 2.001045
15.220253 2.001063
15.230253 2.001081
15.240253 2.001098
15.250254 2.001116
15.260254 2.001133
15.270254 2.001150
15.280254 2.001167
15.290255 2.001183
15.300255 2.001199
15.310255 2.001215
15.320255 2.001230
15.330256 2.001245
15.340256 2.001261
15.350256 2.001275
15.360256 2.001290
15.370256 2.001304
15.380257 2.001318
15.390257 2.001332
15.400257 2.001346
15.410257 2.001359
15.420258 2.001372
15.430258 2.001385
15.440258 2.001398
15.450258 2.001410
15.460258 2.001422
15.470259 2.001434
15.480259 2.001446
15.490259 2.001457
15.500259 2.001468
15.510260 2.001479
15.520260 2.001490
15.530260 2.001501
15.540260 2.001511
15.550261 2.001521
15.560261 2.001531
15.570261 2.001540
15.580261 2.001549
15.590261 2.001559
15.600262 2.001567
15.610262 2.001576
15.620262 2.001584
15.630262 2.001592
15.640263 2.001601
15.650263 2.001608
15.660263 2.001616
15.670263 2.001623
15.680264 2.001631
15.690264 2.001637
15.700264 2.001644
15.710264 2.001651
15.720264 2.001657
15.730265 2.001663
15.740265 2.001668
15.750265 2.001674
15.760265 2.001679
15.770266 2.001685
15.780266 2.001690
15.790266 2.001694
15.800266 2.001699
15.810266 2.001703
15.820267 2.001707
15.830267 2.001711
15.840267 2.001715
15.850267 2.001719
15.860268 2.001722
15.870268 2.001725
15.880268 2.001728
15.890268 2.001730
15.900269 2.001733
15.910269 2.001735
15.920269 2.001738
15.930269 2.001740
15.940269 2.001741
15.950270 2.001743
15.960270 2.001744
15.970270 2.001745
15.980270 2.001746
15.990271 2.001747
16.000271 2.001748
16.010271 2.001748
16.020271 2.001749
16.030272 2.001749
16.040272 2.001749
16.050272 2.001748
16.060272 2.001748
16.070272 2.001747
16.080273 2.001747
16.090273 2.001746
16.100273 2.001745
16.110273 2.001743
16.120274 2.001742
16.130274 2.001740
16.140274 2.001739
16.150274 2.001737
16.160275 2.001734
16.170275 2.001732
16.180275 2.001730
16.190275 2.001727
16.200275 2.001725
16.210276 2.001722
16.220276 2.001719
16.230276 2.001716
16.240276 2.001713
16.250277 2.001709
16.260277 2.001706
16.270277 2.001702
16.280277 2.001698
16.290277 2.001694
16.300278 2.001690
16.310278 2.001686
16.320278 2.001681
16.330278 2.001677
16.340279 2.001672
16.350279 2.001667
16.360279 2.001662
16.370279 2.001657
16.380280 2.001652
16.390280 2.001647
16.400280 2.001641
16.410280 2.001636
16.420280 2.001630
16.430281 2.001624
16.440281 2.001618
16.450281 2.001612
16.460281 2.001606
16.470282 2.001600
16.480282 2.001594
16.490282 2.001587
16.500282 2.001581
16.510283 2.001574
16.520283 2.001567
16.530283 2.001560
16.540283 2.001554
16.550283 2.001546
16.560284 2.001539
16.570284 2.001532
16.580284 2.001525
16.590284 2.001517
16.600285 2.001510
16.610285 2.001502
16.620285 2.001494
16.630285 2.001487
16.640285 2.001479
16.650286 2.001471
16.660286 2.001463
16.670286 2.001455
16.680286 2.001446
16.690287 2.001438
16.700287 2.001430
16.710287 2.001421
16.720287 2.001413
16.730288 2.001404
16.740288 2.001396
16.750288 2.001387
16.760288 2.001378
16.770288 2.001369
16.780289 2.001360
16.790289 2.001351
16.800289 2.001342
16.810289 2.001333
16.820290 2.001324
16.830290 2.001314
16.840290 2.001305
16.850290 2.001296
16.860291 2.001286
16.870291 2.001277
16.880291 2.001267
16.890291 2.001258
16.900291 2.001248
16.910292 2.001238
16.920292 2.001229
16.930292 2.001219
16.940292 2.001209
16.950293 2.001199
16.960293 2.001189
16.970293 2.001179
16.980293 2.001169
16.990294 2.001159
17.000294 2.001149
17.010294 2.001139
17.020294 2.001129
17.030294 2.001119
17.040295 2.001109
17.050295 2.001098
17.060295 2.001088
17.070295 2.001078
17.080296 2.001068
17.090296 2.001057
17.100296 2.001047
17.110296 2.001037
17.120296 2.001026
17.130297 2.001016
17.140297 2.001005
17.150297 2.000995
17.160297 2.000984
17.170298 2.000974
17.180298 2.000963
17.190298 2.000953
17.200298 2.000942
17.210299 2.000932
17.220299 2.000921
17.230299 2.000911
17.240299 2.000901
17.250299 2.000890
17.260300 2.000880
17.270300 2.000869
17.280300 2.000859
17.290300 2.000848
17.300301 2.000838
17.310301 2.000827
17.320301 2.000817
17.330301 2.000806
17.340302 2.000796
17.350302 2.000785
17.360302 2.000775
17.370302 2.000764
17.380302 2.000754
17.390303 2.000743
17.400303 2.000733
17.410303 2.000722
17.420303 2.000712
17.430304 2.000701
17.440304 2.000691
17.450304 2.000680
17.460304 2.000670
17.470304 2.000659
17.480305 2.000649
17.490305 2.000638
17.500305 2.000628
17.510305 2.000618
17.520306 2.000608
17.530306 2.000597
17.540306 2.000587
17.550306 2.000577
17.560307 2.000567
17.570307 2.000556
17.580307 2.000546
17.590307 2.000536
17.600307 2.000526
17.610308 2.000516
17.620308 2.000506
17.630308 2.000496
17.640308 2.000486
17.650309 2.000476
17.660309 2.000466
17.670309 2.000456
17.680309 2.000446
17.690310 2.000436
17.700310 2.000427
17.710310 2.000417
17.720310 2.000407
17.730310 2.000397
17.740311 2.000388
17.750311 2.000378
17.760311 2.000369
17.770311 2.000359
17.780312 2.000350
17.790312 2.000340
17.800312 2.000331
17.810312 2.000321
17.820312 2.000312
17.830313 2.000303
17.840313 2.000293
17.850313 2.000284
17.860313 2.000275
17.870314 2.000266
17.880314 2.000257
17.890314 2.000248
17.900314 2.000239
17.910315 2.000230
17.920315 2.000221
17.930315 2.000212
17.940315 2.000204
17.950315 2.000195
17.960316 2.000186
17.970316 2.000178
17.980316 2.000169
17.990316 2.000160
18.000317 2.000152
18.010317 2.000144
18.020317 2.000135
18.030317 2.000127
18.040318 2.000119
18.050318 2.000111
18.060318 2.000103
18.070318 2.000094
18.080318 2.000086
18.090319 2.000078
18.100319 2.000071
18.110319 2.000063
18.120319 2.000055
18.130320 2.000047
18.140320 2.000040
18.150320 2.000032
18.160320 2.000024
18.170321 2.000017
18.180321 2.000009
18.190321 2.000002
18.200321 1.999995
18.210321 1.999987
18.220322 1.999980
18.230322 1.999973
18.240322 1.999966
18.250322 1.999959
18.260323 1.999952
18.270323 1.999945
18.280323 1.999938
18.290323 1.999931
18.300323 1.999924
18.310324 1.999918
18.320324 1.999911
18.330324 1.999904
18.340324 1.999898
18.350325 1.999892
18.360325 1.999885
18.370325 1.999879
18.380325 1.999873
18.390326 1.999866
18.400326 1.999860
18.410326 1.999854
18.420326 1.999848
18.430326 1.999842
18.440327 1.999837
18.450327 1.999831
18.460327 1.999825
18.470327 1.999819
18.480328 1.999814
18.490328 1.999808
18.500328 1.999803
18.510328 1.999797
18.520329 1.999792
18.530329 1.999787
18.540329 1.999781
18.550329 1.999776
18.560329 1.999771
18.570330 1.999766
18.580330 1.999761
18.590330 1.999756
18.600330 1.999751
18.610331 1.999747
18.620331 1.999742
18.630331 1.999737
18.640331 1.999732
18.650331 1.999728
18.660332 1.999724
18.670332 1.999719
18.680332 1.999715
18.690332 1.999711
18.700333 1.999706
18.710333 1.999702
18.720333 1.999698
18.730333 1.999694
18.740334 1.999690
18.750334 1.999686
18.760334 1.999682
18.770334 1.999679
18.780334 1.999675
18.790335 1.999671
18.800335 1.999668
18.810335 1.999664
18.820335 1.999661
18.830336 1.999657
18.840336 1.999654
18.850336 1.999650
18.860336 1.999647
18.870337 1.999644
18.880337 1.999641
18.890337 1.999638
18.900337 1.999635
18.910337 1.999632
18.920338 1.999629
18.930338 1.999627
18.940338 1.999624
18.950338 1.999621
18.960339 1.999619
18.970339 1.999616
18.980339 1.999614
18.990339 1.999611
19.000340 1.999609
19.010340 1.999607
19.020340 1.999604
19.030340 1.999602
19.040340 1.999600
19.050341 1.999598
19.060341 1.999596
19.070341 1.999594
19.080341 1.999592
19.090342 1.999590
19.100342 1.999588
19.110342 1.999586
19.120342 1.999585
19.130342 1.999583
19.140343 1.999581
19.150343 1.999580
19.160343 1.999578
19.170343 1.999577
19.180344 1.999576
19.190344 1.999574
19.200344 1.999573
19.210344 1.999572
19.220345 1.999571
19.230345 1.999570
19.240345 1.999568
19.250345 1.999568
19.260345 1.999567
19.270346 1.999566
19.280346 1.999565
19.290346 1.999564
19.300346 1.999563
19.310347 1.999563
19.320347 1.999562
19.330347 1.999561
19.340347 1.999561
19.350348 1.999560
19.360348 1.999560
19.370348 1.999559
19.380348 1.999559
19.390348 1.999559
19.400349 1.999558
19.410349 1.999558
19.420349 1.999558
19.430349 1.999558
19.440350 1.999558
19.450350 1.999558
19.460350 1.999558
19.470350 1.999558
19.480350 1.999558
19.490351 1.999558
19.500351 1.999558
19.510351 1.999558
19.520351 1.999559
19.530352 1.999559
19.540352 1.999559
19.550352 1.999560
19.560352 1.999560
19.570353 1.999561
19.580353 1.999561
19.590353 1.999562
19.600353 1.999562
19.610353 1.999563
19.620354 1.999564
19.630354 1.999564
19.640354 1.999565
19.650354 1.999566
19.660355 1.999567
19.670355 1.999568
19.680355 1.999568
19.690355 1.999569
19.700356 1.999570
19.710356 1.999571
19.720356 1.999572
19.730356 1.999573
19.740356 1.999575
19.750357 1.999576
19.760357 1.999577
19.770357 1.999578
19.780357 1.999579
19.790358 1.999581
19.800358 1.999582
19.810358 1.999583
19.820358 1.999585
19.830359 1.999586
19.840359 1.999587
19.850359 1.999589
19.860359 1.999590
19.870359 1.999592
19.880360 1.999593
19.890360 1.999595
19.900360 1.999596
19.910360 1.999598
19.920361 1.999600
19.930361 1.999601
19.940361 1.999603
19.950361 1.999605
19.960361 1.999607
19.970362 1.999609
19.980362 1.999610
19.990362 1.999612
20.000362 1.999614
20.010363 1.999616
20.020363 1.999618
20.030363 1.999620
20.040363 1.999622
20.050364 1.999624
20.060364 1.999626
20.070364 1.999628
20.080364 1.999630
20.090364 1.999632
20.100365 1.999634
20.110365 1.999636
20.120365 1.999638
20.130365 1.999640
20.140366 1.999642
20.150366 1.999645
20.160366 1.999647
20.170366 1.999649
20.180367 1.999651
20.190367 1.999653
20.200367 1.999656
20.210367 1.999658
20.220367 1.999660
20.230368 1.999663
20.240368 1.999665
20.250368 1.999667
20.260368 1.999670
20.270369 1.999672
20.280369 1.999674
20.290369 1.999677
20.300369 1.999679
20.310369 1.999681
20.320370 1.999684
20.330370 1.999686
20.340370 1.999689
20.350370 1.999691
20.360371 1.999694
20.370371 1.999696
20.380371 1.999699
20.390371 1.999701
20.400372 1.999704
20.410372 1.999706
20.420372 1.999709
20.430372 1.999711
20.440372 1.999714
20.450373 1.999716
20.460373 1.999719
20.470373 1.999722
20.480373 1.999724
20.490374 1.999727
20.500374 1.999729
20.510374 1.999732
20.520374 1.999735
20.530375 1.999737
20.540375 1.999740
20.550375 1.999743
20.560375 1.999745
20.570375 1.999748
20.580376 1.999750
20.590376 1.999753
20.600376 1.999756
20.610376 1.999758
20.620377 1.999761
20.630377 1.999763
20.640377 1.999766
20.650377 1.999769
20.660378 1.999771
20.670378 1.999774
20.680378 1.999777
20.690378 1.999779
20.700378 1.999782
20.710379 1.999784
20.720379 1.999787
20.730379 1.999790
20.740379 1.999792
20.750380 1.999795
20.760380 1.999798
20.770380 1.999800
20.780380 1.999803
20.790380 1.999805
20.800381 1.999808
20.810381 1.999811
20.820381 1.999813
20.830381 1.999816
20.840382 1.999819
20.850382 1.999821
20.860382 1.999824
20.870382 1.999826
20.880383 1.999829
20.890383 1.999832
20.900383 1.999834
20.910383 1.999837
20.920383 1.999840
20.930384 1.999842
20.940384 1.999845
20.950384 1.999847
20.960384 1.999850
20.970385 1.999853
20.980385 1.999855
20.990385 1.999858
21.000385 1.999861
21.010386 1.999863
21.020386 1.999866
21.030386 1.999868
21.040386 1.999871
21.050386 1.999873
21.060387 1.999876
21.070387 1.999878
21.080387 1.999881
21.090387 1.999883
21.100388 1.999886
21.110388 1.999888
21.120388 1.999891
21.130388 1.999893
21.140388 1.999896
21.150389 1.999898
21.160389 1.999901
21.170389 1.999903
21.180389 1.999905
21.190390 1.999908
21.200390 1.999910
21.210390 1.999913
21.220390 1.999915
21.230391 1.999917
21.240391 1.999920
21.250391 1.999922
21.260391 1.999925
21.270391 1.999927
21.280392 1.999929
21.290392 1.999931
21.300392 1.999934
21.310392 1.999936
21.320393 1.999938
21.330393 1.999941
21.340393 1.999943
21.350393 1.999945
21.360394 1.999947
21.370394 1.999950
21.380394 1.999952
21.390394 1.999954
21.400394 1.999956
21.410395 1.999958
21.420395 1.999960
21.430395 1.999962
21.440395 1.999965
21.450396 1.999967
21.460396 1.999969
21.470396 1.999971
21.480396 1.999973
21.490396 1.999975
21.500397 1.999977
21.510397 1.999979
21.520397 1.999981
21.530397 1.999983
21.540398 1.999985
21.550398 1.999987
21.560398 1.999989
21.570398 1.999991
21.580399 1.999993
21.590399 1.999995
21.600399 1.999997
21.610399 1.999999
21.620399 2.000000
21.630400 2.000002
21.640400 2.000004
21.650400 2.000006
21.660400 2.000008
21.670401 2.000010
21.680401 2.000012
21.690401 2.000013
21.700401 2.000015
21.710402 2.000017
21.720402 2.000018
21.730402 2.000020
21.740402 2.000022
21.750402 2.000023
21.760403 2.000025
21.770403 2.000027
21.780403 2.000028
21.790403 2.000030
21.800404 2.000032
21.810404 2.000033
21.820404 2.000035
21.830404 2.000036
21.840405 2.000038
21.850405 2.000039
21.860405 2.000041
21.870405 2.000042
21.880405 2.000044
21.890406 2.000045
21.900406 2.000046
21.910406 2.000048
21.920406 2.000049
21.930407 2.000051
21.940407 2.000052
21.950407 2.000054
21.960407 2.000055
21.970407 2.000057
21.980408 2.000058
21.990408 2.000059
22.000408 2.000060
22.010408 2.000061
22.020409 2.000062
22.030409 2.000064
22.040409 2.000065
22.050409 2.000066
22.060410 2.000067
22.070410 2.000068
22.080410 2.000070
22.090410 2.000071
22.100410 2.000072
22.110411 2.000073
22.120411 2.000074
22.130411 2.000075
22.140411 2.000076
22.150412 2.000077
22.160412 2.000078
22.170412 2.000079
22.180412 2.000080
22.190413 2.000081
22.200413 2.000082
22.210413 2.000083
22.220413 2.000084
22.230413 2.000085
22.240414 2.000086
22.250414 2.000087
22.260414 2.000087
22.270414 2.000088
22.280415 2.000089
22.290415 2.000090
22.300415 2.000091
22.310415 2.000091
22.320415 2.000092
22.330416 2.000093
22.340416 2.000093
22.350416 2.000094
22.360416 2.000095
22.370417 2.000096
22.380417 2.000096
22.390417 2.000097
22.400417 2.000098
22.410418 2.000098
22.420418 2.000099
22.430418 2.000100
22.440418 2.000100
22.450418 2.000101
22.460419 2.000101
22.470419 2.000102
22.480419 2.000102
22.490419 2.000103
22.500420 2.000103
22.510420 2.000103
22.520420 2.000104
22.530420 2.000104
22.540421 2.000105
22.550421 2.000105
22.560421 2.000106
22.570421 2.000106
22.580421 2.000107
22.590422 2.000107
22.600422 2.000108
22.610422 2.000108
22.620422 2.000108
22.630423 2.000108
22.640423 2.000108
22.650423 2.000109
22.660423 2.000109
22.670424 2.000109
22.680424 2.000109
22.690424 2.000110
22.700424 2.000110
22.710424 2.000110
22.720425 2.000110
22.730425 2.000111
22.740425 2.000111
22.750425 2.000111
22.760426 2.000111
22.770426 2.000112
22.780426 2.000112
22.790426 2.000112
22.800426 2.000112
22.810427 2.000112
22.820427 2.000112
22.830427 2.000112
22.840427 2.000112
22.850428 2.000112
22.860428 2.000112
22.870428 2.000112
22.880428 2.000112
22.890429 2.000112
22.900429 2.000112
22.910429 2.000112
22.920429 2.000112
22.930429 2.000112
22.940430 2.000112
22.950430 2.000112
22.960430 2.000112
22.970430 2.000112
22.980431 2.000112
22.990431 2.000112
23.000431 2.000112
23.010431 2.000111
23.020432 2.000111
23.030432 2.000111
23.040432 2.000111
23.050432 2.000110
23.060432 2.000110
23.070433 2.000110
23.080433 2.000110
23.090433 2.000109
23.100433 2.000109
23.110434 2.000109
23.120434 2.000109
23.130434 2.000108
23.140434 2.000108
23.150434 2.000108
23.160435 2.000108
23.170435 2.000108
23.180435 2.000107
23.190435 2.000107
23.200436 2.000107
23.210436 2.000107
23.220436 2.000106
23.230436 2.000106
23.240437 2.000106
23.250437 2.000106
23.260437 2.000105
23.270437 2.000105
23.280437 2.000104
23.290438 2.000104
23.300438 2.000103
23.310438 2.000103
23.320438 2.000103
23.330439 2.000102
23.340439 2.000102
23.350439 2.000101
23.360439 2.000101
23.370440 2.000100
23.380440 2.000100
23.390440 2.000099
23.400440 2.000099
23.410440 2.000098
23.420441 2.000098
23.430441 2.000097
23.440441 2.000097
23.450441 2.000096
23.460442 2.000096
23.470442 2.000095
23.480442 2.000095
23.490442 2.000094
23.500443 2.000094
23.510443 2.000093
23.520443 2.000093
23.530443 2.000093
23.540443 2.000092
23.550444 2.000092
23.560444 2.000091
23.570444 2.000091
23.580444 2.000090
23.590445 2.000090
23.600445 2.000089
23.610445 2.000089
23.620445 2.000088
23.630445 2.000088
23.640446 2.000087
23.650446 2.000087
23.660446 2.000086
23.670446 2.000086
23.680447 2.000085
23.690447 2.000085
23.700447 2.000084
23.710447 2.000083
23.720448 2.000082
23.730448 2.000082
23.740448 2.000081
23.750448 2.000080
23.760448 2.000080
23.770449 2.000079
23.780449 2.000078
23.790449 2.000077
23.800449 2.000077
23.810450 2.000076
23.820450 2.000075
23.830450 2.000075
23.840450 2.000074
23.850451 2.000073
23.860451 2.000072
23.870451 2.000072
23.880451 2.000071
23.890451 2.000070
23.900452 2.000070
23.910452 2.000069
23.920452 2.000068
23.930452 2.000067
23.940453 2.000067
23.950453 2.000066
23.960453 2.000065
23.970453 2.000065
23.980453 2.000064
23.990454 2.000063
24.000454 2.000062
24.010454 2.000062
24.020454 2.000061
24.030455 2.000060
24.040455 2.000060
24.050455 2.000059
24.060455 2.000058
24.070456 2.000057
24.080456 2.000057
24.090456 2.000056
24.100456 2.000055
24.110456 2.000055
24.120457 2.000054
24.130457 2.000053
24.140457 2.000052
24.150457 2.000052
24.160458 2.000051
24.170458 2.000050
24.180458 2.000050
24.190458 2.000049
24.200459 2.000048
24.210459 2.000047
24.220459 2.000047
24.230459 2.000046
24.240459 2.000045
24.250460 2.000045
24.260460 2.000044
24.270460 2.000043
24.280460 2.000042
24.290461 2.000042
24.300461 2.000041
24.310461 2.000040
24.320461 2.000040
24.330462 2.000039
24.340462 2.000038
24.350462 2.000037
24.360462 2.000037
24.370462 2.000036
24.380463 2.000035
24.390463 2.000035
24.400463 2.000034
24.410463 2.000033
24.420464 2.000032
24.430464 2.000032
24.440464 2.000031
24.450464 2.000030
24.460464 2.000030
24.470465 2.000029
24.480465 2.000028
24.490465 2.000027
24.500465 2.000027
24.510466 2.000026
24.520466 2.000025
24.530466 2.000025
24.540466 2.000024
24.550467 2.000023
24.560467 2.000022
24.570467 2.000022
24.580467 2.000021
24.590467 2.000020
24.600468 2.000020
24.610468 2.000019
24.620468 2.000018
24.630468 2.000018
24.640469 2.000017
24.650469 2.000017
24.660469 2.000016
24.670469 2.000016
24.680470 2.000015
24.690470 2.000015
24.700470 2.000014
24.710470 2.000014
24.720470 2.000013
24.730471 2.000013
24.740471 2.000012
24.750471 2.000012
24.760471 2.000011
24.770472 2.000011
24.780472 2.000010
24.790472 2.000010
24.800472 2.000010
24.810472 2.000009
24.820473 2.000009
24.830473 2.000008
24.840473 2.000008
24.850473 2.000007
24.860474 2.000007
24.870474 2.000006
24.880474 2.000006
24.890474 2.000005
24.900475 2.000005
24.910475 2.000004
24.920475 2.000004
24.930475 2.000003
24.940475 2.000003
24.950476 2.000002
24.960476 2.000002
24.970476 2.000001
24.980476 2.000001
24.990477 2.000000
25.000477 2.000000
25.010477 2.000000
25.020477 1.999999
25.030478 1.999999
25.040478 1.999998
25.050478 1.999998
25.060478 1.999997
25.070478 1.999997
25.080479 1.999996
25.090479 1.999996
25.100479 1.999995
25.110479 1.999995
25.120480 1.999994
25.130480 1.999994
25.140480 1.999993
25.150480 1.999993
25.160480 1.999993
25.170481 1.999992
25.180481 1.999992
25.190481 1.999992
25.200481 1.999991
25.210482 1.999991
25.220482 1.999991
25.230482 1.999990
25.240482 1.999990
25.250483 1.999990
25.260483 1.999989
25.270483 1.999989
25.280483 1.999988
25.290483 1.999988
25.300484 1.999988
25.310484 1.999987
25.320484 1.999987
25.330484 1.999987
25.340485 1.999986
25.350485 1.999986
25.360485 1.999986
25.370485 1.999985
25.380486 1.999985
25.390486 1.999985
25.400486 1.999984
25.410486 1.999984
25.420486 1.999983
25.430487 1.999983
25.440487 1.999983
25.450487 1.999983
25.460487 1.999982
25.470488 1.999982
25.480488 1.999982
25.490488 1.999982
25.500488 1.999981
25.510489 1.999981
25.520489 1.999981
25.530489 1.999981
25.540489 1.999980
25.550489 1.999980
25.560490 1.999980
25.570490 1.999980
25.580490 1.999979
25.590490 1.999979
25.600491 1.999979
25.610491 1.999979
25.620491 1.999979
25.630491 1.999978
25.640491 1.999978
25.650492 1.999978
25.660492 1.999978
25.670492 1.999977
25.680492 1.999977
25.690493 1.999977
25.700493 1.999977
25.710493 1.999976
25.720493 1.999976
25.730494 1.999976
25.740494 1.999976
25.750494 1.999976
25.760494 1.999976
25.770494 1.999975
25.780495 1.999975
25.790495 1.999975
25.800495 1.999975
25.810495 1.999975
25.820496 1.999975
25.830496 1.999975
25.840496 1.999975
25.850496 1.999974
25.860497 1.999974
25.870497 1.999974
25.880497 1.999974
25.890497 1.999974
25.900497 1.999974
25.910498 1.999974
25.920498 1.999974
25.930498 1.999974
25.940498 1.999973
25.950499 1.999973
25.960499 1.999973
25.970499 1.999973
25.980499 1.999973
25.990499 1.999973
26.000500 1.999973
26.010500 1.999973
26.020500 1.999972
26.030500 1.999972
26.040501 1.999972
26.050501 1.999972
26.060501 1.999972
26.070501 1.999972
26.080502 1.999972
26.090502 1.999972
26.100502 1.999972
26.110502 1.999972
26.120502 1.999972
26.130503 1.999972
26.140503 1.999972
26.150503 1.999972
26.160503 1.999972
26.170504 1.999972
26.180504 1.999972
26.190504 1.999972
26.200504 1.999972
26.210505 1.999972
26.220505 1.999972
26.230505 1.999972
26.240505 1.999972
26.250505 1.999972
26.260506 1.999972
26.270506 1.999972
26.280506 1.999972
26.290506 1.999972
26.300507 1.999972
26.310507 1.999972
26.320507 1.999972
26.330507 1.999972
26.340508 1.999972
26.350508 1.999972
26.360508 1.999972
26.370508 1.999972
26.380508 1.999972
26.390509 1.999972
26.400509 1.999972
26.410509 1.999972
26.420509 1.999972
26.430510 1.999972
26.440510 1.999972
26.450510 1.999972
26.460510 1.999972
26.470510 1.999972
26.480511 1.999972
26.490511 1.999972
26.500511 1.999972
26.510511 1.999972
26.520512 1.999972
26.530512 1.999972
26.540512 1.999973
26.550512 1.999973
26.560513 1.999973
26.570513 1.999973
26.580513 1.999973
26.590513 1.999973
26.600513 1.999973
26.610514 1.999973
26.620514 1.999974
26.630514 1.999974
26.640514 1.999974
26.650515 1.999974
26.660515 1.999974
26.670515 1.999974
26.680515 1.999974
26.690516 1.999974
26.700516 1.999974
26.710516 1.999975
26.720516 1.999975
26.730516 1.999975
26.740517 1.999975
26.750517 1.999975
26.760517 1.999975
26.770517 1.999975
26.780518 1.999975
26.790518 1.999976
26.800518 1.999976
26.810518 1.999976
26.820518 1.999976
26.830519 1.999976
26.840519 1.999976
26.850519 1.999976
26.860519 1.999976
26.870520 1.999977
26.880520 1.999977
26.890520 1.999977
26.900520 1.999977
26.910521 1.999977
26.920521 1.999977
26.930521 1.999977
26.940521 1.999977
26.950521 1.999977
26.960522 1.999978
26.970522 1.999978
26.980522 1.999978
26.990522 1.999978
27.000523 1.999978
27.010523 1.999978
27.020523 1.999978
27.030523 1.999978
27.040524 1.999979
27.050524 1.999979
27.060524 1.999979
27.070524 1.999979
27.080524 1.999979
27.090525 1.999979
27.100525 1.999979
27.110525 1.999979
27.120525 1.999979
27.130526 1.999980
27.140526 1.999980
27.150526 1.999980
27.160526 1.999980
27.170527 1.999980
27.180527 1.999980
27.190527 1.999980
27.200527 1.999980
27.210527 1.999981
27.220528 1.999981
27.230528 1.999981
27.240528 1.999981
27.250528 1.999981
27.260529 1.999981
27.270529 1.999981
27.280529 1.999981
27.290529 1.999982
27.300529 1.999982
27.310530 1.999982
27.320530 1.999982
27.330530 1.999982
27.340530 1.999982
27.350531 1.999982
27.360531 1.999982
27.370531 1.999982
27.380531 1.999983
27.390532 1.999983
27.400532 1.999983
27.410532 1.999983
27.420532 1.999983
27.430532 1.999983
27.440533 1.999983
27.450533 1.999983
27.460533 1.999984
27.470533 1.999984
27.480534 1.999984
27.490534 1.999984
27.500534 1.999984
27.510534 1.999984
27.520535 1.999984
27.530535 1.999984
27.540535 1.999985
27.550535 1.999985
27.560535 1.999985
27.570536 1.999985
27.580536 1.999985
27.590536 1.999985
27.600536 1.999985
27.610537 1.999985
27.620537 1.999985
27.630537 1.999986
27.640537 1.999986
27.650537 1.999986
27.660538 1.999986
27.670538 1.999986
27.680538 1.999986
27.690538 1.999986
27.700539 1.999986
27.710539 1.999987
27.720539 1.999987
27.730539 1.999987
27.740540 1.999987
27.750540 1.999987
27.760540 1.999987
27.770540 1.999987
27.780540 1.999987
27.790541 1.999987
27.800541 1.999988
27.810541 1.999988
27.820541 1.999988
27.830542 1.999988
27.840542 1.999988
27.850542 1.999988
27.860542 1.999988
27.870543 1.999988
27.880543 1.999989
27.890543 1.999989
27.900543 1.999989
27.910543 1.999989
27.920544 1.999989
27.930544 1.999989
27.940544 1.999989
27.950544 1.999989
27.960545 1.999990
27.970545 1.999990
27.980545 1.999990
27.990545 1.999990
28.000546 1.999990
28.010546 1.999990
28.020546 1.999990
28.030546 1.999990
28.040546 1.999990
28.050547 1.999991
28.060547 1.999991
28.070547 1.999991
28.080547 1.999991
28.090548 1.999991
28.100548 1.999991
28.110548 1.999991
28.120548 1.999991
28.130548 1.999992
28.140549 1.999992
28.150549 1.999992
28.160549 1.999992
28.170549 1.999992
28.180550 1.999992
28.190550 1.999992
28.200550 1.999992
28.210550 1.999992
28.220551 1.999993
28.230551 1.999993
28.240551 1.999993
28.250551 1.999993
28.260551 1.999993
28.270552 1.999993
28.280552 1.999993
28.290552 1.999993
28.300552 1.999994
28.310553 1.999994
28.320553 1.999994
28.330553 1.999994
28.340553 1.999994
28.350554 1.999994
28.360554 1.999994
28.370554 1.999994
28.380554 1.999995
28.390554 1.999995
28.400555 1.999995
28.410555 1.999995
28.420555 1.999995
28.430555 1.999995
28.440556 1.999995
28.450556 1.999995
28.460556 1.999995
28.470556 1.999996
28.480556 1.999996
28.490557 1.999996
28.500557 1.999996
28.510557 1.999996
28.520557 1.999996
28.530558 1.999996
28.540558 1.999996
28.550558 1.999997
28.560558 1.999997
28.570559 1.999997
28.580559 1.999997
28.590559 1.999997
28.600559 1.999997
28.610559 1.999997
28.620560 1.999997
28.630560 1.999997
28.640560 1.999998
28.650560 1.999998
28.660561 1.999998
28.670561 1.999998
28.680561 1.999998
28.690561 1.999998
28.700562 1.999998
28.710562 1.999998
28.720562 1.999999
28.730562 1.999999
28.740562 1.999999
28.750563 1.999999
28.760563 1.999999
28.770563 1.999999
28.780563 1.999999
28.790564 1.999999
28.800564 2.000000
28.810564 2.000000
28.820564 2.000000
28.830564 2.000000
28.840565 2.000000
28.850565 2.000000
28.860565 2.000000
28.870565 2.000000
28.880566 2.000000
28.890566 2.000000
28.900566 2.000000
28.910566 2.000000
28.920567 2.000000
28.930567 2.000000
28.940567 2.000000
28.950567 2.000000
28.960567 2.000000
28.970568 2.000000
28.980568 2.000000
28.990568 2.000000
29.000568 2.000000
29.010569 2.000000
29.020569 2.000000
29.030569 2.000000
29.040569 2.000000
29.050570 2.000000
29.060570 2.000000
29.070570 2.000000
29.080570 2.000000
29.090570 2.000000
29.100571 2.000000
29.110571 2.000000
29.120571 2.000000
29.130571 2.000000
29.140572 2.000000
29.150572 2.000000
29.160572 2.000000
29.170572 2.000000
29.180573 2.000000
29.190573 2.000000
29.200573 2.000000
29.210573 2.000000
29.220573 2.000000
29.230574 2.000000
29.240574 2.000000
29.250574 2.000000
29.260574 2.000000
29.270575 2.000000
29.280575 2.000000
29.290575 2.000000
29.300575 2.000000
29.310575 2.000000
29.320576 2.000000
29.330576 2.000000
29.340576 2.000000
29.350576 2.000000
29.360577 2.000000
29.370577 2.000000
29.380577 2.000000
29.390577 2.000000
29.400578 2.000000
29.410578 2.000000
29.420578 2.000000
29.430578 2.000000
29.440578 2.000000
29.450579 2.000000
29.460579 2.000000
29.470579 2.000000
29.480579 2.000000
29.490580 2.000000
29.500580 2.000000
29.510580 2.000000
29.520580 2.000000
29.530581 2.000000
29.540581 2.000000
29.550581 2.000000
29.560581 2.000000
29.570581 2.000000
29.580582 2.000000
29.590582 2.000000
29.600582 2.000000
29.610582 2.000000
29.620583 2.000000
29.630583 2.000000
29.640583 2.000000
29.650583 2.000000
29.660583 2.000000
29.670584 2.000000
29.680584 2.000000
29.690584 2.000000
29.700584 2.000000
29.710585 2.000000
29.720585 2.000000
29.730585 2.000000
29.740585 2.000000
29.750586 2.000000
29.760586 2.000000
29.770586 2.000000
29.780586 2.000000
29.790586 2.000000
29.800587 2.000000
29.810587 2.000000
29.820587 2.000000
29.830587 2.000000
29.840588 2.000000
29.850588 2.000000
29.860588 2.000000
29.870588 2.000000
29.880589 2.000000
29.890589 2.000000
29.900589 2.000000
29.910589 2.000000
29.920589 2.000000
29.930590 2.000000
29.940590 2.000000
29.950590 2.000000
29.960590 2.000000
29.970591 2.000000
29.980591 2.000000
29.990591 2.000000
30.000591 2.000000
30.010592 2.000000
30.020592 2.000000
30.030592 2.000000
30.040592 2.000000
30.050592 2.000000
30.060593 2.000000
30.070593 2.000000
30.080593 2.000000
30.090593 2.000000
30.100594 2.000000
30.110594 2.000000
30.120594 2.000000
30.130594 2.000000
30.140594 2.000000
30.150595 2.000000
30.160595 2.000000
30.170595 2.000000
30.180595 2.000000
30.190596 2.000000
30.200596 2.000000
30.210596 2.000000
30.220596 2.000000
30.230597 2.000000
30.240597 2.000000
30.250597 2.000000
30.260597 2.000000
30.270597 2.000000
30.280598 2.000000
30.290598 2.000000
30.300598 2.000000
30.310598 2.000000
30.320599 2.000000
30.330599 2.000000
30.340599 2.000000
30.350599 2.000000
30.360600 2.000000
30.370600 2.000000
30.380600 2.000000
30.390600 2.000000
30.400600 2.000000
30.410601 2.000000
30.420601 2.000000
30.430601 2.000000
30.440601 2.000000
30.450602 2.000000
30.460602 2.000000
30.470602 2.000000
30.480602 2.000000
30.490602 2.000000
30.500603 2.000000
30.510603 2.000000
30.520603 2.000000
30.530603 2.000000
30.540604 2.000000
30.550604 2.000000
30.560604 2.000000
30.570604 2.000000
30.580605 2.000000
30.590605 2.000000
30.600605 2.000000
30.610605 2.000000
30.620605 2.000000
30.630606 2.000000
30.640606 2.000000
30.650606 2.000000
30.660606 2.000000
30.670607 2.000000
30.680607 2.000000
30.690607 2.000000
30.700607 2.000000
30.710608 2.000000
30.720608 2.000000
30.730608 2.000000
30.740608 2.000000
30.750608 2.000000
30.760609 2.000000
30.770609 2.000000
30.780609 2.000000
30.790609 2.000000
30.800610 2.000000
30.810610 2.000000
30.820610 2.000000
30.830610 2.000000
30.840611 2.000000
30.850611 2.000000
30.860611 2.000000
30.870611 2.000000
30.880611 2.000000
30.890612 2.000000
30.900612 2.000000
30.910612 2.000000
30.920612 2.000000
30.930613 2.000000
30.940613 2.000000
30.950613 2.000000
30.960613 2.000000
30.970613 2.000000
30.980614 2.000000
30.990614 2.000000
31.000614 2.000000
31.010614 2.000000
31.020615 2.000000
31.030615 2.000000
31.040615 2.000000
31.050615 2.000000
31.060616 2.000000
31.070616 2.000000
31.080616 2.000000
31.090616 2.000000
31.100616 2.000000
31.110617 2.000000
31.120617 2.000000
31.130617 2.000000
31.140617 2.000000
31.150618 2.000000
31.160618 2.000000
31.170618 2.000000
31.180618 2.000000
31.190619 2.000000
31.200619 2.000000
31.210619 2.000000
31.220619 2.000000
31.230619 2.000000
31.240620 2.000000
31.250620 2.000000
31.260620 2.000000
31.270620 2.000000
31.280621 2.000000
31.290621 2.000000
31.300621 2.000000
31.310621 2.000000
31.320621 2.000000
31.330622 2.000000
31.340622 2.000000
31.350622 2.000000
31.360622 2.000000
31.370623 2.000000
31.380623 2.000000
31.390623 2.000000
31.400623 2.000000
31.410624 2.000000
31.420624 2.000000
31.430624 2.000000
31.440624 2.000000
31.450624 2.000000
31.460625 2.000000
31.470625 2.000000
31.480625 2.000000
31.490625 2.000000
31.500626 2.000000
31.510626 2.000000
31.520626 2.000000
31.530626 2.000000
31.540627 2.000000
31.550627 2.000000
31.560627 2.000000
31.570627 2.000000
31.580627 2.000000
31.590628 2.000000
31.600628 2.000000
31.610628 2.000000
31.620628 2.000000
31.630629 2.000000
31.640629 2.000000
31.650629 2.000000
31.660629 2.000000
31.670630 2.000000
31.680630 2.000000
31.690630 2.000000
31.700630 2.000000
31.710630 2.000000
31.720631 2.000000
31.730631 2.000000
31.740631 2.000000
31.750631 2.000000
31.760632 2.000000
31.770632 2.000000
31.780632 2.000000
31.790632 2.000000
31.800632 2.000000
31.810633 2.000000
31.820633 2.000000
31.830633 2.000000
31.840633 2.000000
31.850634 2.000000
31.860634 2.000000
31.870634 2.000000
31.880634 2.000000
31.890635 2.000000
31.900635 2.000000
31.910635 2.000000
31.920635 2.000000
31.930635 2.000000
31.940636 2.000000
31.950636 2.000000
31.960636 2.000000
31.970636 2.000000
31.980637 2.000000
31.990637 2.000000
32.000637 2.000000
32.010635 2.000000
32.020634 2.000000
32.030632 2.000000
32.040630 2.000000
32.050629 2.000000
32.060627 2.000000
32.070625 2.000000
32.080624 2.000000
32.090622 2.000000
32.100620 2.000000
32.110619 2.000000
32.120617 2.000000
32.130615 2.000000
32.140614 2.000000
32.150612 2.000000
32.160610 2.000000
32.170609 2.000000
32.180607 2.000000
32.190605 2.000000
32.200603 2.000000
32.210602 2.000000
32.220600 2.000000
32.230598 2.000000
32.240597 2.000000
32.250595 2.000000
32.260593 2.000000
32.270592 2.000000
32.280590 2.000000
32.290588 2.000000
32.300587 2.000000
32.310585 2.000000
32.320583 2.000000
32.330582 2.000000
32.340580 2.000000
32.350578 2.000000
32.360577 2.000000
32.370575 2.000000
32.380573 2.000000
32.390572 2.000000
32.400570 2.000000
32.410568 2.000000
32.420567 2.000000
32.430565 2.000000
32.440563 2.000000
32.450562 2.000000
32.460560 2.000000
32.470558 2.000000
32.480556 2.000000
32.490555 2.000000
32.500553 2.000000
32.510551 2.000000
32.520550 2.000000
32.530548 2.000000
32.540546 2.000000
32.550545 2.000000
32.560543 2.000000
32.570541 2.000000
32.580540 2.000000
32.590538 2.000000
32.600536 2.000000
32.610535 2.000000
32.620533 2.000000
32.630531 2.000000
32.640530 2.000000
32.650528 2.000000
32.660526 2.000000
32.670525 2.000000
32.680523 2.000000
32.690521 2.000000
32.700520 2.000000
32.710518 2.000000
32.720516 2.000000
32.730515 2.000000
32.740513 2.000000
32.750511 2.000000
32.760509 2.000000
32.770508 2.000000
32.780506 2.000000
32.790504 2.000000
32.800503 2.000000
32.810501 2.000000
32.820499 2.000000
32.830498 2.000000
32.840496 2.000000
32.850494 2.000000
32.860493 2.000000
32.870491 2.000000
32.880489 2.000000
32.890488 2.000000
32.900486 2.000000
32.910484 2.000000
32.920483 2.000000
32.930481 2.000000
32.940479 2.000000
32.950478 2.000000
32.960476 2.000000
32.970474 2.000000
32.980473 2.000000
32.990471 2.000000
33.000469 2.000000
33.010468 2.000000
33.020466 2.000000
33.030464 2.000000
33.040462 2.000000
33.050461 2.000000
33.060459 2.000000
33.070457 2.000000
33.080456 2.000000
33.090454 2.000000
33.100452 2.000000
33.110451 2.000000
33.120449 2.000000
33.130447 2.000000
33.140446 2.000000
33.150444 2.000000
33.160442 2.000000
33.170441 2.000000
33.180439 2.000000
33.190437 2.000000
33.200436 2.000000
33.210434 2.000000
33.220432 2.000000
33.230431 2.000000
33.240429 2.000000
33.250427 2.000000
33.260426 2.000000
33.270424 2.000000
33.280422 2.000000
33.290421 2.000000
33.300419 2.000000
33.310417 2.000000
33.320415 2.000000
33.330414 2.000000
33.340412 2.000000
33.350410 2.000000
33.360409 2.000000
33.370407 2.000000
33.380405 2.000000
33.390404 2.000000
33.400402 2.000000
33.410400 2.000000
33.420399 2.000000
33.430397 2.000000
33.440395 2.000000
33.450394 2.000000
33.460392 2.000000
33.470390 2.000000
33.480389 2.000000
33.490387 2.000000
33.500385 2.000000
33.510384 2.000000
33.520382 2.000000
33.530380 2.000000
33.540379 2.000000
33.550377 2.000000
33.560375 2.000000
33.570374 2.000000
33.580372 2.000000
33.590370 2.000000
33.600368 2.000000
33.610367 2.000000
33.620365 2.000000
33.630363 2.000000
33.640362 2.000000
33.650360 2.000000
33.660358 2.000000
33.670357 2.000000
33.680355 2.000000
33.690353 2.000000
33.700352 2.000000
33.710350 2.000000
33.720348 2.000000
33.730347 2.000000
33.740345 2.000000
33.750343 2.000000
33.760342 2.000000
33.770340 2.000000
33.780338 2.000000
33.790337 2.000000
33.800335 2.000000
33.810333 2.000000
33.820332 2.000000
33.830330 2.000000
33.840328 2.000000
33.850327 2.000000
33.860325 2.000000
33.870323 2.000000
33.880322 2.000000
33.890320 2.000000
33.900318 2.000000
33.910316 2.000000
33.920315 2.000000
33.930313 2.000000
33.940311 2.000000
33.950310 2.000000
33.960308 2.000000
33.970306 2.000000
33.980305 2.000000
33.990303 2.000000
34.000301 2.000000
34.010300 2.000000
34.020298 2.000000
34.030296 2.000000
34.040295 2.000000
34.050293 2.000000
34.060291 2.000000
34.070290 2.000000
34.080288 2.000000
34.090286 2.000000
34.100285 2.000000
34.110283 2.000000
34.120281 2.000000
34.130280 2.000000
34.140278 2.000000
34.150276 2.000000
34.160275 2.000000
34.170273 2.000000
34.180271 2.000000
34.190269 2.000000
34.200268 2.000000
34.210266 2.000000
34.220264 2.000000
34.230263 2.000000
34.240261 2.000000
34.250259 2.000000
34.260258 2.000000
34.270256 2.000000
34.280254 2.000000
34.290253 2.000000
34.300251 2.000000
34.310249 2.000000
34.320248 2.000000
34.330246 2.000000
34.340244 2.000000
34.350243 2.000000
34.360241 2.000000
34.370239 2.000000
34.380238 2.000000
34.390236 2.000000
34.400234 2.000000
34.410233 2.000000
34.420231 2.000000
34.430229 2.000000
34.440228 2.000000
34.450226 2.000000
34.460224 2.000000
34.470222 2.000000
34.480221 2.000000
34.490219 2.000000
34.500217 2.000000
34.510216 2.000000
34.520214 2.000000
34.530212 2.000000
34.540211 2.000000
34.550209 2.000000
34.560207 2.000000
34.570206 2.000000
34.580204 2.000000
34.590202 2.000000
34.600201 2.000000
34.610199 2.000000
34.620197 2.000000
34.630196 2.000000
34.640194 2.000000
34.650192 2.000000
34.660191 2.000000
34.670189 2.000000
34.680187 2.000000
34.690186 2.000000
34.700184 2.000000
34.710182 2.000000
34.720181 2.000000
34.730179 2.000000
34.740177 2.000000
34.750175 2.000000
34.760174 2.000000
34.770172 2.000000
34.780170 2.000000
34.790169 2.000000
34.800167 2.000000
34.810165 2.000000
34.820164 2.000000
34.830162 2.000000
34.840160 2.000000
34.850159 2.000000
34.860157 2.000000
34.870155 2.000000
34.880154 2.000000
34.890152 2.000000
34.900150 2.000000
34.910149 2.000000
34.920147 2.000000
34.930145 2.000000
34.940144 2.000000
34.950142 2.000000
34.960140 2.000000
34.970139 2.000000
34.980137 2.000000
34.990135 2.000000
35.000134 2.000000
35.010132 2.000000
35.020130 2.000000
35.030128 2.000000
35.040127 2.000000
35.050125 2.000000
35.060123 2.000000
35.070122 2.000000
35.080120 2.000000
35.090118 2.000000
35.100117 2.000000
35.110115 2.000000
35.120113 2.000000
35.130112 2.000000
35.140110 2.000000
35.150108 2.000000
35.160107 2.000000
35.170105 2.000000
35.180103 2.000000
35.190102 2.000000
35.200100 2.000000
35.210098 2.000000
35.220097 2.000000
35.230095 2.000000
35.240093 2.000000
35.250092 2.000000
35.260090 2.000000
35.270088 2.000000
35.280087 2.000000
35.290085 2.000000
35.300083 2.000000
35.310081 2.000000
35.320080 2.000000
35.330078 2.000000
35.340076 2.000000
35.350075 2.000000
35.360073 2.000000
35.370071 2.000000
35.380070 2.000000
35.390068 2.000000
35.400066 2.000000
35.410065 2.000000
35.420063 2.000000
35.430061 2.000000
35.440060 2.000000
35.450058 2.000000
35.460056 2.000000
35.470055 2.000000
35.480053 2.000000
35.490051 2.000000
35.500050 2.000000
35.510048 2.000000
35.520046 2.000000
35.530045 2.000000
35.540043 2.000000
35.550041 2.000000
35.560040 2.000000
35.570038 2.000000
35.580036 2.000000
35.590034 2.000000
35.600033 2.000000
35.610031 2.000000
35.620029 2.000000
35.630028 2.000000
35.640026 2.000000
35.650024 2.000000
35.660023 2.000000
35.670021 2.000000
35.680019 2.000000
35.690018 2.000000
35.700016 2.000000
35.710014 2.000000
35.720013 2.000000
35.730011 2.000000
35.740009 2.000000
35.750008 2.000000
35.760006 2.000000
35.770004 2.000000
35.780003 2.000000
35.790001 2.000000
35.799999 2.000000
35.809998 2.000000
35.819996 2.000000
35.829994 2.000000
35.839993 2.000000
35.849991 2.000000
35.859989 2.000000
35.869987 2.000000
35.879986 2.000000
35.889984 2.000000
35.899982 2.000000
35.909981 2.000000
35.919979 2.000000
35.929977 2.000000
35.939976 2.000000
35.949974 2.000000
35.959972 2.000000
35.969971 2.000000
35.979969 2.000000
35.989967 2.000000
35.999966 2.000000
36.009964 2.000000
36.019962 2.000000
36.029961 2.000000
36.039959 2.000000
36.049957 2.000000
36.059956 2.000000
36.069954 2.000000
36.079952 2.000000
36.089951 2.000000
36.099949 2.000000
36.109947 2.000000
36.119946 2.000000
36.129944 2.000000
36.139942 2.000000
36.149940 2.000000
36.159939 2.000000
36.169937 2.000000
36.179935 2.000000
36.189934 2.000000
36.199932 2.000000
36.209930 2.000000
36.219929 2.000000
36.229927 2.000000
36.239925 2.000000
36.249924 2.000000
36.259922 2.000000
36.269920 2.000000
36.279919 2.000000
36.289917 2.000000
36.299915 2.000000
36.309914 2.000000
36.319912 2.000000
36.329910 2.000000
36.339909 2.000000
36.349907 2.000000
36.359905 2.000000
36.369904 2.000000
36.379902 2.000000
36.389900 2.000000
36.399899 2.000000
36.409897 2.000000
36.419895 2.000000
36.429893 2.000000
36.439892 2.000000
36.449890 2.000000
36.459888 2.000000
36.469887 2.000000
36.479885 2.000000
36.489883 2.000000
36.499882 2.000000
36.509880 2.000000
36.519878 2.000000
36.529877 2.000000
36.539875 2.000000
36.549873 2.000000
36.559872 2.000000
36.569870 2.000000
36.579868 2.000000
36.589867 2.000000
36.599865 2.000000
36.609863 2.000000
36.619862 2.000000
36.629860 2.000000
36.639858 2.000000
36.649857 2.000000
36.659855 2.000000
36.669853 2.000000
36.679852 2.000000
36.689850 2.000000
36.699848 2.000000
36.709846 2.000000
36.719845 2.000000
36.729843 2.000000
36.739841 2.000000
36.749840 2.000000
36.759838 2.000000
36.769836 2.000000
36.779835 2.000000
36.789833 2.000000
36.799831 2.000000
36.809830 2.000000
36.819828 2.000000
36.829826 2.000000
36.839825 2.000000
36.849823 2.000000
36.859821 2.000000
36.869820 2.000000
36.879818 2.000000
36.889816 2.000000
36.899815 2.000000
36.909813 2.000000
36.919811 2.000000
36.929810 2.000000
36.939808 2.000000
36.949806 2.000000
36.959805 2.000000
36.969803 2.000000
36.979801 2.000000
36.989799 2.000000
36.999798 2.000000
37.009796 2.000000
37.019794 2.000000
37.029793 2.000000
37.039791 2.000000
37.049789 2.000000
37.059788 2.000000
37.069786 2.000000
37.079784 2.000000
37.089783 2.000000
37.099781 2.000000
37.109779 2.000000
37.119778 2.000000
37.129776 2.000000
37.139774 2.000000
37.149773 2.000000
37.159771 2.000000
37.169769 2.000000
37.179768 2.000000
37.189766 2.000000
37.199764 2.000000
37.209763 2.000000
37.219761 2.000000
37.229759 2.000000
37.239758 2.000000
37.249756 2.000000
37.259754 2.000000
37.269753 2.000000
37.279751 2.000000
37.289749 2.000000
37.299747 2.000000
37.309746 2.000000
37.319744 2.000000
37.329742 2.000000
37.339741 2.000000
37.349739 2.000000
37.359737 2.000000
37.369736 2.000000
37.379734 2.000000
37.389732 2.000000
37.399731 2.000000
37.409729 2.000000
37.419727 2.000000
37.429726 2.000000
37.439724 2.000000
37.449722 2.000000
37.459721 2.000000
37.469719 2.000000
37.479717 2.000000
37.489716 2.000000
37.499714 2.000000
37.509712 2.000000
37.519711 2.000000
37.529709 2.000000
37.539707 2.000000
37.549706 2.000000
37.559704 2.000000
37.569702 2.000000
37.579700 2.000000
37.589699 2.000000
37.599697 2.000000
37.609695 2.000000
37.619694 2.000000
37.629692 2.000000
37.639690 2.000000
37.649689 2.000000
37.659687 2.000000
37.669685 2.000000
37.679684 2.000000
37.689682 2.000000
37.699680 2.000000
37.709679 2.000000
37.719677 2.000000
37.729675 2.000000
37.739674 2.000000
37.749672 2.000000
37.759670 2.000000
37.769669 2.000000
37.779667 2.000000
37.789665 2.000000
37.799664 2.000000
37.809662 2.000000
37.819660 2.000000
37.829659 2.000000
37.839657 2.000000
37.849655 2.000000
37.859653 2.000000
37.869652 2.000000
37.879650 2.000000
37.889648 2.000000
37.899647 2.000000
37.909645 2.000000
37.919643 2.000000
37.929642 2.000000
37.939640 2.000000
37.949638 2.000000
37.959637 2.000000
37.969635 2.000000
37.979633 2.000000
37.989632 2.000000
37.999630 2.000000
38.009628 2.000000
38.019627 2.000000
38.029625 2.000000
38.039623 2.000000
38.049622 2.000000
38.059620 2.000000
38.069618 2.000000
38.079617 2.000000
38.089615 2.000000
38.099613 2.000000
38.109612 2.000000
38.119610 2.000000
38.129608 2.000000
38.139606 2.000000
38.149605 2.000000
38.159603 2.000000
38.169601 2.000000
38.179600 2.000000
38.189598 2.000000
38.199596 2.000000
38.209595 2.000000
38.219593 2.000000
38.229591 2.000000
38.239590 2.000000
38.249588 2.000000
38.259586 2.000000
38.269585 2.000000
38.279583 2.000000
38.289581 2.000000
38.299580 2.000000
38.309578 2.000000
38.319576 2.000000
38.329575 2.000000
38.339573 2.000000
38.349571 2.000000
38.359570 2.000000
38.369568 2.000000
38.379566 2.000000
38.389565 2.000000
38.399563 2.000000
38.409561 2.000000
38.419559 2.000000
38.429558 2.000000
38.439556 2.000000
38.449554 2.000000
38.459553 2.000000
38.469551 2.000000
38.479549 2.000000
38.489548 2.000000
38.499546 2.000000
38.509544 2.000000
38.519543 2.000000
38.529541 2.000000
38.539539 2.000000
38.549538 2.000000
38.559536 2.000000
38.569534 2.000000
38.579533 2.000000
38.589531 2.000000
38.599529 2.000000
38.609528 2.000000
38.619526 2.000000
38.629524 2.000000
38.639523 2.000000
38.649521 2.000000
38.659519 2.000000
38.669518 2.000000
38.679516 2.000000
38.689514 2.000000
38.699512 2.000000
38.709511 2.000000
38.719509 2.000000
38.729507 2.000000
38.739506 2.000000
38.749504 2.000000
38.759502 2.000000
38.769501 2.000000
38.779499 2.000000
38.789497 2.000000
38.799496 2.000000
38.809494 2.000000
38.819492 2.000000
38.829491 2.000000
38.839489 2.000000
38.849487 2.000000
38.859486 2.000000
38.869484 2.000000
38.879482 2.000000
38.889481 2.000000
38.899479 2.000000
38.909477 2.000000
38.919476 2.000000
38.929474 2.000000
38.939472 2.000000
38.949471 2.000000
38.959469 2.000000
38.969467 2.000000
38.979465 2.000000
38.989464 2.000000
38.999462 2.000000
39.009460 2.000000
39.019459 2.000000
39.029457 2.000000
39.039455 2.000000
39.049454 2.000000
39.059452 2.000000
39.069450 2.000000
39.079449 2.000000
39.089447 2.000000
39.099445 2.000000
39.109444 2.000000
39.119442 2.000000
39.129440 2.000000
39.139439 2.000000
39.149437 2.000000
39.159435 2.000000
39.169434 2.000000
39.179432 2.000000
39.189430 2.000000
39.199429 2.000000
39.209427 2.000000
39.219425 2.000000
39.229424 2.000000
39.239422 2.000000
39.249420 2.000000
39.259418 2.000000
39.269417 2.000000
39.279415 2.000000
39.289413 2.000000
39.299412 2.000000
39.309410 2.000000
39.319408 2.000000
39.329407 2.000000
39.339405 2.000000
39.349403 2.000000
39.359402 2.000000
39.369400 2.000000
39.379398 2.000000
39.389397 2.000000
39.399395 2.000000
39.409393 2.000000
39.419392 2.000000
39.429390 2.000000
39.439388 2.000000
39.449387 2.000000
39.459385 2.000000
39.469383 2.000000
39.479382 2.000000
39.489380 2.000000
39.499378 2.000000
39.509377 2.000000
39.519375 2.000000
39.529373 2.000000
39.539371 2.000000
39.549370 2.000000
39.559368 2.000000
39.569366 2.000000
39.579365 2.000000
39.589363 2.000000
39.599361 2.000000
39.609360 2.000000
39.619358 2.000000
39.629356 2.000000
39.639355 2.000000
39.649353 2.000000
39.659351 2.000000
39.669350 2.000000
39.679348 2.000000
39.689346 2.000000
39.699345 2.000000
39.709343 2.000000
39.719341 2.000000
39.729340 2.000000
39.739338 2.000000
39.749336 2.000000
39.759335 2.000000
39.769333 2.000000
39.779331 2.000000
39.789330 2.000000
39.799328 2.000000
39.809326 2.000000
39.819324 2.000000
39.829323 2.000000
39.839321 2.000000
39.849319 2.000000
39.859318 2.000000
39.869316 2.000000
39.879314 2.000000
39.889313 2.000000
39.899311 2.000000
39.909309 2.000000
39.919308 2.000000
39.929306 2.000000
39.939304 2.000000
39.949303 2.000000
39.959301 2.000000
39.969299 2.000000
39.979298 2.000000
39.989296 2.000000
39.999294 2.000000
40.009293 2.000000
40.019291 2.000000
40.029289 2.000000
40.039288 2.000000
40.049286 2.000000
40.059284 2.000000
40.069283 2.000000
40.079281 2.000000
40.089279 2.000000
40.099277 2.000000
40.109276 2.000000
40.119274 2.000000
40.129272 2.000000
40.139271 2.000000
40.149269 2.000000
40.159267 2.000000
40.169266 2.000000
40.179264 2.000000
40.189262 2.000000
40.199261 2.000000
40.209259 2.000000
40.219257 2.000000
40.229256 2.000000
40.239254 2.000000
40.249252 2.000000
40.259251 2.000000
40.269249 2.000000
40.279247 2.000000
40.289246 2.000000
40.299244 2.000000
40.309242 2.000000
40.319241 2.000000
40.329239 2.000000
40.339237 2.000000
40.349236 2.000000
40.359234 2.000000
40.369232 2.000000
40.379230 2.000000
40.389229 2.000000
40.399227 2.000000
40.409225 2.000000
40.419224 2.000000
40.429222 2.000000
40.439220 2.000000
40.449219 2.000000
40.459217 2.000000
40.469215 2.000000
40.479214 2.000000
40.489212 2.000000
40.499210 2.000000
40.509209 2.000000
40.519207 2.000000
40.529205 2.000000
40.539204 2.000000
40.549202 2.000000
40.559200 2.000000
40.569199 2.000000
40.579197 2.000000
40.589195 2.000000
40.599194 2.000000
40.609192 2.000000
40.619190 2.000000
40.629189 2.000000
40.639187 2.000000
40.649185 2.000000
40.659184 2.000000
40.669182 2.000000
40.679180 2.000000
40.689178 2.000000
40.699177 2.000000
40.709175 2.000000
40.719173 2.000000
40.729172 2.000000
40.739170 2.000000
40.749168 2.000000
40.759167 2.000000
40.769165 2.000000
40.779163 2.000000
40.789162 2.000000
40.799160 2.000000
40.809158 2.000000
40.819157 2.000000
40.829155 2.000000
40.839153 2.000000
40.849152 2.000000
40.859150 2.000000
40.869148 2.000000
40.879147 2.000000
40.889145 2.000000
40.899143 2.000000
40.909142 2.000000
40.919140 2.000000
40.929138 2.000000
40.939137 2.000000
40.949135 2.000000
40.959133 2.000000
40.969131 2.000000
40.979130 2.000000
40.989128 2.000000
40.999126 2.000000
41.009125 2.000000
41.019123 2.000000
41.029121 2.000000
41.039120 2.000000
41.049118 2.000000
41.059116 2.000000
41.069115 2.000000
41.079113 2.000000
41.089111 2.000000
41.099110 2.000000
41.109108 2.000000
41.119106 2.000000
41.129105 2.000000
41.139103 2.000000
41.149101 2.000000
41.159100 2.000000
41.169098 2.000000
41.179096 2.000000
41.189095 2.000000
41.199093 2.000000
41.209091 2.000000
41.219090 2.000000
41.229088 2.000000
41.239086 2.000000
41.249084 2.000000
41.259083 2.000000
41.269081 2.000000
41.279079 2.000000
41.289078 2.000000
41.299076 2.000000
41.309074 2.000000
41.319073 2.000000
41.329071 2.000000
41.339069 2.000000
41.349068 2.000000
41.359066 2.000000
41.369064 2.000000
41.379063 2.000000
41.389061 2.000000
41.399059 2.000000
41.409058 2.000000
41.419056 2.000000
41.429054 2.000000
41.439053 2.000000
41.449051 2.000000
41.459049 2.000000
41.469048 2.000000
41.479046 2.000000
41.489044 2.000000
41.499043 2.000000
41.509041 2.000000
41.519039 2.000000
41.529037 2.000000
41.539036 2.000000
41.549034 2.000000
41.559032 2.000000
41.569031 2.000000
41.579029 2.000000
41.589027 2.000000
41.599026 2.000000
41.609024 2.000000
41.619022 2.000000
41.629021 2.000000
41.639019 2.000000
41.649017 2.000000
41.659016 2.000000
41.669014 2.000000
41.679012 2.000000
41.689011 2.000000
41.699009 2.000000
41.709007 2.000000
41.719006 2.000000
41.729004 2.000000
41.739002 2.000000
41.749001 2.000000
41.758999 2.000000
41.768997 2.000000
41.778996 2.000000
41.788994 2.000000
41.798992 2.000000
41.808990 2.000000
41.818989 2.000000
41.828987 2.000000
41.838985 2.000000
41.848984 2.000000
41.858982 2.000000
41.868980 2.000000
41.878979 2.000000
41.888977 2.000000
41.898975 2.000000
41.908974 2.000000
41.918972 2.000000
41.928970 2.000000
41.938969 2.000000
41.948967 2.000000
41.958965 2.000000
41.968964 2.000000
41.978962 2.000000
41.988960 2.000000
41.998959 2.000000
42.008957 2.000000
42.018955 2.000000
42.028954 2.000000
42.038952 2.000000
42.048950 2.000000
42.058949 2.000000
42.068947 2.000000
42.078945 2.000000
42.088943 2.000000
42.098942 2.000000
42.108940 2.000000
42.118938 2.000000
42.128937 2.000000
42.138935 2.000000
42.148933 2.000000
42.158932 2.000000
42.168930 2.000000
42.178928 2.000000
42.188927 2.000000
42.198925 2.000000
42.208923 2.000000
42.218922 2.000000
42.228920 2.000000
42.238918 2.000000
42.248917 2.000000
42.258915 2.000000
42.268913 2.000000
42.278912 2.000000
42.288910 2.000000
42.298908 2.000000
42.308907 2.000000
42.318905 2.000000
42.328903 2.000000
42.338902 2.000000
42.348900 2.000000
42.358898 2.000000
42.368896 2.000000
42.378895 2.000000
42.388893 2.000000
42.398891 2.000000
42.408890 2.000000
42.418888 2.000000
42.428886 2.000000
42.438885 2.000000
42.448883 2.000000
42.458881 2.000000
42.468880 2.000000
42.478878 2.000000
42.488876 2.000000
42.498875 2.000000
42.508873 2.000000
42.518871 2.000000
42.528870 2.000000
42.538868 2.000000
42.548866 2.000000
42.558865 2.000000
42.568863 2.000000
42.578861 2.000000
42.588860 2.000000
42.598858 2.000000
42.608856 2.000000
42.618855 2.000000
42.628853 2.000000
42.638851 2.000000
42.648849 2.000000
42.658848 2.000000
42.668846 2.000000
42.678844 2.000000
42.688843 2.000000
42.698841 2.000000
42.708839 2.000000
42.718838 2.000000
42.728836 2.000000
42.738834 2.000000
42.748833 2.000000
42.758831 2.000000
42.768829 2.000000
42.778828 2.000000
42.788826 2.000000
42.798824 2.000000
42.808823 2.000000
42.818821 2.000000
42.828819 2.000000
42.838818 2.000000
42.848816 2.000000
42.858814 2.000000
42.868813 2.000000
42.878811 2.000000
42.888809 2.000000
42.898808 2.000000
42.908806 2.000000
42.918804 2.000000
42.928802 2.000000
42.938801 2.000000
42.948799 2.000000
42.958797 2.000000
42.968796 2.000000
42.978794 2.000000
42.988792 2.000000
42.998791 2.000000
43.008789 2.000000
43.018787 2.000000
43.028786 2.000000
43.038784 2.000000
43.048782 2.000000
43.058781 2.000000
43.068779 2.000000
43.078777 2.000000
43.088776 2.000000
43.098774 2.000000
43.108772 2.000000
43.118771 2.000000
43.128769 2.000000
43.138767 2.000000
43.148766 2.000000
43.158764 2.000000
43.168762 2.000000
43.178761 2.000000
43.188759 2.000000
43.198757 2.000000
43.208755 2.000000
43.218754 2.000000
43.228752 2.000000
43.238750 2.000000
43.248749 2.000000
43.258747 2.000000
43.268745 2.000000
43.278744 2.000000
43.288742 2.000000
43.298740 2.000000
43.308739 2.000000
43.318737 2.000000
43.328735 2.000000
43.338734 2.000000
43.348732 2.000000
43.358730 2.000000
43.368729 2.000000
43.378727 2.000000
43.388725 2.000000
43.398724 2.000000
43.408722 2.000000
43.418720 2.000000
43.428719 2.000000
43.438717 2.000000
43.448715 2.000000
43.458714 2.000000
43.468712 2.000000
43.478710 2.000000
43.488708 2.000000
43.498707 2.000000
43.508705 2.000000
43.518703 2.000000
43.528702 2.000000
43.538700 2.000000
43.548698 2.000000
43.558697 2.000000
43.568695 2.000000
43.578693 2.000000
43.588692 2.000000
43.598690 2.000000
43.608688 2.000000
43.618687 2.000000
43.628685 2.000000
43.638683 2.000000
43.648682 2.000000
43.658680 2.000000
43.668678 2.000000
43.678677 2.000000
43.688675 2.000000
43.698673 2.000000
43.708672 2.000000
43.718670 2.000000
43.728668 2.000000
43.738667 2.000000
43.748665 2.000000
43.758663 2.000000
43.768661 2.000000
43.778660 2.000000
43.788658 2.000000
43.798656 2.000000
43.808655 2.000000
43.818653 2.000000
43.828651 2.000000
43.838650 2.000000
43.848648 2.000000
43.858646 2.000000
43.868645 2.000000
43.878643 2.000000
43.888641 2.000000
43.898640 2.000000
43.908638 2.000000
43.918636 2.000000
43.928635 2.000000
43.938633 2.000000
43.948631 2.000000
43.958630 2.000000
43.968628 2.000000
43.978626 2.000000
43.988625 2.000000
43.998623 2.000000
44.008621 2.000000
44.018620 2.000000
44.028618 2.000000
44.038616 2.000000
44.048615 2.000000
44.058613 2.000000
44.068611 2.000000
44.078609 2.000000
44.088608 2.000000
44.098606 2.000000
44.108604 2.000000
44.118603 2.000000
44.128601 2.000000
44.138599 2.000000
44.148598 2.000000
44.158596 2.000000
44.168594 2.000000
44.178593 2.000000
44.188591 2.000000
44.198589 2.000000
44.208588 2.000000
44.218586 2.000000
44.228584 2.000000
44.238583 2.000000
44.248581 2.000000
44.258579 2.000000
44.268578 2.000000
44.278576 2.000000
44.288574 2.000000
44.298573 2.000000
44.308571 2.000000
44.318569 2.000000
44.328568 2.000000
44.338566 2.000000
44.348564 2.000000
44.358562 2.000000
44.368561 2.000000
44.378559 2.000000
44.388557 2.000000
44.398556 2.000000
44.408554 2.000000
44.418552 2.000000
44.428551 2.000000
44.438549 2.000000
44.448547 2.000000
44.458546 2.000000
44.468544 2.000000
44.478542 2.000000
44.488541 2.000000
44.498539 2.000000
44.508537 2.000000
44.518536 2.000000
44.528534 2.000000
44.538532 2.000000
44.548531 2.000000
44.558529 2.000000
44.568527 2.000000
44.578526 2.000000
44.588524 2.000000
44.598522 2.000000
44.608521 2.000000
44.618519 2.000000
44.628517 2.000000
44.638515 2.000000
44.648514 2.000000
44.658512 2.000000
44.668510 2.000000
44.678509 2.000000
44.688507 2.000000
44.698505 2.000000
44.708504 2.000000
44.718502 2.000000
44.728500 2.000000
44.738499 2.000000
44.748497 2.000000
44.758495 2.000000
44.768494 2.000000
44.778492 2.000000
44.788490 2.000000
44.798489 2.000000
44.808487 2.000000
44.818485 2.000000
44.828484 2.000000
44.838482 2.000000
44.848480 2.000000
44.858479 2.000000
44.868477 2.000000
44.878475 2.000000
44.888474 2.000000
44.898472 2.000000
44.908470 2.000000
44.918468 2.000000
44.928467 2.000000
44.938465 2.000000
44.948463 2.000000
44.958462 2.000000
44.968460 2.000000
44.978458 2.000000
44.988457 2.000000
44.998455 2.000000
45.008453 2.000000
45.018452 2.000000
45.028450 2.000000
45.038448 2.000000
45.048447 2.000000
45.058445 2.000000
45.068443 2.000000
45.078442 2.000000
45.088440 2.000000
45.098438 2.000000
45.108437 2.000000
45.118435 2.000000
45.128433 2.000000
45.138432 2.000000
45.148430 2.000000
45.158428 2.000000
45.168427 2.000000
45.178425 2.000000
45.188423 2.000000
45.198421 2.000000
45.208420 2.000000
45.218418 2.000000
45.228416 2.000000
45.238415 2.000000
45.248413 2.000000
45.258411 2.000000
45.268410 2.000000
45.278408 2.000000
45.288406 2.000000
45.298405 2.000000
45.308403 2.000000
45.318401 2.000000
45.328400 2.000000
45.338398 2.000000
45.348396 2.000000
45.358395 2.000000
45.368393 2.000000
45.378391 2.000000
45.388390 2.000000
45.398388 2.000000
45.408386 2.000000
45.418385 2.000000
45.428383 2.000000
45.438381 2.000000
45.448380 2.000000
45.458378 2.000000
45.468376 2.000000
45.478374 2.000000
45.488373 2.000000
45.498371 2.000000
45.508369 2.000000
45.518368 2.000000
45.528366 2.000000
45.538364 2.000000
45.548363 2.000000
45.558361 2.000000
45.568359 2.000000
45.578358 2.000000
45.588356 2.000000
45.598354 2.000000
45.608353 2.000000
45.618351 2.000000
45.628349 2.000000
45.638348 2.000000
45.648346 2.000000
45.658344 2.000000
45.668343 2.000000
45.678341 2.000000
45.688339 2.000000
45.698338 2.000000
45.708336 2.000000
45.718334 2.000000
45.728333 2.000000
45.738331 2.000000
45.748329 2.000000
45.758327 2.000000
45.768326 2.000000
45.778324 2.000000
45.788322 2.000000
45.798321 2.000000
45.808319 2.000000
45.818317 2.000000
45.828316 2.000000
45.838314 2.000000
45.848312 2.000000
45.858311 2.000000
45.868309 2.000000
45.878307 2.000000
45.888306 2.000000
45.898304 2.000000
45.908302 2.000000
45.918301 2.000000
45.928299 2.000000
45.938297 2.000000
45.948296 2.000000
45.958294 2.000000
45.968292 2.000000
45.978291 2.000000
45.988289 2.000000
45.998287 2.000000
46.008286 2.000000
46.018284 2.000000
46.028282 2.000000
46.038280 2.000000
46.048279 2.000000
46.058277 2.000000
46.068275 2.000000
46.078274 2.000000
46.088272 2.000000
46.098270 2.000000
46.108269 2.000000
46.118267 2.000000
46.128265 2.000000
46.138264 2.000000
46.148262 2.000000
46.158260 2.000000
46.168259 2.000000
46.178257 2.000000
46.188255 2.000000
46.198254 2.000000
46.208252 2.000000
46.218250 2.000000
46.228249 2.000000
46.238247 2.000000
46.248245 2.000000
46.258244 2.000000
46.268242 2.000000
46.278240 2.000000
46.288239 2.000000
46.298237 2.000000
46.308235 2.000000
46.318233 2.000000
46.328232 2.000000
46.338230 2.000000
46.348228 2.000000
46.358227 2.000000
46.368225 2.000000
46.378223 2.000000
46.388222 2.000000
46.398220 2.000000
46.408218 2.000000
46.418217 2.000000
46.428215 2.000000
46.438213 2.000000
46.448212 2.000000
46.458210 2.000000
46.468208 2.000000
46.478207 2.000000
46.488205 2.000000
46.498203 2.000000
46.508202 2.000000
46.518200 2.000000
46.528198 2.000000
46.538197 2.000000
46.548195 2.000000
46.558193 2.000000
46.568192 2.000000
46.578190 2.000000
46.588188 2.000000
46.598186 2.000000
46.608185 2.000000
46.618183 2.000000
46.628181 2.000000
46.638180 2.000000
46.648178 2.000000
46.658176 2.000000
46.668175 2.000000
46.678173 2.000000
46.688171 2.000000
46.698170 2.000000
46.708168 2.000000
46.718166 2.000000
46.728165 2.000000
46.738163 2.000000
46.748161 2.000000
46.758160 2.000000
46.768158 2.000000
46.778156 2.000000
46.788155 2.000000
46.798153 2.000000
46.808151 2.000000
46.818150 2.000000
46.828148 2.000000
46.838146 2.000000
46.848145 2.000000
46.858143 2.000000
46.868141 2.000000
46.878139 2.000000
46.888138 2.000000
46.898136 2.000000
46.908134 2.000000
46.918133 2.000000
46.928131 2.000000
46.938129 2.000000
46.948128 2.000000
46.958126 2.000000
46.968124 2.000000
46.978123 2.000000
46.988121 2.000000
46.998119 2.000000
47.008118 2.000000
47.018116 2.000000
47.028114 2.000000
47.038113 2.000000
47.048111 2.000000
47.058109 2.000000
47.068108 2.000000
47.078106 2.000000
47.088104 2.000000
47.098103 2.000000
47.108101 2.000000
47.118099 2.000000
47.128098 2.000000
47.138096 2.000000
47.148094 2.000000
47.158092 2.000000
47.168091 2.000000
47.178089 2.000000
47.188087 2.000000
47.198086 2.000000
47.208084 2.000000
47.218082 2.000000
47.228081 2.000000
47.238079 2.000000
47.248077 2.000000
47.258076 2.000000
47.268074 2.000000
47.278072 2.000000
47.288071 2.000000
47.298069 2.000000
47.308067 2.000000
47.318066 2.000000
47.328064 2.000000
47.338062 2.000000
47.348061 2.000000
47.358059 2.000000
47.368057 2.000000
47.378056 2.000000
47.388054 2.000000
47.398052 2.000000
47.408051 2.000000
47.418049 2.000000
47.428047 2.000000
47.438046 2.000000
47.448044 2.000000
47.458042 2.000000
47.468040 2.000000
47.478039 2.000000
47.488037 2.000000
47.498035 2.000000
47.508034 2.000000
47.518032 2.000000
47.528030 2.000000
47.538029 2.000000
47.548027 2.000000
47.558025 2.000000
47.568024 2.000000
47.578022 2.000000
47.588020 2.000000
47.598019 2.000000
47.608017 2.000000
47.618015 2.000000
47.628014 2.000000
47.638012 2.000000
47.648010 2.000000
47.658009 2.000000
47.668007 2.000000
47.678005 2.000000
47.688004 2.000000
47.698002 2.000000
47.708000 2.000000
47.717999 2.000000
47.727997 2.000000
47.737995 2.000000
47.747993 2.000000
47.757992 2.000000
47.767990 2.000000
47.777988 2.000000
47.787987 2.000000
47.797985 2.000000
47.807983 2.000000
47.817982 2.000000
47.827980 2.000000
47.837978 2.000000
47.847977 2.000000
47.857975 2.000000
47.867973 2.000000
47.877972 2.000000
47.887970 2.000000
47.897968 2.000000
47.907967 2.000000
47.917965 2.000000
47.927963 2.000000
47.937962 2.000000
47.947960 2.000000
47.957958 2.000000
47.967957 2.000000
47.977955 2.000000
47.987953 2.000000
47.997952 2.000000
48.007950 2.000000
48.017948 2.000000
48.027946 2.000000
48.037945 2.000000
48.047943 2.000000
48.057941 2.000000
48.067940 2.000000
48.077938 2.000000
48.087936 2.000000
48.097935 2.000000
48.107933 2.000000
48.117931 2.000000
48.127930 2.000000
48.137928 2.000000
48.147926 2.000000
48.157925 2.000000
48.167923 2.000000
48.177921 2.000000
48.187920 2.000000
48.197918 2.000000
48.207916 2.000000
48.217915 2.000000
48.227913 2.000000
48.237911 2.000000
48.247910 2.000000
48.257908 2.000000
48.267906 2.000000
48.277905 2.000000
48.287903 2.000000
48.297901 2.000000
48.307899 2.000000
48.317898 2.000000
48.327896 2.000000
48.337894 2.000000
48.347893 2.000000
48.357891 2.000000
48.367889 2.000000
48.377888 2.000000
48.387886 2.000000
48.397884 2.000000
48.407883 2.000000
48.417881 2.000000
48.427879 2.000000
48.437878 2.000000
48.447876 2.000000
48.457874 2.000000
48.467873 2.000000
48.477871 2.000000
48.487869 2.000000
48.497868 2.000000
48.507866 2.000000
48.517864 2.000000
48.527863 2.000000
48.537861 2.000000
48.547859 2.000000
48.557858 2.000000
48.567856 2.000000
48.577854 2.000000
48.587852 2.000000
48.597851 2.000000
48.607849 2.000000
48.617847 2.000000
48.627846 2.000000
48.637844 2.000000
48.647842 2.000000
48.657841 2.000000
48.667839 2.000000
48.677837 2.000000
48.687836 2.000000
48.697834 2.000000
48.707832 2.000000
48.717831 2.000000
48.727829 2.000000
48.737827 2.000000
48.747826 2.000000
48.757824 2.000000
48.767822 2.000000
48.777821 2.000000
48.787819 2.000000
48.797817 2.000000
48.807816 2.000000
48.817814 2.000000
48.827812 2.000000
48.837811 2.000000
48.847809 2.000000
48.857807 2.000000
48.867805 2.000000
48.877804 2.000000
48.887802 2.000000
48.897800 2.000000
48.907799 2.000000
48.917797 2.000000
48.927795 2.000000
48.937794 2.000000
48.947792 2.000000
48.957790 2.000000
48.967789 2.000000
48.977787 2.000000
48.987785 2.000000
48.997784 2.000000
49.007782 2.000000
49.017780 2.000000
49.027779 2.000000
49.037777 2.000000
49.047775 2.000000
49.057774 2.000000
49.067772 2.000000
49.077770 2.000000
49.087769 2.000000
49.097767 2.000000
49.107765 2.000000
49.117764 2.000000
49.127762 2.000000
49.137760 2.000000
49.147758 2.000000
49.157757 2.000000
49.167755 2.000000
49.177753 2.000000
49.187752 2.000000
49.197750 2.000000
49.207748 2.000000
49.217747 2.000000
49.227745 2.000000
49.237743 2.000000
49.247742 2.000000
49.257740 2.000000
49.267738 2.000000
49.277737 2.000000
49.287735 2.000000
49.297733 2.000000
49.307732 2.000000
49.317730 2.000000
49.327728 2.000000
49.337727 2.000000
49.347725 2.000000
49.357723 2.000000
49.367722 2.000000
49.377720 2.000000
49.387718 2.000000
49.397717 2.000000
49.407715 2.000000
49.417713 2.000000
49.427711 2.000000
49.437710 2.000000
49.447708 2.000000
49.457706 2.000000
49.467705 2.000000
49.477703 2.000000
49.487701 2.000000
49.497700 2.000000
49.507698 2.000000
49.517696 2.000000
49.527695 2.000000
49.537693 2.000000
49.547691 2.000000
49.557690 2.000000
49.567688 2.000000
49.577686 2.000000
49.587685 2.000000
49.597683 2.000000
49.607681 2.000000
49.617680 2.000000
49.627678 2.000000
49.637676 2.000000
49.647675 2.000000
49.657673 2.000000
49.667671 2.000000
49.677670 2.000000
49.687668 2.000000
49.697666 2.000000
49.707664 2.000000
49.717663 2.000000
49.727661 2.000000
49.737659 2.000000
49.747658 2.000000
49.757656 2.000000
49.767654 2.000000
49.777653 2.000000
49.787651 2.000000
49.797649 2.000000
49.807648 2.000000
49.817646 2.000000
49.827644 2.000000
49.837643 2.000000
49.847641 2.000000
49.857639 2.000000
49.867638 2.000000
49.877636 2.000000
49.887634 2.000000
49.897633 2.000000
49.907631 2.000000
49.917629 2.000000
49.927628 2.000000
49.937626 2.000000
49.947624 2.000000
49.957623 2.000000
49.967621 2.000000
49.977619 2.000000
49.987617 2.000000
49.997616 2.000000
50.007614 2.000000
