0.010000 15.000000
0.020000 15.000000
0.030000 15.000000
0.040000 15.000000
0.050000 15.000000
0.060000 15.000000
0.070000 15.000000
0.080000 15.000000
0.090000 15.000000
0.100000 15.000000
0.110000 15.000000
0.120000 15.000000
0.130000 15.000000
0.140000 15.000000
0.150000 15.000000
0.160000 15.000000
0.170000 15.000000
0.180000 15.000000
0.190000 15.000000
0.200000 15.000000
0.210000 15.000000
0.220000 15.000000
0.230000 15.000000
0.240000 15.000000
0.250000 15.000000
0.260000 15.000000
0.270000 15.000000
0.280000 15.000000
0.290000 15.000000
0.300000 15.000000
0.310000 15.000000
0.320000 15.000000
0.330000 15.000000
0.340000 15.000000
0.350000 15.000000
0.360000 15.000000
0.370000 15.000000
0.380000 15.000000
0.390000 15.000000
0.400000 15.000000
0.410000 15.000000
0.420000 15.000000
0.430000 15.000000
0.440000 15.000000
0.450000 15.000000
0.460000 15.000000
0.470000 15.000000
0.480000 15.000000
0.490000 15.000000
0.500000 15.000000
0.510000 15.000000
0.520000 15.000000
0.530000 15.000000
0.540000 15.000000
0.550000 15.000000
0.560000 15.000000
0.570000 15.000000
0.580000 15.000000
0.590000 15.000000
0.600000 15.000000
0.610000 15.000000
0.620000 15.000000
0.630000 15.000000
0.640000 15.000000
0.650000 15.000000
0.660000 15.000000
0.670000 15.000000
0.680000 15.000000
0.690000 15.000000
0.700000 15.000000
0.710000 15.000000
0.720000 15.000000
0.730000 15.000000
0.740000 15.000000
0.750000 15.000000
0.760000 15.000000
0.770000 15.000000
0.780000 15.000000
0.790000 15.000000
0.800000 15.000000
0.810000 15.000000
0.820000 15.000000
0.830000 15.000000
0.839999 15.000000
0.849999 15.000000
0.859999 15.000000
0.869999 15.000000
0.879999 15.000000
0.889999 15.000000
0.899999 15.000000
0.909999 15.000000
0.919999 15.000000
0.929999 15.000000
0.939999 15.000000
0.949999 15.000000
0.959999 15.000000
0.969999 15.000000
0.979999 15.000000
0.989999 15.000000
0.999999 15.000000
1.009999 15.000000
1.019999 15.000000
1.029999 15.000000
1.039999 15.000000
1.049999 15.000000
1.059999 15.000000
1.069999 15.000000
1.079999 15.000000
1.089999 15.000000
1.099999 15.000000
1.109999 15.000000
1.119999 15.000000
1.129999 15.000000
1.139999 15.000000
1.149999 15.000000
1.159999 15.000000
1.169999 15.000000
1.179999 15.000000
1.189999 15.000000
1.199999 15.000000
1.209999 15.000000
1.219999 15.000000
1.229999 15.000000
1.239999 15.000000
1.249999 15.000000
1.259999 15.000000
1.269999 15.000000
1.279999 15.000000
1.289999 15.000000
1.299999 15.000000
1.309999 15.000000
1.319999 15.000000
1.329999 15.000000
1.339999 15.000000
1.349999 15.000000
1.359999 15.000000
1.369999 15.000000
1.379999 15.000000
1.389999 15.000000
1.399999 15.000000
1.409999 15.000000
1.419999 15.000000
1.429999 15.000000
1.439999 15.000000
1.449999 15.000000
1.459999 15.000000
1.469999 15.000000
1.479999 15.000000
1.489999 15.000000
1.499999 15.000000
1.509999 15.000000
1.519999 15.000000
1.529999 15.000000
1.539999 15.000000
1.549999 15.000000
1.559999 15.000000
1.569999 15.000000
1.579999 15.000000
1.589999 15.000000
1.599999 15.000000
1.609999 15.000000
1.619999 15.000000
1.629999 15.000000
1.639999 15.000000
1.649999 15.000000
1.659999 15.000000
1.669999 15.000000
1.679999 15.000000
1.689999 15.000000
1.699999 15.000000
1.709999 15.000000
1.719999 15.000000
1.729999 15.000000
1.739999 15.000000
1.749999 15.000000
1.759999 15.000000
1.769999 15.000000
1.779999 15.000000
1.789999 15.000000
1.799999 15.000000
1.809999 15.000000
1.819999 15.000000
1.829999 15.000000
1.839999 15.000000
1.849999 15.000000
1.859999 15.000000
1.869999 15.000000
1.879999 15.000000
1.889999 15.000000
1.899999 15.000000
1.909999 15.000000
1.919999 15.000000
1.929999 15.000000
1.939999 15.000000
1.949998 15.000000
1.959998 15.000000
1.969998 15.000000
1.979998 15.000000
1.989998 15.000000
1.999998 15.000000
2.009999 15.000000
2.019999 15.000000
2.029999 15.000000
2.039999 15.000000
2.049999 15.000000
2.059999 15.000000
2.069999 15.000000
2.079998 15.000000
2.089998 15.000000
2.099998 15.000000
2.109998 15.000000
2.119998 15.000000
2.129998 15.000000
2.139998 15.000000
2.149998 15.000000
2.159998 15.000000
2.169998 15.000000
2.179998 15.000000
2.189998 15.000000
2.199998 15.000000
2.209998 15.000000
2.219998 15.000000
2.229998 15.000000
2.239998 15.000000
2.249998 15.000000
2.259998 15.000000
2.269998 15.000000
2.279998 15.000000
2.289998 15.000000
2.299998 15.000000
2.309998 15.000000
2.319998 15.000000
2.329998 15.000000
2.339998 15.000000
2.349998 15.000000
2.359998 15.000000
2.369998 15.000000
2.379998 15.000000
2.389998 15.000000
2.399998 15.000000
2.409998 15.000000
2.419998 15.000000
2.429998 15.000000
2.439998 15.000000
2.449998 15.000000
2.459998 15.000000
2.469998 15.000000
2.479998 15.000000
2.489998 15.000000
2.499998 15.000000
2.509998 15.000000
2.519998 15.000000
2.529998 15.000000
2.539998 15.000000
2.549998 15.000000
2.559998 15.000000
2.569998 15.000000
2.579998 15.000000
2.589998 15.000000
2.599998 15.000000
2.609998 15.000000
2.619998 15.000000
2.629998 15.000000
2.639998 15.000000
2.649998 15.000000
2.659998 15.000000
2.669998 15.000000
2.679998 15.000000
2.689998 15.000000
2.699998 15.000000
2.709998 15.000000
2.719998 15.000000
2.729998 15.000000
2.739998 15.000000
2.749998 15.000000
2.759998 15.000000
2.769998 15.000000
2.779998 15.000000
2.789998 15.000000
2.799998 15.000000
2.809998 15.000000
2.819998 15.000000
2.829998 15.000000
2.839998 15.000000
2.849998 15.000000
2.859998 15.000000
2.869998 15.000000
2.879998 15.000000
2.889998 15.000000
2.899998 15.000000
2.909998 15.000000
2.919998 15.000000
2.929998 15.000000
2.939998 15.000000
2.949998 15.000000
2.959998 15.000000
2.969998 15.000000
2.979998 15.000000
2.989998 15.000000
2.999998 15.000000
3.009998 15.000000
3.019998 15.000000
3.029998 15.000000
3.039998 15.000000
3.049998 15.000000
3.059998 15.000000
3.069998 15.000000
3.079998 15.000000
3.089998 15.000000
3.099998 15.000000
3.109998 15.000000
3.119998 15.000000
3.129997 15.000000
3.139997 15.000000
3.149997 15.000000
3.159997 15.000000
3.169997 15.000000
3.179997 15.000000
3.189997 15.000000
3.199997 15.000000
3.209997 15.000000
3.219997 15.000000
3.229997 15.000000
3.239997 15.000000
3.249997 15.000000
3.259997 15.000000
3.269997 15.000000
3.279997 15.000000
3.289997 15.000000
3.299997 15.000000
3.309997 15.000000
3.319997 15.000000
3.329997 15.000000
3.339997 15.000000
3.349997 15.000000
3.359997 15.000000
3.369997 15.000000
3.379997 15.000000
3.389997 15.000000
3.399997 15.000000
3.409997 15.000000
3.419997 15.000000
3.429997 15.000000
3.439997 15.000000
3.449997 15.000000
3.459997 15.000000
3.469997 15.000000
3.479997 15.000000
3.489997 15.000000
3.499997 15.000000
3.509997 15.000000
3.519997 15.000000
3.529997 15.000000
3.539997 15.000000
3.549997 15.000000
3.559997 15.000000
3.569997 15.000000
3.579997 15.000000
3.589997 15.000000
3.599997 15.000000
3.609997 15.000000
3.619997 15.000000
3.629997 15.000000
3.639997 15.000000
3.649997 15.000000
3.659997 15.000000
3.669997 15.000000
3.679997 15.000000
3.689997 15.000000
3.699997 15.000000
3.709997 15.000000
3.719997 15.000000
3.729997 15.000000
3.739997 15.000000
3.749997 15.000000
3.759997 15.000000
3.769997 15.000000
3.779997 15.000000
3.789997 15.000000
3.799997 15.000000
3.809997 15.000000
3.819997 15.000000
3.829997 15.000000
3.839997 15.000000
3.849997 15.000000
3.859997 15.000000
3.869997 15.000000
3.879997 15.000000
3.889997 15.000000
3.899997 15.000000
3.909997 15.000000
3.919997 15.000000
3.929997 15.000000
3.939997 15.000000
3.949997 15.000000
3.959997 15.000000
3.969997 15.000000
3.979997 15.000000
3.989997 15.000000
3.999997 15.000000
4.009997 15.000000
4.019997 15.000000
4.029997 15.000000
4.039998 15.000000
4.049998 15.000000
4.059998 15.000000
4.069998 15.000000
4.079998 15.000000
4.089999 15.000000
4.099999 15.000000
4.109999 15.000000
4.119999 15.000000
4.130000 15.000000
4.140000 15.000000
4.150000 15.000000
4.160000 15.000000
4.170001 15.000000
4.180001 15.000000
4.190001 15.000000
4.200001 15.000000
4.210001 15.000000
4.220002 15.000000
4.230002 15.000000
4.240002 15.000000
4.250002 15.000000
4.260003 15.000000
4.270003 15.000000
4.280003 15.000000
4.290003 15.000000
4.300004 15.000000
4.310004 15.000000
4.320004 15.000000
4.330004 15.000000
4.340004 15.000000
4.350005 15.000000
4.360005 15.000000
4.370005 15.000000
4.380005 15.000000
4.390006 15.000000
4.400006 15.000000
4.410006 15.000000
4.420006 15.000000
4.430007 15.000000
4.440007 15.000000
4.450007 15.000000
4.460007 15.000000
4.470007 15.000000
4.480008 15.000000
4.490008 15.000000
4.500008 15.000000
4.510008 15.000000
4.520009 15.000000
4.530009 15.000000
4.540009 15.000000
4.550009 15.000000
4.560009 15.000000
4.570010 15.000000
4.580010 15.000000
4.590010 15.000000
4.600010 15.000000
4.610011 15.000000
4.620011 15.000000
4.630011 15.000000
4.640011 15.000000
4.650012 15.000000
4.660012 15.000000
4.670012 15.000000
4.680012 15.000000
4.690012 15.000000
4.700013 15.000000
4.710013 15.000000
4.720013 15.000000
4.730013 15.000000
4.740014 15.000000
4.750014 15.000000
4.760014 15.000000
4.770014 15.000000
4.780015 15.000000
4.790015 15.000000
4.800015 15.000000
4.810015 15.000000
4.820015 15.000000
4.830016 15.000000
4.840016 15.000000
4.850016 15.000000
4.860016 15.000000
4.870017 15.000000
4.880017 15.000000
4.890017 15.000000
4.900017 15.000000
4.910017 15.000000
4.920018 15.000000
4.930018 15.000000
4.940018 15.000000
4.950018 15.000000
4.960019 15.000000
4.970019 15.000000
4.980019 15.000000
4.990019 15.000000
5.000020 15.000000
