Leaving .cshrc
native!rmc      ttyp2   Jul 28 22:00    (tuna.cis.ufl.edu)
native:1% fishrmc;cd simpack
/amd/rock/export/homes12/fishwick/rmc
Fri Jul 28 22:00:23 EDT 1995
native:2% shiptar
Fri Jul 28 22:00:53 EDT 1995
About to build a compressed tar file for SimPack3
Shall we build and compress the tar? [y/n/q] y
 
Make Sim++ headers read-only ...
Make Sim++ source code read-only ...
Move up to parent
Create tar ...
-rw-------  1 rmc       1675337 Jul 28 21:25 SimPack3.tar.Z
Previous version exists.  Overwrite? [y/n/q] y
 
a simpack/spatial/gas/gas1.c 3 blocks
a simpack/spatial/gas/gas2.c 7 blocks
a simpack/spatial/gas/Makefile 1 blocks
a simpack/spatial/gas/README 2 blocks
a simpack/spatial/gas/.gnuplot~ 1 blocks
a simpack/spatial/gas/molecule0 1 blocks
a simpack/spatial/gas/.gnuplot 1 blocks
a simpack/spatial/gas/molecule0.ps 9 blocks
a simpack/spatial/gas/molecule1 1 blocks
a simpack/spatial/gas/molecule1.ps 9 blocks
a simpack/spatial/gas/molecule2 1 blocks
a simpack/spatial/gas/molecule2.ps 9 blocks
a simpack/spatial/gas/molecule3 1 blocks
a simpack/spatial/gas/molecule3.ps 8 blocks
a simpack/func/Make_all 2 blocks
a simpack/func/Make_clean 1 blocks
a simpack/func/queuing/calendar 4 blocks
a simpack/func/queuing/queuing.c 156 blocks
a simpack/func/queuing/queuing.h 7 blocks
a simpack/func/queuing/mytypes.h 3 blocks
a simpack/func/queuing/README 18 blocks
a simpack/func/queuing/merged.c 98 blocks
a simpack/func/queuing/Makefile 1 blocks
a simpack/func/queuing/README.2 10 blocks
a simpack/func/event/doc/simpp.ps 832 blocks
a simpack/func/event/examples/cpudisk/cpudisk0 7 blocks
a simpack/func/event/examples/cpudisk/output.v0u 2 blocks
a simpack/func/event/examples/cpudisk/cpudisk1 7 blocks
a simpack/func/event/examples/cpudisk/makefile 4 blocks
a simpack/func/event/examples/cpudisk/cpudisk2 8 blocks
a simpack/func/event/examples/cpudisk/cpudisk3 12 blocks
a simpack/func/event/examples/cpudisk/cpudisk4 12 blocks
a simpack/func/event/examples/cpudisk/cpudisk5 12 blocks
a simpack/func/event/examples/cpudisk/cpudisk6 15 blocks
a simpack/func/event/examples/cpudisk/readme 11 blocks
a simpack/func/event/examples/cpudisk/output.v1d 2 blocks
a simpack/func/event/examples/cpudisk/makefile.simpack 1 blocks
a simpack/func/event/examples/cpudisk/translat.bat 4 blocks
a simpack/func/event/examples/cpudisk/output.v2d 2 blocks
a simpack/func/event/examples/cpudisk/output.v3d 2 blocks
a simpack/func/event/examples/cpudisk/output.v4d 2 blocks
a simpack/func/event/examples/cpudisk/output.v5d 3 blocks
a simpack/func/event/examples/cpudisk/output.v6d 3 blocks
a simpack/func/event/examples/cpudisk/translat 3 blocks
a simpack/func/event/examples/cpudisk/output.v1u 2 blocks
a simpack/func/event/examples/cpudisk/output.v2u 2 blocks
a simpack/func/event/examples/cpudisk/output.v3u 2 blocks
a simpack/func/event/examples/cpudisk/output.v4u 2 blocks
a simpack/func/event/examples/cpudisk/output.v5u 2 blocks
a simpack/func/event/examples/cpudisk/output.v6u 3 blocks
a simpack/func/event/examples/link.rsp 1 blocks
a simpack/func/event/examples/compile.rsp 1 blocks
a simpack/func/event/examples/block/block1 8 blocks
a simpack/func/event/examples/block/block0 8 blocks
a simpack/func/event/examples/block/output.v1d 2 blocks
a simpack/func/event/examples/block/output.v0u 2 blocks
a simpack/func/event/examples/block/makefile.simpack 1 blocks
a simpack/func/event/examples/block/block2 10 blocks
a simpack/func/event/examples/block/makefile 4 blocks
a simpack/func/event/examples/block/translat 3 blocks
a simpack/func/event/examples/block/readme 15 blocks
a simpack/func/event/examples/block/output.v1u 2 blocks
a simpack/func/event/examples/block/block3 9 blocks
a simpack/func/event/examples/block/block4 9 blocks
a simpack/func/event/examples/block/output.v2u 2 blocks
a simpack/func/event/examples/block/output.v3u 2 blocks
a simpack/func/event/examples/block/output.v4u 3 blocks
a simpack/func/event/examples/block/output.v2d 2 blocks
a simpack/func/event/examples/block/output.v3d 2 blocks
a simpack/func/event/examples/block/output.v4d 3 blocks
a simpack/func/event/examples/block/translat.bat 3 blocks
a simpack/func/event/examples/ssq/makefile 4 blocks
a simpack/func/event/examples/ssq/ssq5 5 blocks
a simpack/func/event/examples/ssq/ssq1 3 blocks
a simpack/func/event/examples/ssq/ssq6 5 blocks
a simpack/func/event/examples/ssq/ssq0 3 blocks
a simpack/func/event/examples/ssq/ssq7 5 blocks
a simpack/func/event/examples/ssq/output.v0u 2 blocks
a simpack/func/event/examples/ssq/output.v1d 2 blocks
a simpack/func/event/examples/ssq/translat 5 blocks
a simpack/func/event/examples/ssq/output.v1u 2 blocks
a simpack/func/event/examples/ssq/ssq2 5 blocks
a simpack/func/event/examples/ssq/ssq12 9 blocks
a simpack/func/event/examples/ssq/ssq3 5 blocks
a simpack/func/event/examples/ssq/ssq4 6 blocks
a simpack/func/event/examples/ssq/ssq8 6 blocks
a simpack/func/event/examples/ssq/output.v2u 102 blocks
a simpack/func/event/examples/ssq/output.v2d 102 blocks
a simpack/func/event/examples/ssq/output.v4u 3 blocks
a simpack/func/event/examples/ssq/output.v4d 3 blocks
a simpack/func/event/examples/ssq/output.v5u 2 blocks
a simpack/func/event/examples/ssq/output.v5d 2 blocks
a simpack/func/event/examples/ssq/output.v6u 2 blocks
a simpack/func/event/examples/ssq/output.v6d 2 blocks
a simpack/func/event/examples/ssq/output.v7u 2 blocks
a simpack/func/event/examples/ssq/output.v7d 2 blocks
a simpack/func/event/examples/ssq/output.v8u 67 blocks
a simpack/func/event/examples/ssq/ssq9 6 blocks
a simpack/func/event/examples/ssq/output.v8d 67 blocks
a simpack/func/event/examples/ssq/ssq10 7 blocks
a simpack/func/event/examples/ssq/ssq11 7 blocks
a simpack/func/event/examples/ssq/output.11u 59 blocks
a simpack/func/event/examples/ssq/output.11d 59 blocks
a simpack/func/event/examples/ssq/readme 21 blocks
a simpack/func/event/examples/ssq/translat.bat 6 blocks
a simpack/func/event/examples/ssq/ssq13 7 blocks
a simpack/func/event/examples/ssq/makefile.simpack 1 blocks
a simpack/func/event/examples/tiktok/readme 11 blocks
a simpack/func/event/examples/tiktok/output.v2d 30 blocks
a simpack/func/event/examples/tiktok/tiktok0 3 blocks
a simpack/func/event/examples/tiktok/makefile.simpack 1 blocks
a simpack/func/event/examples/tiktok/output.v0u 293 blocks
a simpack/func/event/examples/tiktok/output.v3d 30 blocks
a simpack/func/event/examples/tiktok/output.v1d 30 blocks
a simpack/func/event/examples/tiktok/output.v4d 30 blocks
a simpack/func/event/examples/tiktok/tiktok3 4 blocks
a simpack/func/event/examples/tiktok/tiktok2 5 blocks
a simpack/func/event/examples/tiktok/tiktok4 5 blocks
a simpack/func/event/examples/tiktok/tiktok1 3 blocks
a simpack/func/event/examples/tiktok/translat.bat 3 blocks
a simpack/func/event/examples/tiktok/translat 3 blocks
a simpack/func/event/examples/tiktok/makefile 4 blocks
a simpack/func/event/examples/tiktok/output.v1u 30 blocks
a simpack/func/event/examples/tiktok/output.v2u 30 blocks
a simpack/func/event/examples/tiktok/output.v3u 30 blocks
a simpack/func/event/examples/tiktok/output.v4u 30 blocks
a simpack/func/event/examples/network/network0 10 blocks
a simpack/func/event/examples/network/readme 11 blocks
a simpack/func/event/examples/network/net1.dat 1 blocks
a simpack/func/event/examples/network/net2.dat 1 blocks
a simpack/func/event/examples/network/net3.dat 1 blocks
a simpack/func/event/examples/network/net4.dat 1 blocks
a simpack/func/event/examples/network/net5.dat 1 blocks
a simpack/func/event/examples/network/network1 11 blocks
a simpack/func/event/examples/network/output.v1d 5 blocks
a simpack/func/event/examples/network/output.v0u 4 blocks
a simpack/func/event/examples/network/makefile 4 blocks
a simpack/func/event/examples/network/makefile.simpack 1 blocks
a simpack/func/event/examples/network/translat 3 blocks
a simpack/func/event/examples/network/translat.bat 3 blocks
a simpack/func/event/examples/network/output.v1u 5 blocks
a simpack/func/event/examples/qnet/qnet0 10 blocks
a simpack/func/event/examples/qnet/output.v0u 2 blocks
a simpack/func/event/examples/qnet/cpudisk.dat 1 blocks
a simpack/func/event/examples/qnet/q.dat 1 blocks
a simpack/func/event/examples/qnet/readme 13 blocks
a simpack/func/event/examples/qnet/qnet1 12 blocks
a simpack/func/event/examples/qnet/translat 3 blocks
a simpack/func/event/examples/qnet/makefile 4 blocks
a simpack/func/event/examples/qnet/makefile.simpack 1 blocks
a simpack/func/event/examples/qnet/translat.bat 3 blocks
a simpack/func/event/examples/qnet/output.v1u 2 blocks
a simpack/func/event/examples/qnet/output.v1d 2 blocks
a simpack/func/event/examples/route/makefile.simpack 1 blocks
a simpack/func/event/examples/route/d1e 1 blocks
a simpack/func/event/examples/route/d1u 1 blocks
a simpack/func/event/examples/route/d2a 1 blocks
a simpack/func/event/examples/route/d2e 1 blocks
a simpack/func/event/examples/route/d2u 1 blocks
a simpack/func/event/examples/route/d3e 1 blocks
a simpack/func/event/examples/route/d3l 1 blocks
a simpack/func/event/examples/route/d3u 1 blocks
a simpack/func/event/examples/route/route1 19 blocks
a simpack/func/event/examples/route/route0 18 blocks
a simpack/func/event/examples/route/readme 21 blocks
a simpack/func/event/examples/route/output.v0u 4 blocks
a simpack/func/event/examples/route/translat 3 blocks
a simpack/func/event/examples/route/makefile 4 blocks
a simpack/func/event/examples/route/output.v1u 5 blocks
a simpack/func/event/examples/route/output.v1d 5 blocks
a simpack/func/event/examples/route/translat.bat 3 blocks
a simpack/func/event/examples/logic/makefile 4 blocks
a simpack/func/event/examples/logic/readme 8 blocks
a simpack/func/event/examples/logic/andor.dat 1 blocks
a simpack/func/event/examples/logic/andor.out 1 blocks
a simpack/func/event/examples/logic/inv.dat 1 blocks
a simpack/func/event/examples/logic/inv.out 1 blocks
a simpack/func/event/examples/logic/logic1 8 blocks
a simpack/func/event/examples/logic/logic0 7 blocks
a simpack/func/event/examples/logic/output.v0u 1 blocks
a simpack/func/event/examples/logic/output.v1d 1 blocks
a simpack/func/event/examples/logic/makefile.simpack 1 blocks
a simpack/func/event/examples/logic/translat 3 blocks
a simpack/func/event/examples/logic/output.v1u 1 blocks
a simpack/func/event/examples/logic/translat.bat 3 blocks
a simpack/func/event/examples/iterate/iterate2 7 blocks
a simpack/func/event/examples/iterate/iterate1 5 blocks
a simpack/func/event/examples/iterate/readme 6 blocks
a simpack/func/event/examples/iterate/translat.bat 2 blocks
a simpack/func/event/examples/iterate/translat 2 blocks
a simpack/func/event/examples/iterate/makefile 4 blocks
a simpack/func/event/examples/iterate/output.v1u 19 blocks
a simpack/func/event/examples/iterate/output.v2u 21 blocks
a simpack/func/event/examples/translat 3 blocks
a simpack/func/event/examples/airport/translat 2 blocks
a simpack/func/event/examples/airport/makefile 4 blocks
a simpack/func/event/examples/airport/airport1 19 blocks
a simpack/func/event/examples/airport/airport2 21 blocks
a simpack/func/event/examples/airport/out1 54 blocks
a simpack/func/event/examples/airport/airport.C 21 blocks
a simpack/func/event/examples/airport/out2 12 blocks
a simpack/func/event/examples/airport/readme 4 blocks
a simpack/func/event/examples/airport/airport 1136 blocks
a simpack/func/event/include/capi.h 6 blocks
a simpack/func/event/include/facility.h 9 blocks
a simpack/func/event/include/event.h 6 blocks
a simpack/func/event/include/future.h 17 blocks
a simpack/func/event/include/flist.h 2 blocks
a simpack/func/event/include/queuing.h 5 blocks
a simpack/func/event/include/token.h 4 blocks
a simpack/func/event/include/vlist.h 23 blocks
a simpack/func/event/olb/Readme 2 blocks
a simpack/func/event/pkgs/Xsimcode/src/tempdoc/tempdoc.pub 10 blocks
a simpack/func/event/pkgs/Xsimcode/src/tempdoc/tempdoc.sty 1 blocks
a simpack/func/event/pkgs/Xsimcode/src/tempdoc/tempdoc.aux 1 blocks
a simpack/func/event/pkgs/Xsimcode/src/tempdoc/tempdoc.dvi 0 blocks
a simpack/func/event/pkgs/Xsimcode/src/tempdoc/tempdoc.dvx 1 blocks
a simpack/func/event/pkgs/Xsimcode/src/tempdoc/tempdoc.chk 66 blocks
a simpack/func/event/pkgs/Xsimcode/src/tempdoc/tempdoc.crash 11 blocks
a simpack/func/event/pkgs/Xsimcode/src/tempdoc2/pubview.cf 1 blocks
a simpack/func/event/pkgs/Xsimcode/src/tempdoc2/tempdoc2.lcl 1 blocks
a simpack/func/event/pkgs/Xsimcode/src/tempdoc2/tempdoc2.pub 18 blocks
a simpack/func/event/pkgs/Xsimcode/src/init.c 35 blocks
a simpack/func/event/pkgs/Xsimcode/src/file.c 30 blocks
a simpack/func/event/pkgs/Xsimcode/src/fileMenu.c 35 blocks
a simpack/func/event/pkgs/Xsimcode/src/optMenu.c 61 blocks
a simpack/func/event/pkgs/Xsimcode/src/padMenu.c 135 blocks
a simpack/func/event/pkgs/Xsimcode/src/drawMenu.c 39 blocks
a simpack/func/event/pkgs/Xsimcode/src/event.c 20 blocks
a simpack/func/event/pkgs/Xsimcode/src/list.c 13 blocks
a simpack/func/event/pkgs/Xsimcode/src/utility.c 30 blocks
a simpack/func/event/pkgs/Xsimcode/src/blankIcon.h 7 blocks
a simpack/func/event/pkgs/Xsimcode/src/fanInIcon.h 5 blocks
a simpack/func/event/pkgs/Xsimcode/src/genericIcon.h 5 blocks
a simpack/func/event/pkgs/Xsimcode/src/optionIcon.h 5 blocks
a simpack/func/event/pkgs/Xsimcode/src/drawIcon.h 5 blocks
a simpack/func/event/pkgs/Xsimcode/src/fanOutIcon.h 5 blocks
a simpack/func/event/pkgs/Xsimcode/src/goIcon.h 5 blocks
a simpack/func/event/pkgs/Xsimcode/src/sinkIcon.h 5 blocks
a simpack/func/event/pkgs/Xsimcode/src/facilityIcon.h 5 blocks
a simpack/func/event/pkgs/Xsimcode/src/fileIcon.h 5 blocks
a simpack/func/event/pkgs/Xsimcode/src/srcIcon.h 5 blocks
a simpack/func/event/pkgs/Xsimcode/src/go.c 66 blocks
a simpack/func/event/pkgs/Xsimcode/src/Imakefile 4 blocks
a simpack/func/event/pkgs/Xsimcode/src/xmkmf 2 blocks
a simpack/func/event/pkgs/Xsimcode/src/Makefile.noimake 1 blocks
a simpack/func/event/pkgs/Xsimcode/src/modeller.h 18 blocks
a simpack/func/event/pkgs/Xsimcode/src/Makefile 28 blocks
a simpack/func/event/pkgs/Xsimcode/src/Readme 6 blocks
a simpack/func/event/pkgs/Xsimcode/src/model.c 6 blocks
a simpack/func/event/pkgs/Xsimcode/src/model.sim 1 blocks
a simpack/func/event/pkgs/Xsimcode/examples/big_test.c 15 blocks
a simpack/func/event/pkgs/Xsimcode/examples/big_test.sim 3 blocks
a simpack/func/event/pkgs/Xsimcode/examples/combined1.c 7 blocks
a simpack/func/event/pkgs/Xsimcode/examples/combined1.sim 1 blocks
a simpack/func/event/pkgs/Xsimcode/examples/cont1.c 3 blocks
a simpack/func/event/pkgs/Xsimcode/examples/examp1.c 6 blocks
a simpack/func/event/pkgs/Xsimcode/examples/examp1.sim 1 blocks
a simpack/func/event/pkgs/Xsimcode/examples/examp2.c 8 blocks
a simpack/func/event/pkgs/Xsimcode/examples/examp2.sim 2 blocks
a simpack/func/event/pkgs/Xsimcode/examples/examp3.c 13 blocks
a simpack/func/event/pkgs/Xsimcode/examples/examp3.sim 3 blocks
a simpack/func/event/pkgs/Xsimcode/examples/Readme 4 blocks
a simpack/func/event/pkgs/Xsimcode/examples/Makefile 3 blocks
a simpack/func/event/pkgs/Xsimcode/examples/model.c 6 blocks
a simpack/func/event/pkgs/Xsimcode/README 10 blocks
a simpack/func/event/pkgs/minigpss/gpdoc/README.abstract 3 blocks
a simpack/func/event/pkgs/minigpss/gpdoc/README.dtastruct 6 blocks
a simpack/func/event/pkgs/minigpss/gpdoc/README.intdia 5 blocks
a simpack/func/event/pkgs/minigpss/gpdoc/README.intro 5 blocks
a simpack/func/event/pkgs/minigpss/gpdoc/README.progdesc 5 blocks
a simpack/func/event/pkgs/minigpss/gpdoc/README.ref 2 blocks
a simpack/func/event/pkgs/minigpss/gpdoc/README.syntax 16 blocks
a simpack/func/event/pkgs/minigpss/gpdoc/README.sysdia 5 blocks
a simpack/func/event/pkgs/minigpss/gpdoc/README.system 12 blocks
a simpack/func/event/pkgs/minigpss/gpdoc/README.userman 3 blocks
a simpack/func/event/pkgs/minigpss/gpdoc/ls 2 blocks
a simpack/func/event/pkgs/minigpss/gpdoc/minidesc.txt 5 blocks
a simpack/func/event/pkgs/minigpss/gpdoc/barber2.gps 2 blocks
a simpack/func/event/pkgs/minigpss/gpdoc/barber2.g 2 blocks
a simpack/func/event/pkgs/minigpss/gpdoc/docs 50 blocks
a simpack/func/event/pkgs/minigpss/gpfiles/nofac.g 1 blocks
a simpack/func/event/pkgs/minigpss/gpfiles/twice.g 2 blocks
a simpack/func/event/pkgs/minigpss/gpfiles/series.g 2 blocks
a simpack/func/event/pkgs/minigpss/gpfiles/Makefile 1 blocks
a simpack/func/event/pkgs/minigpss/gpfiles/timed.g 2 blocks
a simpack/func/event/pkgs/minigpss/gpfiles/scanners.g 1 blocks
a simpack/func/event/pkgs/minigpss/gpfiles/branching.g 1 blocks
a simpack/func/event/pkgs/minigpss/gpfiles/barbershop.g 2 blocks
a simpack/func/event/pkgs/minigpss/gpfiles/barber2.g 1 blocks
a simpack/func/event/pkgs/minigpss/gpfiles/scanners2.g 1 blocks
a simpack/func/event/pkgs/minigpss/gpfiles/myfig.g 1 blocks
a simpack/func/event/pkgs/minigpss/gpfiles/sample1.out 2 blocks
a simpack/func/event/pkgs/minigpss/gpfiles/sample2.out 2 blocks
a simpack/func/event/pkgs/minigpss/gpfiles/branch.g 1 blocks
a simpack/func/event/pkgs/minigpss/gpfiles/sample3.out 2 blocks
a simpack/func/event/pkgs/minigpss/gpfiles/branch2.g 1 blocks
a simpack/func/event/pkgs/minigpss/gpfiles/branch4.g 1 blocks
a simpack/func/event/pkgs/minigpss/gpfiles/nofac2.g 1 blocks
a simpack/func/event/pkgs/minigpss/gpfiles/sample4.out 2 blocks
a simpack/func/event/pkgs/minigpss/gpfiles/scanners.out 3 blocks
a simpack/func/event/pkgs/minigpss/gpfiles/simgen.c 22 blocks
a simpack/func/event/pkgs/minigpss/gpfiles/sample1.g 1 blocks
a simpack/func/event/pkgs/minigpss/gpfiles/sample2.g 1 blocks
a simpack/func/event/pkgs/minigpss/gpfiles/sample3.g 1 blocks
a simpack/func/event/pkgs/minigpss/gpfiles/sample4.g 1 blocks
a simpack/func/event/pkgs/minigpss/gpsource/error.c 5 blocks
a simpack/func/event/pkgs/minigpss/gpsource/main.c 21 blocks
a simpack/func/event/pkgs/minigpss/gpsource/parse.y 34 blocks
a simpack/func/event/pkgs/minigpss/gpsource/token.l 6 blocks
a simpack/func/event/pkgs/minigpss/gpsource/lex.yy.c 42 blocks
a simpack/func/event/pkgs/minigpss/gpsource/y.tab.c 96 blocks
a simpack/func/event/pkgs/minigpss/gpsource/Makefile 1 blocks
a simpack/func/event/pkgs/minigpss/gpsource/changes.log 3 blocks
a simpack/func/event/pkgs/minigpss/gpsource/codgen.c 37 blocks
a simpack/func/event/pkgs/minigpss/README 8 blocks
a simpack/func/event/pkgs/minigpss/Makefile 1 blocks
a simpack/func/event/src/capifut.cpp 21 blocks
a simpack/func/event/src/linked.cpp 21 blocks
a simpack/func/event/src/future.cpp 53 blocks
a simpack/func/event/src/facility.cpp 38 blocks
a simpack/func/event/src/capiran.cpp 19 blocks
a simpack/func/event/src/calendar.cpp 39 blocks
a simpack/func/event/src/capifac.cpp 12 blocks
a simpack/func/event/src/estatus.cpp 4 blocks
a simpack/func/event/src/event.cpp 4 blocks
a simpack/func/event/src/token.cpp 12 blocks
a simpack/func/event/src/flist.cpp 4 blocks
a simpack/func/event/src/heap.cpp 13 blocks
a simpack/func/event/src/leftist.cpp 21 blocks
a simpack/func/event/src/service.cpp 8 blocks
a simpack/func/event/src/util.cpp 4 blocks
a simpack/func/event/src/vlist.cpp 8 blocks
a simpack/func/event/License 6 blocks
a simpack/func/event/Trans1 1 blocks
a simpack/func/event/Translat 2 blocks
a simpack/func/event/K_loc 2 blocks
a simpack/func/event/Make_clean 1 blocks
a simpack/func/event/Ask 2 blocks
a simpack/func/event/Make_all 5 blocks
a simpack/func/event/License.gnu 36 blocks
a simpack/func/slice/Make_clean 2 blocks
a simpack/func/slice/pulse/pulse.c 4 blocks
a simpack/func/slice/pulse/README.PUL 2 blocks
a simpack/func/slice/pulse/Makefile 1 blocks
a simpack/func/slice/pulse/herb.dat 1 blocks
a simpack/func/slice/sdsmt/display1.tcl 7 blocks
a simpack/func/slice/sdsmt/help.tcl 40 blocks
a simpack/func/slice/sdsmt/fly.sdg 2 blocks
a simpack/func/slice/sdsmt/fly.sdg.equ 1 blocks
a simpack/func/slice/sdsmt/fly.sdg.init 1 blocks
a simpack/func/slice/sdsmt/epidemic.sdg 1 blocks
a simpack/func/slice/sdsmt/epidemic.sdg.equ 1 blocks
a simpack/func/slice/sdsmt/epidemic.sdg.init 1 blocks
a simpack/func/slice/sdsmt/coffee.sdg 1 blocks
a simpack/func/slice/sdsmt/coffee.sdg.equ 1 blocks
a simpack/func/slice/sdsmt/coffee.sdg.init 1 blocks
a simpack/func/slice/sdsmt/larvae2.sdg 1 blocks
a simpack/func/slice/sdsmt/larvae2.sdg.equ 1 blocks
a simpack/func/slice/sdsmt/larvae2.sdg.init 1 blocks
a simpack/func/slice/sdsmt/Xdefaults 0 blocks
a simpack/func/slice/sdsmt/pop.sdg 1 blocks
a simpack/func/slice/sdsmt/pop.sdg.equ 1 blocks
a simpack/func/slice/sdsmt/pop.sdg.init 1 blocks
a simpack/func/slice/sdsmt/sdsmt 14 blocks
a simpack/func/slice/sdsmt/README 8 blocks
a simpack/func/slice/sdsmt/bitmaps/grey.5 1 blocks
a simpack/func/slice/sdsmt/bitmaps/grey.25 1 blocks
a simpack/func/slice/sdsmt/bitmaps/grey.10 1 blocks
a simpack/func/slice/sdsmt/bitmaps/delete.eps 2 blocks
a simpack/func/slice/sdsmt/bitmaps/grey.05 1 blocks
a simpack/func/slice/sdsmt/XBM/aux.xbm 6 blocks
a simpack/func/slice/sdsmt/XBM/celink.xbm 6 blocks
a simpack/func/slice/sdsmt/XBM/const.xbm 6 blocks
a simpack/func/slice/sdsmt/XBM/delete.xbm 6 blocks
a simpack/func/slice/sdsmt/XBM/equ.xbm 6 blocks
a simpack/func/slice/sdsmt/XBM/exec.xbm 6 blocks
a simpack/func/slice/sdsmt/XBM/flow.xbm 6 blocks
a simpack/func/slice/sdsmt/XBM/icon.fig 8 blocks
a simpack/func/slice/sdsmt/XBM/level.xbm 6 blocks
a simpack/func/slice/sdsmt/XBM/move.xbm 6 blocks
a simpack/func/slice/sdsmt/XBM/rate.xbm 6 blocks
a simpack/func/slice/sdsmt/XBM/source.xbm 6 blocks
a simpack/func/slice/sdsmt/XBM/undo.xbm 6 blocks
a simpack/func/slice/sdsmt/XBM/edit.xbm 6 blocks
a simpack/func/slice/sdsmt/XBM/rate.bmp 2 blocks
a simpack/func/slice/sdsmt/XBM/const.bmp 2 blocks
a simpack/func/slice/sdsmt/XBM/source.bmp 5 blocks
a simpack/func/slice/sdsmt/XBM/dash.bmp 1 blocks
a simpack/func/slice/sdsmt/XBM/grid0.bmp 2 blocks
a simpack/func/slice/sdsmt/XBM/grid2.bmp 2 blocks
a simpack/func/slice/sdsmt/XBM/grid1.bmp 2 blocks
a simpack/func/slice/sdsmt/XBM/grid.bmp 16 blocks
a simpack/func/slice/sdsmt/XBM/cancel.bmp 3 blocks
a simpack/func/slice/sdsmt/XBM/grid2.xbm 6 blocks
a simpack/func/slice/sdsmt/XBM/grid.fig 3 blocks
a simpack/func/slice/sdsmt/XBM/gridm.xbm 26 blocks
a simpack/func/slice/sdsmt/XBM/grid1.xbm 6 blocks
a simpack/func/slice/sdsmt/XBM/grid0.xbm 6 blocks
a simpack/func/slice/sdsmt/XBM/author.bmp 30 blocks
a simpack/func/slice/sdsmt/tclIndex 10 blocks
a simpack/func/slice/sdsmt/draw.tcl 43 blocks
a simpack/func/slice/sdsmt/set.tcl 10 blocks
a simpack/func/slice/sdsmt/do.tcl 21 blocks
a simpack/func/slice/sdsmt/file.tcl 68 blocks
a simpack/func/slice/sdsmt/equ.tcl 54 blocks
a simpack/func/slice/sdsmt/population.sdg 1 blocks
a simpack/func/slice/sdsmt/population.sdg.equ 1 blocks
a simpack/func/slice/sdsmt/plot.tcl 27 blocks
a simpack/func/slice/sdsmt/buildings.sdg 2 blocks
a simpack/func/slice/sdsmt/Simul.Result 1 blocks
a simpack/func/slice/sdsmt/Simul.Result1 1 blocks
a simpack/func/slice/sdsmt/larve.sdg.equ 1 blocks
a simpack/func/slice/sdsmt/larve.sdg.init 1 blocks
a simpack/func/slice/sdsmt/Simul.Result2 1 blocks
a simpack/func/slice/sdsmt/Simul.Result3 1 blocks
a simpack/func/slice/sdsmt/Simul.Result4 1 blocks
a simpack/func/slice/sdsmt/Simul.Result6 1 blocks
a simpack/func/slice/sdsmt/population.sdg.init 1 blocks
a simpack/func/slice/sdsmt/Simul.Result5 1 blocks
a simpack/func/slice/sdsmt/population1.sdg.equ 1 blocks
a simpack/func/slice/sdsmt/population1.sdg.init 1 blocks
a simpack/func/slice/sdsmt/ANNOUNCE 3 blocks
a simpack/func/slice/sdsmt/DOC.PS 1841 blocks
a simpack/func/slice/sdsmt/news.lists 7 blocks
a simpack/func/slice/block/block.dat 1 blocks
a simpack/func/slice/block/block2.dat 1 blocks
a simpack/func/slice/block/Makefile 1 blocks
a simpack/func/slice/block/README 1 blocks
a simpack/func/slice/block/.gnuplot 1 blocks
a simpack/func/slice/block/.gnuploteps 1 blocks
a simpack/func/slice/block/monorail2.c 5 blocks
a simpack/func/slice/block/monorail1.c 5 blocks
a simpack/func/slice/block/monorail1.dat 1 blocks
a simpack/func/slice/block/monorail2.dat 1 blocks
a simpack/func/slice/block/monorail3.c 5 blocks
a simpack/func/slice/block/monorail3.dat 1 blocks
a simpack/func/slice/block/.block 1 blocks
a simpack/func/slice/block/block.out 184 blocks
a simpack/func/slice/block/.gnuplotps 1 blocks
a simpack/func/slice/block/block.ps 66 blocks
a simpack/func/slice/block/.block2 1 blocks
a simpack/func/slice/block/block2.ps 67 blocks
a simpack/func/slice/block/block2.out 184 blocks
a simpack/func/slice/block/monorail3.out 19 blocks
a simpack/func/slice/block/monorail3.ps 14 blocks
a simpack/func/slice/block/block.c 5 blocks
a simpack/func/slice/Make_all 2 blocks
a simpack/multimodel/combined.c 5 blocks
a simpack/multimodel/Makefile 1 blocks
a simpack/multimodel/README 3 blocks
a simpack/multimodel/bwater.c 12 blocks
a simpack/multimodel/bwater.in 1 blocks
a simpack/multimodel/.gnuplot 1 blocks
a simpack/dec/petri/petri.c 14 blocks
a simpack/dec/petri/README 3 blocks
a simpack/dec/petri/phil.dat 1 blocks
a simpack/dec/petri/Makefile 1 blocks
a simpack/dec/fsa/README 5 blocks
a simpack/dec/fsa/dp.dat 1 blocks
a simpack/dec/fsa/dp2.dat 1 blocks
a simpack/dec/fsa/groc.dat 1 blocks
a simpack/dec/fsa/fsa.c 7 blocks
a simpack/dec/fsa/Makefile 1 blocks
a simpack/dec/warehouse/warehouse.c 5 blocks
a simpack/dec/warehouse/Makefile 1 blocks
a simpack/dec/warehouse/README 1 blocks
a simpack/dec/markov/README 12 blocks
a simpack/dec/markov/flowchart.dat 1 blocks
a simpack/dec/markov/markov.c 8 blocks
a simpack/dec/markov/dpm.dat 1 blocks
a simpack/dec/markov/Makefile 1 blocks
a simpack/dec/Makefile 1 blocks
a simpack/constraint/difference/Makefile 1 blocks
a simpack/constraint/difference/log2.c 2 blocks
a simpack/constraint/difference/bifurc.c 4 blocks
a simpack/constraint/difference/log1a 28 blocks
a simpack/constraint/difference/README 2 blocks
a simpack/constraint/difference/log1b.c 2 blocks
a simpack/constraint/difference/log1a.c 2 blocks
a simpack/constraint/difference/log1b 28 blocks
a simpack/constraint/differential/deq/duff.in 1 blocks
a simpack/constraint/differential/deq/.c 0 blocks
a simpack/constraint/differential/deq/deq.doc 6 blocks
a simpack/constraint/differential/deq/lorenz.in 1 blocks
a simpack/constraint/differential/deq/contsim.c 8 blocks
a simpack/constraint/differential/deq/README 7 blocks
a simpack/constraint/differential/deq/order1.c 29 blocks
a simpack/constraint/differential/deq/deq.1 5 blocks
a simpack/constraint/differential/deq/Makefile 1 blocks
a simpack/constraint/differential/deq/.gnuplot 1 blocks
a simpack/constraint/differential/deq/deq 1 blocks
a simpack/constraint/differential/integrate/README 3 blocks
a simpack/constraint/differential/integrate/conte.c 2 blocks
a simpack/constraint/differential/integrate/contrk.c 3 blocks
a simpack/constraint/differential/integrate/lorenz.c 3 blocks
a simpack/constraint/differential/integrate/silnikov.c 3 blocks
a simpack/constraint/differential/integrate/vibration.c 3 blocks
a simpack/constraint/differential/integrate/.gnuplot 1 blocks
a simpack/constraint/differential/integrate/Makefile 1 blocks
a simpack/constraint/differential/integrate/lotka.c 3 blocks
a simpack/constraint/differential/integrate/silnikov.ps 125 blocks
a simpack/constraint/differential/integrate/predprey1.ps 102 blocks
a simpack/constraint/differential/integrate/predprey2.ps 98 blocks
a simpack/constraint/differential/integrate/predprey3.ps 98 blocks
a simpack/constraint/delaydiff/delaydiff.c 5 blocks
a simpack/constraint/delaydiff/haem.time-20.ps 712 blocks
a simpack/constraint/delaydiff/Makefile 1 blocks
a simpack/constraint/delaydiff/.gnuplot 1 blocks
a simpack/constraint/Makefile 1 blocks
a simpack/constraint/.gnuplot 1 blocks
a simpack/projects/README 11 blocks
a simpack/projects/davinci 13 blocks
a simpack/README 28 blocks
a simpack/shiptar 4 blocks
a simpack/Ask 2 blocks
a simpack/Makefile 2 blocks
a simpack/shipmail.info 2 blocks
a simpack/shipmail 1 blocks
a simpack/COPYRIGHT 1 blocks
a simpack/mailing.list 2 blocks
a simpack/License.gnu 36 blocks
a simpack/BOOK 14 blocks
a simpack/License 6 blocks
a simpack/Make_clean.log 7 blocks
a simpack/Make_all.log 42 blocks
-rw-------  1 rmc       5578752 Jul 28 22:01 SimPack3.tar
Compress tar ...
SimPack3.tar.Z already exists; do you wish to overwrite SimPack3.tar.Z (y or n)? y
SimPack Version 3 compressed tar file has been created.
-rw-------  1 rmc       1687497 Jul 28 22:01 SimPack3.tar.Z
About to copy the compressed tar to the ftp site
Shall we copy the compressed tar of SimPack3 to the ftp site [y/n] ?n
 
/cis/ftp/pub/simdigest/tools/SimPack3* not found
simpack/shiptar is done.
Fri Jul 28 22:01:46 EDT 1995
